[06-12-2015 22:11:05]: [uL]Waflo hat xXMarioXx zum Triadenboss ernannt!
[06-12-2015 22:11:14]: [uL]Waflo hat [uL]Waflo zum Zivilisten gemacht.
[07-12-2015 13:00:44]: [uL]BattlexChamP hat [uL]BattlexChamP zum Banger der Ballas ernannt!
[07-12-2015 16:21:49]: [uL]BattlexChamP hat [uL]BattlexChamP zum Polizeichief ernannt!
[07-12-2015 18:00:59]: [uL]BattlexChamP hat [uL]BattlexChamP zum Banger der Ballas ernannt!
[07-12-2015 18:20:51]: [uL]BattlexChamP hat den Slot 4 von [uL]BattlexChamP zu sich geportet.
[07-12-2015 18:49:33]: [uL]BattlexChamP hat den Slot 4 von [uL]BattlexChamP zu sich geportet.
[07-12-2015 19:21:25]: [uL]BattlexChamP hat Undercover zu sich teleportiert.
[07-12-2015 19:29:07]: [uL]BattlexChamP hat Undercover zum Banger der Ballas ernannt!
[07-12-2015 19:29:14]: [uL]BattlexChamP hat [uL]BattlexChamP zum Sweet der Grove ernannt!
[07-12-2015 19:29:58]: [uL]BattlexChamP hat Undercover zu sich teleportiert.
[07-12-2015 19:30:27]: [uL]BattlexChamP hat Undercover zu sich teleportiert.
[07-12-2015 19:31:18]: [uL]BattlexChamP hat [uL]BattlexChamP zum Revolutionsführer ernannt!
[07-12-2015 21:09:31]: [uL]BattlexChamP hat [uL]BattlexChamP zum Banger der Ballas ernannt!
[07-12-2015 21:16:26]: [uL]wantedd hat sich zu Undercover teleportiert!
[08-12-2015 14:35:41]: [uL]BattlexChamP hat [uL]BattlexChamP zum Triadenboss ernannt!
[08-12-2015 14:35:48]: [uL]BattlexChamP hat [uL]BattlexChamP zum Banger der Ballas ernannt!
[08-12-2015 14:35:54]: [uL]BattlexChamP hat [uL]BattlexChamP zum Chef der Mechaniker ernannt!
[08-12-2015 14:35:58]: [uL]BattlexChamP hat [uL]BattlexChamP zum Chefarzt der Sanitäter ernannt!
[08-12-2015 14:36:03]: [uL]BattlexChamP hat [uL]BattlexChamP zum President der AoD ernannt!
[08-12-2015 14:36:26]: [uL]BattlexChamP hat [uL]BattlexChamP zum Jefa ernannt!
[08-12-2015 14:36:31]: [uL]BattlexChamP hat [uL]BattlexChamP zum FBI-Direktor ernannt!
[08-12-2015 14:43:29]: [uL]BattlexChamP hat den Slot 4 von [uL]BattlexChamP zu sich geportet.
[08-12-2015 14:43:46]: [uL]BattlexChamP hat den Slot 6 von [uL]BattlexChamP zu sich geportet.
[08-12-2015 15:15:42]: [uL]BattlexChamP hat [uL]BattlexChamP zum Banger der Ballas ernannt!
[08-12-2015 15:18:15]: [uL]BattlexChamP hat den Slot 7 von [uL]BattlexChamP zu sich geportet.
[08-12-2015 15:18:44]: [uL]BattlexChamP hat den Slot 2 von [uL]BattlexChamP zu sich geportet.
[08-12-2015 15:19:26]: [uL]BattlexChamP hat den Slot 1 von [uL]BattlexChamP zu sich geportet.
[08-12-2015 15:20:38]: [uL]BattlexChamP hat den Slot 7 von [uL]BattlexChamP zu sich geportet.
[12-12-2015 21:10:09]: [uL]BattlexChamP hat den Slot 4 von [uL]BattlexChamP zu sich geportet.
[12-12-2015 21:47:24]: [uL]BattlexChamP hat den Slot 1 von [uL]BattlexChamP zu sich geportet.
[12-12-2015 21:49:10]: [uL]BattlexChamP hat den Slot 7 von [uL]BattlexChamP zu sich geportet.
[12-12-2015 21:51:20]: [uL]BattlexChamP hat den Slot 2 von [uL]BattlexChamP zu sich geportet.
[12-12-2015 21:51:27]: [uL]BattlexChamP hat den Slot 4 von [uL]BattlexChamP zu sich geportet.
[12-12-2015 21:51:32]: [uL]BattlexChamP hat den Slot 5 von [uL]BattlexChamP zu sich geportet.
[12-12-2015 21:51:42]: [uL]BattlexChamP hat den Slot 6 von [uL]BattlexChamP zu sich geportet.
[13-12-2015 15:15:50]: [uL]BattlexChamP hat [uL]BattlexChamP zum Polizeichief ernannt!
[13-12-2015 17:38:53]: [uL]BattlexChamP hat den Slot 1 von [uL]BattlexChamP zu sich geportet.
[13-12-2015 21:15:43]: [uL]BattlexChamP hat [uL]BattlexChamP zum Banger der Ballas ernannt!
[13-12-2015 21:18:12]: [uL]BattlexChamP hat [uL]BattlexChamP zum Don ernannt!
[13-12-2015 21:19:52]: [uL]BattlexChamP hat Bonus zu sich teleportiert.
[13-12-2015 21:20:34]: [uL]BattlexChamP hat Bonus zum Don ernannt!
[13-12-2015 21:31:60]: [uL]BattlexChamP hat Bonus zu sich teleportiert.
[13-12-2015 21:33:43]: [uL]BattlexChamP hat sich zu Bonus teleportiert!
[13-12-2015 21:38:54]: [uL]BattlexChamP hat Bonus zum Don ernannt!
[13-12-2015 21:41:08]: [uL]BattlexChamP hat Bonus zu sich teleportiert.
[13-12-2015 21:44:31]: [uL]BattlexChamP hat sich zu Bonus teleportiert!
[13-12-2015 21:47:10]: [uL]BattlexChamP hat Bonus zu sich teleportiert.
[13-12-2015 21:47:40]: [uL]BattlexChamP hat Bonus zum Don ernannt!
[13-12-2015 21:48:43]: [uL]BattlexChamP hat [uL]BattlexChamP zum Don ernannt!
[13-12-2015 21:55:02]: [uL]BattlexChamP hat den Slot 7 von [uL]BattlexChamP zu sich geportet.
[13-12-2015 22:07:15]: [uL]BattlexChamP hat Bonus zum Polizeichief ernannt!
[13-12-2015 22:09:06]: [uL]BattlexChamP hat [uL]BattlexChamP zum Revolutionsführer ernannt!
[13-12-2015 22:09:10]: [uL]BattlexChamP hat [uL]BattlexChamP zum Chefredakteur ernannt!
[13-12-2015 22:09:20]: [uL]BattlexChamP hat [uL]BattlexChamP zum FBI-Direktor ernannt!
[13-12-2015 22:11:38]: [uL]BattlexChamP hat [uL]BattlexChamP zu sich teleportiert.
[13-12-2015 22:11:44]: [uL]BattlexChamP hat Bonus zu sich teleportiert.
[13-12-2015 22:11:49]: [uL]BattlexChamP hat Bonus zum Polizeichief ernannt!
[13-12-2015 22:12:04]: [uL]BattlexChamP hat [uL]BattlexChamP zum Chefredakteur ernannt!
[13-12-2015 22:12:08]: [uL]BattlexChamP hat [uL]BattlexChamP zum FBI-Direktor ernannt!
[13-12-2015 22:18:54]: [uL]BattlexChamP hat Bonus zum FBI-Direktor ernannt!
[13-12-2015 22:18:59]: [uL]BattlexChamP hat sich zu Bonus teleportiert!
[13-12-2015 22:19:11]: [uL]BattlexChamP hat sich zu Bonus teleportiert!
[13-12-2015 22:19:18]: [uL]BattlexChamP hat [uL]BattlexChamP zum FBI-Direktor ernannt!
[13-12-2015 22:20:28]: [uL]BattlexChamP hat sich zu Bonus teleportiert!
[13-12-2015 22:30:31]: [uL]BattlexChamP hat sich zu Bonus teleportiert!
[13-12-2015 22:49:10]: [uL]BattlexChamP hat Bonus zu sich teleportiert.
[14-12-2015 17:51:37]: [uL]BattlexChamP hat [uL]BattlexChamP zum FBI-Direktor ernannt!
[14-12-2015 21:34:19]: [uL]BattlexChamP hat [uL]BattlexChamP zum Triadenboss ernannt!
[14-12-2015 23:07:35]: [uL]BattlexChamP hat den Slot 1 von [uL]BattlexChamP zu sich geportet.
[14-12-2015 23:12:20]: [uL]BattlexChamP hat [uL]BattlexChamP zum Zivilisten gemacht.
[14-12-2015 23:13:40]: [uL]BattlexChamP hat sich zum Slot 1 von [uL]BattlexChamP geportet.
[15-12-2015 19:23:42]: Bonus hat Pluz. zu sich teleportiert.
[16-12-2015 22:19:57]: Pluz. hat sich zu Bonus teleportiert!
[16-12-2015 22:23:01]: Pluz. hat sich zu Plusmacher teleportiert!
[16-12-2015 22:23:51]: Pluz. hat Plusmacher zu sich teleportiert.
[16-12-2015 22:24:28]: Pluz. hat Plusmacher zu sich teleportiert.
[17-12-2015 20:37:23]: Pluz. hat TightBanana3 in Aviacity umbenannt.
[17-12-2015 22:21:46]: Pluz. hat Pluz. zum FBI-Direktor ernannt!
[17-12-2015 22:26:38]: Pluz. hat sich zu Pluz. teleportiert!
[17-12-2015 22:26:44]: Pluz. hat sich zum Slot 1 von Pluz. geportet.
[18-12-2015 02:45:53]: Bonus hat Bonus zum Jefa ernannt!
[18-12-2015 02:45:55]: Bonus hat Bonus zum Don ernannt!
[18-12-2015 02:45:57]: Bonus hat Bonus zum Triadenboss ernannt!
[18-12-2015 02:52:46]: Bonus hat Bonus gefreezet!
[18-12-2015 02:56:26]: Bonus hat Bonus gefreezet!
[18-12-2015 02:58:58]: Bonus hat Bonus gefreezet!
[18-12-2015 15:57:33]: Pluz. hat sich zu Bonus teleportiert!
[18-12-2015 15:57:41]: Pluz. hat Pluz. zum Revolutionsführer ernannt!
[18-12-2015 16:00:53]: Bonus hat Pluz. zum Triadenboss ernannt!
[18-12-2015 16:11:29]: Pluz. hat Mr.Werner gekickt! Grund: Beta Phase bitte nicht joinen
[18-12-2015 16:58:24]: Bonus hat Flugzeugfriedhof an Triaden gesettet.
[18-12-2015 16:58:24]: Pluz. hat sich zu Bonus teleportiert!
[18-12-2015 17:07:16]: Bonus hat Flugzeugfriedhof an Los Aztecas gesettet.
[18-12-2015 17:14:03]: Bonus hat Drogenlabor an Ballas gesettet.
[18-12-2015 17:14:09]: Bonus hat Drogenlabor an Grove gesettet.
[18-12-2015 17:25:33]: Bonus hat Pluz. zu sich teleportiert.
[18-12-2015 17:31:52]: Bonus hat Pluz. zu sich teleportiert.
[18-12-2015 17:33:08]: Bonus hat Pluz. zu sich teleportiert.
[18-12-2015 18:13:17]: Pluz. hat sich zu Bonus teleportiert!
[18-12-2015 18:13:37]: Pluz. hat sich zu Bonus teleportiert!
[18-12-2015 18:33:05]: Pluz. hat sich zu Bonus teleportiert!
[18-12-2015 18:55:07]: Pluz. hat sich zu Bonus teleportiert!
[18-12-2015 23:35:21]: Bonus hat Bonus zum Chef der Mechaniker ernannt!
[19-12-2015 00:52:29]: Bonus hat Bonus zum Chef der Mechaniker ernannt!
[19-12-2015 19:14:40]: Bonus hat Bonus geskydived!
[19-12-2015 19:14:47]: Pluz. hat Pluz. geskydived!
[19-12-2015 19:15:07]: Pluz. hat Pluz. geskydived!
[19-12-2015 19:15:09]: Bonus hat Bonus geskydived!
[19-12-2015 19:15:28]: Bonus hat Pluz. zu sich teleportiert.
[19-12-2015 19:42:02]: Bonus hat Bonus zum Triadenboss ernannt!
[19-12-2015 19:44:56]: Pluz. hat Pluz. zum Sweet der Grove ernannt!
[19-12-2015 19:45:04]: Pluz. hat Pluz. zum Banger der Ballas ernannt!
[19-12-2015 19:49:11]: Pluz. hat Pluz. zum Commander ernannt!
[19-12-2015 20:20:50]: Pluz. hat sich zu Bonus teleportiert!
[19-12-2015 20:22:17]: Pluz. hat sich zu Bonus teleportiert!
[19-12-2015 20:28:25]: Bonus hat sich zu Pluz. teleportiert!
[19-12-2015 20:28:34]: Bonus hat Pluz. zu sich teleportiert.
[19-12-2015 20:28:44]: Bonus hat Pluz. zu sich teleportiert.
[19-12-2015 20:28:46]: Bonus hat Pluz. zu sich teleportiert.
[19-12-2015 20:28:48]: Bonus hat Pluz. zu sich teleportiert.
[19-12-2015 20:28:50]: Bonus hat Pluz. zu sich teleportiert.
[19-12-2015 20:28:51]: Bonus hat Pluz. zu sich teleportiert.
[19-12-2015 20:28:51]: Bonus hat Pluz. zu sich teleportiert.
[19-12-2015 20:29:05]: Bonus hat Pluz. zu sich teleportiert.
[19-12-2015 20:30:43]: Pluz. hat sich zu Bonus teleportiert!
[19-12-2015 20:32:15]: Pluz. hat Pluz. zum Chefarzt der Sanitäter ernannt!
[19-12-2015 20:40:45]: Bonus hat Bonus zum Chef der Mechaniker ernannt!
[19-12-2015 20:45:36]: Bonus hat Bonus zum Chef der Mechaniker ernannt!
[19-12-2015 20:48:32]: Bonus hat Bonus zum Chef der Mechaniker ernannt!
[19-12-2015 21:02:36]: Pluz. hat sich zu Bonus teleportiert!
[19-12-2015 21:16:10]: Pluz. hat den Slot 2 von Pluz. zu sich geportet.
[19-12-2015 21:23:57]: Pluz. hat Plusmachers Adminlevel offline auf 3 gesetzt!
[19-12-2015 21:23:57]: Pluz. hat Plusmacher in [uL]Plusmacher umbenannt.
[19-12-2015 21:24:12]: Pluz. hat [uL]Plusmacher in Plusmacher umbenannt.
[19-12-2015 21:25:18]: Pluz. hat sich zu Plusmacher teleportiert!
[19-12-2015 21:27:31]: Pluz. hat Pluz. zum Don ernannt!
[19-12-2015 21:30:12]: Bonus hat Bonus zum Don ernannt!
[19-12-2015 21:30:40]: Plusmacher hat sich zu Pluz. teleportiert!
[19-12-2015 21:30:45]: Pluz. hat sich zu Bonus teleportiert!
[19-12-2015 21:30:48]: Plusmacher hat sich zu Bonus teleportiert!
[19-12-2015 21:32:05]: Bonus hat sich zu Pluz. teleportiert!
[19-12-2015 21:32:09]: Bonus hat sich zu Pluz. teleportiert!
[19-12-2015 21:32:15]: Pluz. hat sich zu Bonus teleportiert!
[19-12-2015 21:32:50]: Plusmacher hat sich zu Bonus teleportiert!
[19-12-2015 21:32:57]: Plusmacher hat sich zu Bonus teleportiert!
[19-12-2015 21:33:09]: Plusmacher hat sich zu Bonus teleportiert!
[19-12-2015 22:01:34]: Plusmacher hat Plusmacher gekickt! Grund: sad
[19-12-2015 22:04:41]: Plusmacher hat Bonus gespectet!
[19-12-2015 22:05:18]: Plusmacher hat Plusmacher gespectet!
[19-12-2015 22:08:46]: Plusmacher hat Bonus gespectet!
[19-12-2015 22:08:49]: Plusmacher hat Plusmacher gespectet!
[19-12-2015 22:12:08]: Plusmacher hat Plusmacher gespectet!
[19-12-2015 22:12:10]: Plusmacher hat Plusmacher gespectet!
[19-12-2015 22:13:19]: Plusmacher hat Plusmacher gespectet!
[19-12-2015 22:13:51]: Pluz. hat Pluz. gespectet!
[19-12-2015 22:14:26]: Plusmacher hat Pluz. zu sich teleportiert.
[19-12-2015 22:14:41]: Plusmacher hat sich zu Pluz. teleportiert!
[19-12-2015 22:14:51]: Plusmacher hat sich zu Bonus teleportiert!
[19-12-2015 22:17:12]: Bonus hat Pluz. gespectet!
[19-12-2015 22:17:13]: Bonus hat Pluz. gespectet!
[19-12-2015 22:18:42]: Plusmacher hat plus gekickt! Grund: asda
[19-12-2015 22:18:55]: Bonus hat Plusmacher gespectet!
[19-12-2015 22:18:55]: Bonus hat Plusmacher gespectet!
[19-12-2015 22:18:58]: Bonus hat Pluz. gespectet!
[19-12-2015 22:19:02]: Bonus hat Pluz. gespectet!
[19-12-2015 22:19:03]: Bonus hat Pluz. gespectet!
[19-12-2015 22:19:15]: Bonus hat Pluz. gespectet!
[19-12-2015 22:19:37]: Bonus hat Pluz. gespectet!
[19-12-2015 22:19:57]: Bonus hat sich zu Pluz. teleportiert!
[19-12-2015 22:30:37]: Bonus hat sich zu Pluz. teleportiert!
[19-12-2015 22:30:45]: Pluz. hat Plusmacher zum Triadenboss ernannt!
[19-12-2015 22:32:54]: Pluz. hat Plusmacher zum Don ernannt!
[19-12-2015 22:33:01]: Bonus hat Pluz. zu sich teleportiert.
[19-12-2015 22:33:24]: Pluz. hat Pluz. zum Commander ernannt!
[19-12-2015 22:37:13]: Bonus hat Bonus zum Polizeichief ernannt!
[19-12-2015 22:37:26]: Bonus hat Plusmacher zum FBI-Direktor ernannt!
[19-12-2015 22:37:30]: Bonus hat Plusmacher zum Commander ernannt!
[19-12-2015 22:37:32]: Bonus hat Plusmacher zum President der AoD ernannt!
[19-12-2015 22:37:36]: Bonus hat Plusmacher zum Chefarzt der Sanitäter ernannt!
[19-12-2015 22:37:43]: Bonus hat Plusmacher zum Zivilisten gemacht.
[19-12-2015 22:37:46]: Bonus hat Plusmacher zum Polizeichief ernannt!
[19-12-2015 22:37:47]: Bonus hat Plusmacher zum Don ernannt!
[19-12-2015 22:37:50]: Bonus hat Plusmacher zum Triadenboss ernannt!
[19-12-2015 22:37:52]: Bonus hat Plusmacher zum Revolutionsführer ernannt!
[19-12-2015 22:37:54]: Bonus hat Plusmacher zum Chefredakteur ernannt!
[19-12-2015 22:37:56]: Bonus hat Plusmacher zum FBI-Direktor ernannt!
[19-12-2015 22:37:58]: Bonus hat Plusmacher zum Jefa ernannt!
[19-12-2015 22:37:60]: Bonus hat Plusmacher zum President der AoD ernannt!
[19-12-2015 22:38:02]: Bonus hat Plusmacher zum Chefarzt der Sanitäter ernannt!
[19-12-2015 22:42:22]: Plusmacher hat sich zu Bonus teleportiert!
[19-12-2015 22:42:44]: Plusmacher hat sich zu Bonus teleportiert!
[19-12-2015 22:42:48]: Plusmacher hat sich zu Pluz. teleportiert!
[19-12-2015 22:47:28]: Bonus hat sich zu Plusmacher teleportiert!
[19-12-2015 22:47:29]: Plusmacher hat Bonus zu sich teleportiert.
[19-12-2015 22:47:40]: Plusmacher hat Pluz. zu sich teleportiert.
[19-12-2015 22:48:38]: Bonus hat Plusmacher gekickt! Grund: 
[19-12-2015 22:50:10]: Plusmacher hat sich zu Bonus teleportiert!
[19-12-2015 22:50:20]: Plusmacher hat sich zu Bonus teleportiert!
[19-12-2015 22:50:25]: Plusmacher hat sich zu Pluz. teleportiert!
[19-12-2015 22:56:01]: Pluz. hat sich zu Bonus teleportiert!
[19-12-2015 22:57:02]: Bonus hat Pluz. zu sich teleportiert.
[19-12-2015 22:57:28]: Bonus hat Pluz. zu sich teleportiert.
[19-12-2015 22:57:29]: Plusmacher hat Bonus zu sich teleportiert.
[19-12-2015 22:57:36]: Plusmacher hat Bonus zu sich teleportiert.
[19-12-2015 22:58:38]: Pluz. hat Pluz. zum Commander ernannt!
[19-12-2015 22:59:23]: Plusmacher hat sich zu Pluz. teleportiert!
[19-12-2015 22:59:30]: Bonus hat sich zu Pluz. teleportiert!
[19-12-2015 23:01:12]: Plusmacher hat sich zu Bonus teleportiert!
[19-12-2015 23:04:02]: Bonus hat sich zu Plusmacher teleportiert!
[19-12-2015 23:04:12]: Plusmacher hat sich zu Bonus teleportiert!
[19-12-2015 23:05:21]: Plusmacher hat Bonus zu sich teleportiert.
[19-12-2015 23:06:53]: Plusmacher hat sich zu Bonus teleportiert!
[19-12-2015 23:07:25]: Plusmacher hat sich zu Bonus teleportiert!
[19-12-2015 23:07:31]: Plusmacher hat sich zu Bonus teleportiert!
[19-12-2015 23:16:15]: Pluz. hat sich zu Bonus teleportiert!
[19-12-2015 23:16:34]: Pluz. hat sich zu Bonus teleportiert!
[19-12-2015 23:16:49]: Pluz. hat sich zu Bonus teleportiert!
[19-12-2015 23:16:57]: Pluz. hat sich zu Bonus teleportiert!
[19-12-2015 23:17:05]: Plusmacher hat sich zu Bonus teleportiert!
[19-12-2015 23:17:08]: Pluz. hat sich zu Bonus teleportiert!
[19-12-2015 23:17:16]: Plusmacher hat sich zu Bonus teleportiert!
[19-12-2015 23:17:26]: Plusmacher hat sich zu Pluz. teleportiert!
[19-12-2015 23:17:37]: Pluz. hat sich zu Bonus teleportiert!
[19-12-2015 23:17:43]: Pluz. hat sich zu Bonus teleportiert!
[19-12-2015 23:18:16]: Pluz. hat sich zu Bonus teleportiert!
[19-12-2015 23:18:23]: Pluz. hat sich zu Bonus teleportiert!
[19-12-2015 23:18:28]: Plusmacher hat Plus gekickt! Grund: 
[19-12-2015 23:18:32]: Plusmacher hat b gekickt! Grund: 
[19-12-2015 23:19:04]: Pluz. hat sich zu Bonus teleportiert!
[19-12-2015 23:19:09]: Pluz. hat sich zu Bonus teleportiert!
[19-12-2015 23:19:10]: Pluz. hat sich zu Bonus teleportiert!
[19-12-2015 23:19:10]: Pluz. hat sich zu Bonus teleportiert!
[19-12-2015 23:19:11]: Pluz. hat sich zu Bonus teleportiert!
[19-12-2015 23:19:11]: Pluz. hat sich zu Bonus teleportiert!
[19-12-2015 23:19:11]: Pluz. hat sich zu Bonus teleportiert!
[19-12-2015 23:19:11]: Pluz. hat sich zu Bonus teleportiert!
[19-12-2015 23:19:12]: Pluz. hat sich zu Bonus teleportiert!
[19-12-2015 23:19:12]: Pluz. hat sich zu Bonus teleportiert!
[19-12-2015 23:19:12]: Pluz. hat sich zu Bonus teleportiert!
[19-12-2015 23:19:12]: Pluz. hat sich zu Bonus teleportiert!
[19-12-2015 23:19:12]: Pluz. hat sich zu Bonus teleportiert!
[19-12-2015 23:19:12]: Pluz. hat sich zu Bonus teleportiert!
[19-12-2015 23:19:13]: Pluz. hat sich zu Bonus teleportiert!
[19-12-2015 23:19:13]: Pluz. hat sich zu Bonus teleportiert!
[19-12-2015 23:19:13]: Pluz. hat sich zu Bonus teleportiert!
[19-12-2015 23:19:13]: Pluz. hat sich zu Bonus teleportiert!
[19-12-2015 23:19:13]: Pluz. hat sich zu Bonus teleportiert!
[19-12-2015 23:19:14]: Pluz. hat sich zu Bonus teleportiert!
[19-12-2015 23:19:14]: Pluz. hat sich zu Bonus teleportiert!
[19-12-2015 23:19:14]: Pluz. hat sich zu Bonus teleportiert!
[19-12-2015 23:19:14]: Pluz. hat sich zu Bonus teleportiert!
[19-12-2015 23:19:14]: Pluz. hat sich zu Bonus teleportiert!
[19-12-2015 23:19:14]: Pluz. hat sich zu Bonus teleportiert!
[19-12-2015 23:19:15]: Pluz. hat sich zu Bonus teleportiert!
[19-12-2015 23:19:15]: Pluz. hat sich zu Bonus teleportiert!
[19-12-2015 23:19:15]: Pluz. hat sich zu Bonus teleportiert!
[19-12-2015 23:19:15]: Pluz. hat sich zu Bonus teleportiert!
[19-12-2015 23:19:15]: Pluz. hat sich zu Bonus teleportiert!
[19-12-2015 23:19:15]: Pluz. hat sich zu Bonus teleportiert!
[19-12-2015 23:19:16]: Pluz. hat sich zu Bonus teleportiert!
[19-12-2015 23:19:16]: Pluz. hat sich zu Bonus teleportiert!
[19-12-2015 23:19:16]: Pluz. hat sich zu Bonus teleportiert!
[19-12-2015 23:19:16]: Pluz. hat sich zu Bonus teleportiert!
[19-12-2015 23:19:16]: Pluz. hat sich zu Bonus teleportiert!
[19-12-2015 23:19:38]: Pluz. hat sich zu Bonus teleportiert!
[19-12-2015 23:19:43]: Pluz. hat sich zu Bonus teleportiert!
[19-12-2015 23:19:51]: Pluz. hat sich zu Bonus teleportiert!
[19-12-2015 23:21:08]: Bonus hat sich zu Pluz. teleportiert!
[19-12-2015 23:23:06]: Bonus hat sich zu Pluz. teleportiert!
[19-12-2015 23:23:10]: Bonus hat sich zu Pluz. teleportiert!
[19-12-2015 23:23:13]: Bonus hat sich zu Pluz. teleportiert!
[19-12-2015 23:23:14]: Bonus hat sich zu Pluz. teleportiert!
[19-12-2015 23:23:24]: Bonus hat sich zu Pluz. teleportiert!
[19-12-2015 23:23:26]: Plusmacher hat sich zu Pluz. teleportiert!
[19-12-2015 23:23:55]: Plusmacher hat sich zu Bonus teleportiert!
[19-12-2015 23:24:57]: Bonus hat sich zu Pluz. teleportiert!
[19-12-2015 23:32:20]: Pluz. hat den Slot 2 von Pluz. zu sich geportet.
[20-12-2015 00:03:08]: Pluz. hat Pluz. zum Banger der Ballas ernannt!
[20-12-2015 00:03:28]: Bonus hat Bonus zum Chef der Mechaniker ernannt!
[20-12-2015 00:03:55]: Pluz. hat sich zu Plusmacher teleportiert!
[20-12-2015 00:08:15]: Bonus hat Bonus zum Sweet der Grove ernannt!
[20-12-2015 00:08:21]: Bonus hat Bonus zum Triadenboss ernannt!
[20-12-2015 00:08:42]: Bonus hat Pluz. zum Sweet der Grove ernannt!
[20-12-2015 00:08:59]: Pluz. hat sich zu Bonus teleportiert!
[20-12-2015 00:11:43]: Pluz. hat Plusmacher zum Don ernannt!
[20-12-2015 00:13:33]: Pluz. hat sich zu Bonus teleportiert!
[20-12-2015 00:13:41]: Pluz. hat sich zu Plusmacher teleportiert!
[20-12-2015 00:16:15]: Pluz. hat sich zu Bonus teleportiert!
[20-12-2015 00:26:13]: Bonus hat Bonus zum Triadenboss ernannt!
[20-12-2015 00:26:15]: Bonus hat Pluz. zum Sweet der Grove ernannt!
[20-12-2015 00:26:34]: Pluz. hat sich zu Bonus teleportiert!
[20-12-2015 01:35:24]: Pluz. hat den Slot 2 von Pluz. zu sich geportet.
[20-12-2015 18:44:45]: Bonus hat Bonus zum Polizeichief ernannt!
[20-12-2015 19:07:45]: Bonus hat Bonus zum Chefredakteur ernannt!
[20-12-2015 19:07:48]: Bonus hat Pluz. zum Chefredakteur ernannt!
[20-12-2015 19:15:59]: Pluz. hat FodexPT gekickt! Grund: Noch Beta
[20-12-2015 19:16:07]: Pluz. hat RedbulTheGamer gekickt! Grund: Noch Beta
[20-12-2015 19:21:21]: Pluz. hat sich zu Bonus teleportiert!
[20-12-2015 19:44:22]: Pluz. hat sich zu Plusmacher teleportiert!
[20-12-2015 19:44:27]: Pluz. hat sich zu Plusmacher teleportiert!
[20-12-2015 19:44:28]: Plusmacher hat Plusmacher zu sich teleportiert.
[20-12-2015 19:51:27]: Pluz. hat den Slot 1 von Pluz. zu sich geportet.
[20-12-2015 19:51:48]: Pluz. hat das Auto von Pluz. FFT gemacht!
[20-12-2015 20:22:12]: Bonus hat die Warns von Pluz. gelöscht.
[20-12-2015 21:37:37]: Pluz. hat sich zu Bonus teleportiert!
[20-12-2015 21:37:43]: Pluz. hat sich zu Plusmacher teleportiert!
[20-12-2015 21:41:56]: Pluz. hat den Slot 1 von Pluz. zu sich geportet.
[20-12-2015 21:42:04]: Pluz. hat den Slot 1 von Pluz. zu sich geportet.
[20-12-2015 21:44:12]: Pluz. hat Pluz. zum Don ernannt!
[20-12-2015 22:59:24]: Plusmacher hat Bonus zu sich teleportiert.
[20-12-2015 23:25:03]: Plusmacher hat Bonus zu sich teleportiert.
[20-12-2015 23:26:52]: Plusmacher hat Bonus zu sich teleportiert.
[20-12-2015 23:52:30]: Bonus hat Bonus zum Triadenboss ernannt!
[20-12-2015 23:52:40]: Bonus hat Bonus zum Don ernannt!
[20-12-2015 23:54:30]: Bonus hat sich zu Plusmacher teleportiert!
[20-12-2015 23:56:43]: Bonus hat Bonus zum Don ernannt!
[20-12-2015 23:59:04]: Bonus hat Bonus zum Don ernannt!
[21-12-2015 00:04:20]: Bonus hat Bonus zum Don ernannt!
[21-12-2015 00:08:05]: Plusmacher hat Bonus zu sich teleportiert.
[21-12-2015 00:17:60]: Bonus hat Plusmacher zum Polizeichief ernannt!
[21-12-2015 00:18:04]: Bonus hat Bonus zum Polizeichief ernannt!
[21-12-2015 10:48:13]: Pluz. hat das Auto von Pluz. FFT gemacht!
[21-12-2015 17:42:26]: Pluz. hat sich zu Bonus teleportiert!
[21-12-2015 17:57:28]: Bonus hat Pluz. gekickt! Grund: 
[21-12-2015 18:03:52]: Bonus hat Plusmacher zum Triadenboss ernannt!
[21-12-2015 18:03:55]: Bonus hat Plusmacher zum Don ernannt!
[21-12-2015 18:03:58]: Bonus hat Plusmacher zum Triadenboss ernannt!
[21-12-2015 18:04:01]: Bonus hat Plusmacher zum Don ernannt!
[21-12-2015 18:04:49]: Bonus hat Bonus zum Jefa ernannt!
[21-12-2015 18:04:54]: Bonus hat Bonus zum Chef der Mechaniker ernannt!
[21-12-2015 18:05:11]: Bonus hat Plusmacher zum Jefa ernannt!
[21-12-2015 18:08:14]: Plusmacher hat Bonus zu sich teleportiert.
[21-12-2015 18:08:17]: Plusmacher hat Plusmacher zu sich teleportiert.
[21-12-2015 18:08:40]: Plusmacher hat Plusmacher zu sich teleportiert.
[21-12-2015 18:08:52]: Plusmacher hat Pluz. zu sich teleportiert.
[21-12-2015 18:09:31]: Plusmacher hat Bonus zu sich teleportiert.
[21-12-2015 20:04:46]: Pluz. hat den Slot 1 von Pluz. zu sich geportet.
[21-12-2015 20:54:36]: Pluz. hat den Slot 1 von Pluz. zu sich geportet.
[21-12-2015 20:54:51]: Pluz. hat den Slot 1 von Pluz. zu sich geportet.
[21-12-2015 22:26:27]: Pluz. hat den Slot 1 von Pluz. zu sich geportet.
[21-12-2015 22:53:29]: Pluz. hat den Slot 1 von Pluz. zu sich geportet.
[21-12-2015 22:55:01]: Bonus hat sich zu Pluz. teleportiert!
[21-12-2015 22:55:03]: Pluz. hat den Slot 1 von Pluz. zu sich geportet.
[21-12-2015 22:56:38]: Pluz. hat sich zu Bonus teleportiert!
[21-12-2015 22:56:49]: Pluz. hat sich zu Bonus teleportiert!
[21-12-2015 23:03:32]: Pluz. hat sich zu Bonus teleportiert!
[21-12-2015 23:05:59]: Bonus hat Pluz. zu sich teleportiert.
[21-12-2015 23:15:23]: Pluz. hat den Slot 1 von Pluz. zu sich geportet.
[21-12-2015 23:17:26]: Pluz. hat den Slot 1 von Pluz. zu sich geportet.
[21-12-2015 23:17:50]: Pluz. hat den Slot 1 von Pluz. zu sich geportet.
[21-12-2015 23:20:35]: Pluz. hat sich zu Bonus teleportiert!
[21-12-2015 23:31:55]: Pluz. hat den Slot 1 von Pluz. zu sich geportet.
[21-12-2015 23:34:26]: Pluz. hat den Slot 1 von Pluz. zu sich geportet.
[21-12-2015 23:59:39]: Pluz. hat sich zu Bonus teleportiert!
[22-12-2015 00:00:04]: Pluz. hat sich zu Bonus teleportiert!
[22-12-2015 00:06:21]: Pluz. hat sich zu Bonus teleportiert!
[22-12-2015 00:11:51]: Pluz. hat den Slot 1 von Pluz. zu sich geportet.
[22-12-2015 00:19:04]: Pluz. hat Pluz. zum Commander ernannt!
[22-12-2015 00:23:60]: Pluz. hat den Slot 1 von Pluz. zu sich geportet.
[22-12-2015 00:26:14]: Pluz. hat Pluz. zum Chefarzt der Sanitäter ernannt!
[22-12-2015 13:12:46]: Plusmacher hat Jostrep gekickt! Grund: Server ist noch nicht online.
[22-12-2015 14:09:44]: Pluz. hat Plusmacher in Nimo umbenannt.
[22-12-2015 14:09:58]: Pluz. hat den Slot 1 von Pluz. zu sich geportet.
[22-12-2015 14:20:60]: Pluz. hat Nimo zum Triadenboss ernannt!
[22-12-2015 16:00:06]: Pluz. hat den Slot 1 von Pluz. zu sich geportet.
[22-12-2015 16:00:14]: Pluz. hat den Slot 1 von Pluz. zu sich geportet.
[22-12-2015 19:17:14]: Pluz. hat den Slot 1 von Pluz. zu sich geportet.
[22-12-2015 19:21:10]: Pluz. hat Pluz. zum Don ernannt!
[27-12-2015 20:01:19]: Bonus hat Bonus zum Polizeichief ernannt!
[27-12-2015 21:19:50]: Bonus hat Bonus zum Commander ernannt!
[27-12-2015 22:53:37]: Bonus hat Bonus zum Polizeichief ernannt!
[27-12-2015 22:53:40]: Bonus hat Bonus zum Commander ernannt!
[27-12-2015 22:54:04]: Bonus hat Nimo zum Polizeichief ernannt!
[27-12-2015 22:58:03]: Bonus hat Nimo zum Commander ernannt!
[27-12-2015 22:58:06]: Bonus hat Bonus zum Commander ernannt!
[27-12-2015 23:35:53]: Bonus hat sich zu Nimo teleportiert!
[27-12-2015 23:43:49]: Bonus hat Nimo zum Polizeichief ernannt!
[27-12-2015 23:43:51]: Bonus hat Nimo zum Commander ernannt!
[27-12-2015 23:44:10]: Bonus hat Bonus zum Polizeichief ernannt!
[27-12-2015 23:44:12]: Bonus hat Bonus zum Commander ernannt!
[27-12-2015 23:47:59]: Bonus hat Nimo zum Commander ernannt!
[27-12-2015 23:48:01]: Bonus hat Bonus zum Commander ernannt!
[27-12-2015 23:51:35]: Bonus hat Bonus zum Commander ernannt!
[27-12-2015 23:52:27]: Bonus hat Bonus zum Commander ernannt!
[27-12-2015 23:53:59]: Bonus hat Bonus zum Commander ernannt!
[27-12-2015 23:55:03]: Bonus hat Bonus zum Commander ernannt!
[27-12-2015 23:55:18]: Bonus hat Nimo zum Commander ernannt!
[27-12-2015 23:58:30]: Bonus hat sich zu Nimo teleportiert!
[28-12-2015 00:01:35]: Bonus hat Nimo zu sich teleportiert.
[28-12-2015 00:01:38]: Bonus hat Bonus zum Commander ernannt!
[28-12-2015 00:01:41]: Bonus hat Nimo zum Commander ernannt!
[28-12-2015 00:03:56]: Bonus hat Bonus zum Triadenboss ernannt!
[28-12-2015 00:04:19]: Bonus hat Nimo zum Zivilisten gemacht.
[28-12-2015 00:04:22]: Bonus hat Nimo zu sich teleportiert.
[28-12-2015 00:06:09]: Bonus hat Nimo zu sich teleportiert.
[28-12-2015 00:10:39]: Bonus hat Bonus zum Don ernannt!
[28-12-2015 00:14:08]: Bonus hat Bonus zum Don ernannt!
[28-12-2015 00:18:12]: Bonus hat Bonus zum Don ernannt!
[28-12-2015 00:19:19]: Bonus hat Bonus zum Don ernannt!
[28-12-2015 00:19:60]: Bonus hat Nimo zum Jefa ernannt!
[28-12-2015 00:20:10]: Bonus hat Bonus zum Zivilisten gemacht.
[28-12-2015 00:21:34]: Bonus hat Nimo zum President der AoD ernannt!
[28-12-2015 00:21:54]: Bonus hat Bonus zum President der AoD ernannt!
[28-12-2015 00:21:59]: Bonus hat Nimo zum Zivilisten gemacht.
[28-12-2015 00:23:11]: Bonus hat Nimo zum Commander ernannt!
[28-12-2015 00:23:13]: Bonus hat Nimo zum Zivilisten gemacht.
[28-12-2015 00:23:16]: Bonus hat Bonus zum Commander ernannt!
[28-12-2015 00:23:21]: Bonus hat Bonus zum President der AoD ernannt!
[28-12-2015 00:25:54]: Bonus hat Bonus zum President der AoD ernannt!
[28-12-2015 00:27:01]: Bonus hat Bonus zum President der AoD ernannt!
[28-12-2015 00:29:48]: Bonus hat Bonus zum President der AoD ernannt!
[28-12-2015 00:30:05]: Bonus hat Bonus zum President der AoD ernannt!
[28-12-2015 00:32:17]: Bonus hat Bonus zum President der AoD ernannt!
[28-12-2015 00:32:46]: Bonus hat Bonus zum Don ernannt!
[28-12-2015 00:32:54]: Bonus hat Bonus zum President der AoD ernannt!
[28-12-2015 00:32:57]: Bonus hat Bonus zum Don ernannt!
[28-12-2015 00:35:16]: Bonus hat Nimo zum President der AoD ernannt!
[28-12-2015 00:37:24]: Bonus hat Nimo zum President der AoD ernannt!
[28-12-2015 00:37:28]: Bonus hat Bonus zum President der AoD ernannt!
[28-12-2015 00:37:35]: Bonus hat Bonuss Rang auf 4 gesetzt!
[28-12-2015 01:14:55]: Bonus hat Bonus zum Polizeichief ernannt!
[28-12-2015 01:57:56]: Bonus hat Bonus zum Chefredakteur ernannt!
[28-12-2015 02:02:21]: Bonus hat Bonus zum Triadenboss ernannt!
[28-12-2015 02:13:17]: Bonus hat Bonus zum Polizeichief ernannt!
[28-12-2015 02:17:24]: Bonus hat Nimo zu sich teleportiert.
[28-12-2015 02:17:30]: Bonus hat Nimo gefreezet!
[28-12-2015 02:26:14]: Bonus hat Bonus zum Commander ernannt!
[28-12-2015 02:26:19]: Bonus hat Bonus zum Polizeichief ernannt!
[28-12-2015 02:28:55]: Bonus hat Nimo zu sich teleportiert.
[28-12-2015 03:12:49]: Bonus hat Nimo gefreezet!
[28-12-2015 03:55:34]: Bonus hat Bonus zum Commander ernannt!
[28-12-2015 16:03:46]: Bonus hat Nimo zu sich teleportiert.
[28-12-2015 17:05:19]: Bonus hat Creek- zum Polizeichief ernannt!
[28-12-2015 17:07:27]: Bonus hat Crazy zum Chefredakteur ernannt!
[28-12-2015 17:07:28]: Bonus hat Crazy zum Polizeichief ernannt!
[28-12-2015 17:07:34]: Bonus hat sich zu Crazy teleportiert!
[28-12-2015 17:07:41]: Bonus hat sich zu Creek- teleportiert!
[28-12-2015 17:08:40]: Bonus hat Bonus zum Polizeichief ernannt!
[28-12-2015 17:21:55]: Bonus hat sich zu Creek- teleportiert!
[28-12-2015 17:22:10]: Bonus hat sich zu Creek- teleportiert!
[28-12-2015 17:25:22]: Bonus hat sich zu Crazy teleportiert!
[28-12-2015 17:42:57]: Bonus hat Crazy zum Don ernannt!
[28-12-2015 17:43:03]: Bonus hat Bonus zum Don ernannt!
[28-12-2015 17:51:24]: Bonus hat sich zu Crazy teleportiert!
[28-12-2015 17:51:31]: Bonus hat sich zu Crazy teleportiert!
[28-12-2015 17:51:32]: Bonus hat sich zu Crazy teleportiert!
[28-12-2015 17:51:32]: Bonus hat sich zu Crazy teleportiert!
[28-12-2015 17:51:33]: Bonus hat sich zu Crazy teleportiert!
[28-12-2015 17:51:33]: Bonus hat sich zu Crazy teleportiert!
[28-12-2015 17:51:34]: Bonus hat sich zu Crazy teleportiert!
[28-12-2015 17:51:34]: Bonus hat sich zu Crazy teleportiert!
[28-12-2015 17:51:35]: Bonus hat sich zu Crazy teleportiert!
[28-12-2015 17:51:35]: Bonus hat sich zu Crazy teleportiert!
[28-12-2015 17:51:35]: Bonus hat sich zu Crazy teleportiert!
[28-12-2015 17:51:36]: Bonus hat sich zu Crazy teleportiert!
[28-12-2015 17:51:37]: Bonus hat sich zu Crazy teleportiert!
[28-12-2015 17:51:37]: Bonus hat sich zu Crazy teleportiert!
[28-12-2015 17:51:38]: Bonus hat sich zu Crazy teleportiert!
[28-12-2015 17:51:38]: Bonus hat sich zu Crazy teleportiert!
[28-12-2015 17:51:42]: Bonus hat Bonus zum Zivilisten gemacht.
[28-12-2015 17:52:13]: Bonus hat Bonus zum Polizeichief ernannt!
[28-12-2015 17:52:21]: Bonus hat Bonus zum Commander ernannt!
[28-12-2015 18:00:59]: Bonus hat sich zu Crazy teleportiert!
[28-12-2015 18:03:58]: Bonus hat sich zu Crazy teleportiert!
[28-12-2015 18:05:08]: Bonus hat sich zu Nasenspray teleportiert!
[28-12-2015 18:29:26]: Bonus hat sich zu Crazy teleportiert!
[28-12-2015 18:30:52]: Bonus hat sich zu Crazy teleportiert!
[28-12-2015 18:30:56]: Bonus hat Bonus zum Commander ernannt!
[28-12-2015 18:41:26]: Bonus hat sich zu Crazy teleportiert!
[28-12-2015 18:41:48]: Bonus hat Bonus zum Commander ernannt!
[28-12-2015 18:47:60]: Bonus hat sich zu Crazy teleportiert!
[28-12-2015 19:04:26]: Bonus hat Bonus zum Chefredakteur ernannt!
[28-12-2015 19:07:38]: Bonus hat sich zu Crazy teleportiert!
[28-12-2015 19:09:22]: Bonus hat sich zu Crazy teleportiert!
[28-12-2015 19:09:25]: Bonus hat sich zu Crazy teleportiert!
[28-12-2015 19:09:26]: Bonus hat sich zu Crazy teleportiert!
[28-12-2015 19:09:26]: Bonus hat sich zu Crazy teleportiert!
[28-12-2015 19:09:27]: Bonus hat sich zu Crazy teleportiert!
[28-12-2015 19:09:27]: Bonus hat sich zu Crazy teleportiert!
[28-12-2015 19:09:28]: Bonus hat sich zu Crazy teleportiert!
[28-12-2015 19:09:28]: Bonus hat sich zu Crazy teleportiert!
[28-12-2015 19:09:28]: Bonus hat sich zu Crazy teleportiert!
[28-12-2015 19:09:29]: Bonus hat sich zu Crazy teleportiert!
[28-12-2015 19:22:29]: Bonus hat Crazy zum Don ernannt!
[28-12-2015 19:22:32]: Bonus hat Bonus zum Don ernannt!
[28-12-2015 19:22:37]: Bonus hat Nasenspray zum Don ernannt!
[28-12-2015 19:29:24]: Bonus hat Crazy zu sich teleportiert.
[28-12-2015 21:00:22]: Bonus hat sich zu Nasenspray teleportiert!
[28-12-2015 21:07:21]: Bonus hat Bonus zum Commander ernannt!
[28-12-2015 21:43:40]: Bonus hat Crazy zum Polizeichief ernannt!
[28-12-2015 21:47:43]: Bonus hat Crazy gekickt! Grund: 
[28-12-2015 21:52:37]: Bonus hat Nimo zu sich teleportiert.
[28-12-2015 22:06:25]: Bonus hat Nasenspray zum Chefarzt der Sanitäter ernannt!
[28-12-2015 22:19:29]: Bonus hat Nimo entbannt.
[28-12-2015 22:19:53]: Bonus hat Crazy zum Chefredakteur ernannt!
[28-12-2015 22:28:39]: Nimo hat Bonus gespectet!
[28-12-2015 22:33:32]: Bonus hat Nasenspray zum Chefarzt der Sanitäter ernannt!
[28-12-2015 22:33:44]: Bonus hat sich zu Nasenspray teleportiert!
[28-12-2015 22:33:44]: Bonus hat sich zu Nasenspray teleportiert!
[28-12-2015 22:33:44]: Bonus hat sich zu Nasenspray teleportiert!
[28-12-2015 22:33:48]: Bonus hat sich zu Nasenspray teleportiert!
[28-12-2015 22:33:48]: Bonus hat sich zu Nasenspray teleportiert!
[28-12-2015 22:33:49]: Bonus hat sich zu Nasenspray teleportiert!
[28-12-2015 22:33:49]: Bonus hat sich zu Nasenspray teleportiert!
[28-12-2015 22:33:50]: Bonus hat sich zu Nasenspray teleportiert!
[28-12-2015 22:33:50]: Bonus hat sich zu Nasenspray teleportiert!
[28-12-2015 22:33:51]: Bonus hat sich zu Nasenspray teleportiert!
[28-12-2015 22:33:58]: Bonus hat Nasenspray zum Chefarzt der Sanitäter ernannt!
[28-12-2015 22:33:59]: Bonus hat sich zu Nasenspray teleportiert!
[28-12-2015 22:33:60]: Bonus hat sich zu Nasenspray teleportiert!
[28-12-2015 22:34:01]: Bonus hat sich zu Nasenspray teleportiert!
[28-12-2015 22:34:02]: Bonus hat sich zu Nasenspray teleportiert!
[28-12-2015 22:34:02]: Bonus hat sich zu Nasenspray teleportiert!
[28-12-2015 22:34:07]: Bonus hat sich zu Nasenspray teleportiert!
[28-12-2015 22:34:08]: Bonus hat sich zu Nasenspray teleportiert!
[28-12-2015 22:34:10]: Bonus hat sich zu Nasenspray teleportiert!
[28-12-2015 22:34:11]: Bonus hat sich zu Nasenspray teleportiert!
[28-12-2015 22:34:11]: Bonus hat sich zu Nasenspray teleportiert!
[28-12-2015 22:34:12]: Bonus hat sich zu Nasenspray teleportiert!
[28-12-2015 22:34:13]: Bonus hat sich zu Nasenspray teleportiert!
[28-12-2015 22:34:14]: Bonus hat sich zu Nasenspray teleportiert!
[28-12-2015 22:34:14]: Bonus hat sich zu Nasenspray teleportiert!
[28-12-2015 22:34:15]: Bonus hat sich zu Nasenspray teleportiert!
[28-12-2015 22:34:15]: Bonus hat sich zu Nasenspray teleportiert!
[28-12-2015 22:36:23]: Nimo hat Bonus zu sich teleportiert.
[28-12-2015 22:38:07]: Bonus hat Crazy zu sich teleportiert.
[28-12-2015 22:38:17]: Bonus hat Nasenspray zu sich teleportiert.
[28-12-2015 22:39:12]: Nimo hat Bonus zu sich teleportiert.
[28-12-2015 22:41:13]: Bonus hat Nasenspray zu sich teleportiert.
[28-12-2015 22:41:19]: Bonus hat Crazy zu sich teleportiert.
[28-12-2015 22:42:17]: Bonus hat Bonus gefreezet!
[28-12-2015 22:42:35]: Bonus hat Nimo gefreezet!
[28-12-2015 22:43:01]: Nimo hat Bonus zu sich teleportiert.
[28-12-2015 22:43:08]: Nimo hat Bonus zu sich teleportiert.
[28-12-2015 22:43:16]: Nimo hat Bonus zu sich teleportiert.
[28-12-2015 22:49:40]: Bonus hat Bonus zum Chef der Mechaniker ernannt!
[28-12-2015 22:49:51]: Bonus hat sich zu Nasenspray teleportiert!
[28-12-2015 22:50:32]: Bonus hat Bonus zum Chefarzt der Sanitäter ernannt!
[28-12-2015 22:58:20]: Bonus hat sich zu Crazy teleportiert!
[28-12-2015 22:58:23]: Nimo hat sich zu Crazy teleportiert!
[28-12-2015 23:00:42]: Bonus hat Bonus zum Polizeichief ernannt!
[29-12-2015 00:07:02]: Bonus hat sich zu Nasenspray teleportiert!
[29-12-2015 00:12:55]: Bonus hat sich zu Nasenspray teleportiert!
[29-12-2015 12:41:59]: Nimo hat den Slot 1 von Final zu sich geportet.
[29-12-2015 12:42:05]: Nimo hat FiNaL zu sich teleportiert.
[29-12-2015 17:12:60]: Bonus hat sich zu Nimo teleportiert!
[29-12-2015 17:35:40]: Bonus hat Bonus zum Triadenboss ernannt!
[29-12-2015 17:51:01]: Bonus hat sich zu Nasenspray teleportiert!
[29-12-2015 21:46:25]: Bonus hat sich zu Nasenspray teleportiert!
[29-12-2015 21:48:41]: Bonus hat sich zu Nasenspray teleportiert!
[29-12-2015 21:48:52]: Bonus hat Nasenspray zu sich teleportiert.
[29-12-2015 21:50:44]: Bonus hat Nasenspray zu sich teleportiert.
[29-12-2015 21:51:13]: Bonus hat sich zu Nasenspray teleportiert!
[29-12-2015 21:52:04]: Bonus hat Nasenspray zu sich teleportiert.
[30-12-2015 01:45:34]: Bonus hat Nimo zum Jefa ernannt!
[30-12-2015 01:45:35]: Bonus hat Nimo zum Don ernannt!
[30-12-2015 01:45:44]: Bonus hat Nimo zu sich teleportiert.
[30-12-2015 01:47:46]: Bonus hat Nimo zum Triadenboss ernannt!
[30-12-2015 01:47:48]: Bonus hat Nimo zum Don ernannt!
[30-12-2015 01:50:29]: Bonus hat Nimo zum Don ernannt!
[30-12-2015 01:51:44]: Bonus hat sich zu Nimo teleportiert!
[30-12-2015 02:01:47]: Bonus hat Nimo zum Triadenboss ernannt!
[30-12-2015 02:01:48]: Bonus hat Nimo zum Don ernannt!
[30-12-2015 02:08:05]: Bonus hat Nimo zum Triadenboss ernannt!
[30-12-2015 02:08:07]: Bonus hat Nimo zum Don ernannt!
[30-12-2015 02:14:35]: Bonus hat Nimo zum Don ernannt!
[30-12-2015 02:14:37]: Bonus hat Nimo zu sich teleportiert.
[30-12-2015 02:20:09]: Bonus hat Nimo zum Don ernannt!
[30-12-2015 03:28:11]: Bonus hat sich zu Nasenspray teleportiert!
[30-12-2015 15:06:01]: Nimo hat FiNaL zu sich teleportiert.
[30-12-2015 15:26:35]: Bonus hat Nimo zum Don ernannt!
[30-12-2015 15:27:01]: Bonus hat sich zu Nimo teleportiert!
[30-12-2015 15:41:15]: Bonus hat Nimo zu sich teleportiert.
[30-12-2015 15:41:18]: Bonus hat Nimo zum Don ernannt!
[30-12-2015 15:42:44]: Bonus hat Nimo zum Don ernannt!
[30-12-2015 15:50:09]: Bonus hat Bonus zum Don ernannt!
[30-12-2015 15:56:33]: Bonus hat Bonus zum Don ernannt!
[30-12-2015 15:56:38]: Bonus hat Bonus zum Triadenboss ernannt!
[30-12-2015 16:05:01]: Bonus hat Bonus zum Don ernannt!
[30-12-2015 16:07:16]: Bonus hat Bonus zum Don ernannt!
[30-12-2015 16:08:06]: Bonus hat Bonus zum Don ernannt!
[30-12-2015 16:09:25]: Bonus hat Bonus zum Don ernannt!
[30-12-2015 16:12:22]: Bonus hat Bonus zum Don ernannt!
[30-12-2015 16:15:20]: Bonus hat Crazys Adminlevel offline auf 1 gesetzt!
[30-12-2015 16:15:24]: Bonus hat Crazys Adminlevel offline auf 3 gesetzt!
[30-12-2015 16:17:13]: Bonus hat Crazys Adminlevel offline auf 3 gesetzt!
[30-12-2015 16:18:33]: Bonus hat Bonus zum Don ernannt!
[30-12-2015 16:19:37]: Crazy hat sich zu Bonus teleportiert!
[30-12-2015 16:20:16]: Crazy hat Bonus gespectet!
[30-12-2015 16:20:36]: Crazy hat sich zu Bonus teleportiert!
[30-12-2015 16:20:43]: Bonus hat Crazy zum Triadenboss ernannt!
[30-12-2015 16:24:48]: Bonus hat Crazy zum Polizeichief ernannt!
[30-12-2015 16:34:28]: Bonus hat Bonus zum Commander ernannt!
[30-12-2015 16:36:15]: Bonus hat Bonus zum Don ernannt!
[30-12-2015 16:37:13]: Bonus hat Bonus zum Zivilisten gemacht.
[30-12-2015 16:38:55]: Bonus hat Bonus zum Commander ernannt!
[30-12-2015 16:39:58]: Bonus hat Bonus zum Triadenboss ernannt!
[30-12-2015 16:58:13]: Bonus hat sich zu Nasenspray teleportiert!
[30-12-2015 16:59:16]: Bonus hat Bonus zum Commander ernannt!
[30-12-2015 16:59:52]: Bonus hat Nasenspray zum Commander ernannt!
[30-12-2015 22:16:44]: Bonus hat Bonus zum Commander ernannt!
[30-12-2015 22:22:60]: Bonus hat Bonus zum Commander ernannt!
[30-12-2015 22:24:35]: Bonus hat Bonus zum Commander ernannt!
[30-12-2015 22:24:53]: Bonus hat Bonus zum Don ernannt!
[30-12-2015 22:25:52]: Bonus hat Bonus zum Commander ernannt!
[30-12-2015 22:27:38]: Bonus hat Bonus zum Triadenboss ernannt!
[30-12-2015 22:34:17]: Bonus hat Bonus zum Polizeichief ernannt!
[30-12-2015 22:34:21]: Bonus hat Bonus zum Commander ernannt!
[30-12-2015 22:35:09]: Bonus hat Bonus zum Triadenboss ernannt!
[30-12-2015 22:38:33]: Bonus hat Bonus zum Commander ernannt!
[30-12-2015 22:41:16]: Bonus hat Bonus zum Commander ernannt!
[30-12-2015 22:41:30]: Bonus hat Bonus zum Triadenboss ernannt!
[30-12-2015 22:46:40]: Bonus hat Bonus zum Commander ernannt!
[30-12-2015 22:58:10]: Bonus hat Bonus zum Commander ernannt!
[30-12-2015 22:58:33]: Bonus hat Bonus zum Don ernannt!
[30-12-2015 23:00:15]: Bonus hat Bonus zum Triadenboss ernannt!
[30-12-2015 23:01:47]: Bonus hat Bonus zum Polizeichief ernannt!
[30-12-2015 23:01:51]: Bonus hat Bonus zum Commander ernannt!
[30-12-2015 23:04:02]: Bonus hat Bonus zum Commander ernannt!
[30-12-2015 23:04:07]: Bonus hat Bonus zum Triadenboss ernannt!
[30-12-2015 23:06:28]: Bonus hat Bonus zum Chefarzt der Sanitäter ernannt!
[30-12-2015 23:20:14]: Bonus hat Nimo zum Triadenboss ernannt!
[30-12-2015 23:21:17]: Bonus hat Nimo zu sich teleportiert.
[30-12-2015 23:21:27]: Bonus hat Bonus zum Triadenboss ernannt!
[30-12-2015 23:22:15]: Bonus hat Bonus zum Commander ernannt!
[30-12-2015 23:23:57]: Bonus hat Bonus zum Commander ernannt!
[30-12-2015 23:24:12]: Bonus hat sich zu Nimo teleportiert!
[30-12-2015 23:24:17]: Bonus hat Nimo zum Triadenboss ernannt!
[30-12-2015 23:24:36]: Bonus hat Bonus zum Triadenboss ernannt!
[30-12-2015 23:26:31]: Bonus hat Bonus zum Commander ernannt!
[30-12-2015 23:26:40]: Nimo hat sich zu Bonus teleportiert!
[30-12-2015 23:26:49]: Bonus hat Bonus zum Triadenboss ernannt!
[30-12-2015 23:26:56]: Bonus hat sich zu Nimo teleportiert!
[30-12-2015 23:27:44]: Bonus hat Bonus zum Commander ernannt!
[30-12-2015 23:29:60]: Bonus hat Bonus zum Don ernannt!
[30-12-2015 23:36:36]: Bonus hat Bonus zum Commander ernannt!
[30-12-2015 23:37:13]: Bonus hat Nimo zu sich teleportiert.
[30-12-2015 23:37:38]: Bonus hat Nimo zu sich teleportiert.
[30-12-2015 23:43:06]: Bonus hat sich zu Nimo teleportiert!
[30-12-2015 23:43:22]: Bonus hat sich zu Nimo teleportiert!
[30-12-2015 23:44:21]: Bonus hat sich zu Nimo teleportiert!
[30-12-2015 23:44:34]: Bonus hat sich zu Nimo teleportiert!
[30-12-2015 23:45:04]: Bonus hat sich zu Nimo teleportiert!
[30-12-2015 23:45:34]: Bonus hat Bonus zum Triadenboss ernannt!
[30-12-2015 23:46:26]: Bonus hat Nimo zu sich teleportiert.
[30-12-2015 23:48:46]: Bonus hat sich zu Nimo teleportiert!
[30-12-2015 23:49:07]: Bonus hat Bonus zum Triadenboss ernannt!
[30-12-2015 23:51:54]: Bonus hat Bonus zum Commander ernannt!
[30-12-2015 23:52:13]: Bonus hat Nimo zum Commander ernannt!
[30-12-2015 23:52:52]: Bonus hat Nimo zu sich teleportiert.
[30-12-2015 23:53:03]: Bonus hat Nimo zu sich teleportiert.
[30-12-2015 23:53:47]: Bonus hat Nimo zu sich teleportiert.
[30-12-2015 23:53:50]: Bonus hat Nimo zum Commander ernannt!
[30-12-2015 23:53:57]: Bonus hat Nimo zu sich teleportiert.
[30-12-2015 23:54:07]: Bonus hat Nimo zu sich teleportiert.
[30-12-2015 23:54:16]: Bonus hat Nimo zu sich teleportiert.
[30-12-2015 23:54:55]: Bonus hat Nimo zu sich teleportiert.
[30-12-2015 23:54:58]: Bonus hat Nimo zu sich teleportiert.
[30-12-2015 23:55:20]: Bonus hat Nimo zu sich teleportiert.
[30-12-2015 23:55:28]: Nimo hat sich zu Bonus teleportiert!
[30-12-2015 23:55:33]: Bonus hat Nimo zu sich teleportiert.
[30-12-2015 23:57:43]: Nimo hat sich zu Bonus teleportiert!
[30-12-2015 23:57:50]: Nimo hat sich zu Bonus teleportiert!
[30-12-2015 23:58:02]: Bonus hat sich zu Nimo teleportiert!
[30-12-2015 23:58:03]: Bonus hat sich zu Nimo teleportiert!
[30-12-2015 23:58:04]: Bonus hat sich zu Nimo teleportiert!
[30-12-2015 23:58:05]: Bonus hat sich zu Nimo teleportiert!
[30-12-2015 23:58:05]: Bonus hat sich zu Nimo teleportiert!
[30-12-2015 23:58:06]: Bonus hat sich zu Nimo teleportiert!
[30-12-2015 23:58:06]: Bonus hat sich zu Nimo teleportiert!
[30-12-2015 23:58:07]: Bonus hat sich zu Nimo teleportiert!
[30-12-2015 23:58:07]: Bonus hat sich zu Nimo teleportiert!
[30-12-2015 23:58:07]: Bonus hat sich zu Nimo teleportiert!
[30-12-2015 23:58:08]: Bonus hat sich zu Nimo teleportiert!
[30-12-2015 23:58:08]: Bonus hat sich zu Nimo teleportiert!
[30-12-2015 23:58:08]: Bonus hat sich zu Nimo teleportiert!
[30-12-2015 23:58:09]: Bonus hat sich zu Nimo teleportiert!
[30-12-2015 23:58:09]: Bonus hat sich zu Nimo teleportiert!
[30-12-2015 23:58:09]: Bonus hat sich zu Nimo teleportiert!
[30-12-2015 23:58:10]: Bonus hat sich zu Nimo teleportiert!
[30-12-2015 23:58:10]: Bonus hat sich zu Nimo teleportiert!
[30-12-2015 23:58:10]: Bonus hat sich zu Nimo teleportiert!
[30-12-2015 23:58:11]: Bonus hat sich zu Nimo teleportiert!
[30-12-2015 23:58:11]: Bonus hat sich zu Nimo teleportiert!
[30-12-2015 23:58:11]: Bonus hat sich zu Nimo teleportiert!
[30-12-2015 23:58:12]: Bonus hat sich zu Nimo teleportiert!
[30-12-2015 23:58:12]: Bonus hat sich zu Nimo teleportiert!
[30-12-2015 23:58:12]: Bonus hat sich zu Nimo teleportiert!
[30-12-2015 23:58:13]: Bonus hat sich zu Nimo teleportiert!
[30-12-2015 23:58:13]: Bonus hat sich zu Nimo teleportiert!
[30-12-2015 23:58:13]: Bonus hat sich zu Nimo teleportiert!
[30-12-2015 23:58:14]: Bonus hat sich zu Nimo teleportiert!
[30-12-2015 23:58:14]: Bonus hat sich zu Nimo teleportiert!
[31-12-2015 00:02:05]: Bonus hat sich zu Nimo teleportiert!
[31-12-2015 00:02:26]: Nimo hat sich zu Bonus teleportiert!
[31-12-2015 00:02:30]: Nimo hat sich zu Bonus teleportiert!
[31-12-2015 00:02:35]: Bonus hat Nimo zu sich teleportiert.
[31-12-2015 00:04:44]: Nimo hat Nasenspray zu sich teleportiert.
[31-12-2015 00:06:08]: Bonus hat sich zu Nimo teleportiert!
[31-12-2015 00:06:09]: Bonus hat sich zu Nimo teleportiert!
[31-12-2015 00:07:59]: Bonus hat Nimo zu sich teleportiert.
[31-12-2015 00:08:05]: Bonus hat Nimo zu sich teleportiert.
[31-12-2015 00:08:08]: Bonus hat Nimo zu sich teleportiert.
[31-12-2015 00:08:09]: Bonus hat Nimo zu sich teleportiert.
[31-12-2015 00:08:14]: Bonus hat Nimo zu sich teleportiert.
[31-12-2015 00:08:15]: Bonus hat Nimo zu sich teleportiert.
[31-12-2015 00:08:32]: Bonus hat Nimo zu sich teleportiert.
[31-12-2015 00:15:55]: Bonus hat sich zu Nasenspray teleportiert!
[31-12-2015 13:40:20]: Bonus hat Bonus zum FBI-Direktor ernannt!
[31-12-2015 15:36:35]: Nimo hat sich zu Bonus teleportiert!
[31-12-2015 19:05:52]: Bonus hat Bonus zum Commander ernannt!
[31-12-2015 19:13:40]: Bonus hat Bonus zum Don ernannt!
[31-12-2015 19:23:02]: Bonus hat Bonus zum President der AoD ernannt!
[31-12-2015 19:24:52]: Bonus hat Bonus zum President der AoD ernannt!
[31-12-2015 22:15:53]: Bonus hat Nasenspray zu sich teleportiert.
[31-12-2015 22:16:07]: Bonus hat Bonus zum Commander ernannt!
[31-12-2015 22:17:46]: Bonus hat Bonus zum Polizeichief ernannt!
[31-12-2015 22:25:05]: Bonus hat Nasenspray zu sich teleportiert.
[31-12-2015 22:25:07]: Bonus hat FiNaL zu sich teleportiert.
[31-12-2015 22:31:35]: Bonus hat Nimo zu sich teleportiert.
[31-12-2015 22:33:29]: Nimo hat sich zu Bonus teleportiert!
[31-12-2015 22:33:37]: Nimo hat sich zu Bonus teleportiert!
[31-12-2015 22:34:30]: Bonus hat Bonus zum Commander ernannt!
[31-12-2015 22:36:14]: Nimo hat FiNaL zu sich teleportiert.
[31-12-2015 22:37:12]: Bonus hat Nimo zum Commander ernannt!
[31-12-2015 22:37:14]: Bonus hat Bonus zum Commander ernannt!
[31-12-2015 22:37:17]: Bonus hat FiNaL zum Commander ernannt!
[31-12-2015 22:37:21]: Bonus hat Bonus zum President der AoD ernannt!
[31-12-2015 22:37:22]: Bonus hat FiNaL zum President der AoD ernannt!
[31-12-2015 22:37:25]: Bonus hat Nimo zum President der AoD ernannt!
[31-12-2015 22:37:28]: Bonus hat FiNaL zu sich teleportiert.
[31-12-2015 22:39:12]: Bonus hat sich zu Nimo teleportiert!
[31-12-2015 22:39:15]: Bonus hat Bonus zum President der AoD ernannt!
[31-12-2015 22:40:06]: Bonus hat FiNaL zu sich teleportiert.
[31-12-2015 22:43:42]: Bonus hat sich zu Nimo teleportiert!
[31-12-2015 22:43:56]: Bonus hat Bonus zum Commander ernannt!
[31-12-2015 22:44:01]: Bonus hat Bonus zum President der AoD ernannt!
[31-12-2015 22:47:50]: Bonus hat sich zu Nimo teleportiert!
[31-12-2015 22:47:53]: Bonus hat Bonus zum President der AoD ernannt!
[31-12-2015 22:53:18]: Bonus hat sich zu Nimo teleportiert!
[31-12-2015 22:53:21]: Bonus hat sich zu Nimo teleportiert!
[31-12-2015 22:53:29]: Bonus hat Bonus zum President der AoD ernannt!
[31-12-2015 22:58:04]: Bonus hat sich zu Nimo teleportiert!
[31-12-2015 22:58:09]: Bonus hat Bonus zum President der AoD ernannt!
[31-12-2015 23:01:20]: Bonus hat sich zu Nimo teleportiert!
[31-12-2015 23:01:33]: Bonus hat sich zu Nimo teleportiert!
[31-12-2015 23:01:42]: Bonus hat Bonus zum President der AoD ernannt!
[31-12-2015 23:20:41]: Bonus hat Bonus zum President der AoD ernannt!
[01-01-2016 01:44:41]: Bonus hat sich zu Nasenspray teleportiert!
[01-01-2016 01:47:22]: Bonus hat sich zu Nimo teleportiert!
[01-01-2016 01:47:30]: Bonus hat Nasenspray zu sich teleportiert.
[01-01-2016 01:47:34]: Bonus hat Nasenspray zum President der AoD ernannt!
[01-01-2016 01:50:38]: Bonus hat Nasenspray zum President der AoD ernannt!
[01-01-2016 01:50:41]: Bonus hat Nasenspray zu sich teleportiert.
[01-01-2016 02:03:37]: Nimo hat sich zu Bonus teleportiert!
[01-01-2016 02:04:49]: Bonus hat Nasenspray zu sich teleportiert.
[01-01-2016 02:06:01]: Bonus hat sich zu Nimo teleportiert!
[01-01-2016 16:20:49]: Bonus hat Nimo zu sich teleportiert.
[01-01-2016 16:43:24]: Bonus hat Bonus zum Banger der Ballas ernannt!
[01-01-2016 16:45:01]: Bonus hat Bonus zum President der AoD ernannt!
[01-01-2016 17:55:22]: Bonus hat Nimo gekickt! Grund: 
[01-01-2016 17:55:28]: Bonus hat Nimos Adminlevel offline auf 4 gesetzt!
[01-01-2016 17:55:28]: Bonus hat Nimo in [uL]Nimo umbenannt.
[01-01-2016 17:55:43]: Bonus hat [uL]Nimo in [Utm]Nimo umbenannt.
[01-01-2016 17:59:04]: Bonus hat Crazys Adminlevel offline auf 4 gesetzt!
[01-01-2016 17:59:04]: Bonus hat Crazy in [Utm]Crazy umbenannt.
[01-01-2016 18:04:41]: Bonus hat nimo gekickt! Grund: 
[01-01-2016 18:04:56]: Bonus hat [Utm]Crazys Adminlevel offline auf 3 gesetzt!
[01-01-2016 18:04:60]: Bonus hat Nimos Adminlevel offline auf 4 gesetzt!
[01-01-2016 18:04:60]: Bonus hat Nimo in [Utm]Nimo umbenannt.
[01-01-2016 18:05:07]: Bonus hat Nimos Adminlevel offline auf 4 gesetzt!
[01-01-2016 18:05:10]: Bonus hat Nimos Adminlevel offline auf 4 gesetzt!
[01-01-2016 18:05:18]: Bonus hat [Utm]Nimos Adminlevel offline auf 4 gesetzt!
[01-01-2016 18:05:29]: Bonus hat [Utm]Crazy zum Polizeichief ernannt!
[01-01-2016 18:07:23]: Bonus hat reaL zum Triadenboss ernannt!
[01-01-2016 18:07:45]: Bonus hat Steckl zum Triadenboss ernannt!
[01-01-2016 18:07:55]: Bonus hat [Utm]Nimo zum Don ernannt!
[01-01-2016 18:08:40]: [Utm]Crazy hat Kazujin gespectet!
[01-01-2016 18:09:17]: [Utm]Crazy hat Kazujin zu sich teleportiert.
[01-01-2016 18:14:30]: [Utm]Nimo hat sich zu Final teleportiert!
[01-01-2016 18:33:26]: [Utm]Nimo hat Bonus zu sich teleportiert.
[01-01-2016 18:34:19]: Bonus hat Nasenspray zum Chefarzt der Sanitäter ernannt!
[01-01-2016 18:40:34]: Bonus hat Desquared gekickt! Grund: Scriptrestart
[01-01-2016 18:40:40]: Bonus hat Undercover gekickt! Grund: Scriptrestart
[01-01-2016 18:40:46]: Bonus hat Tyrex gekickt! Grund: Scriptrestart
[01-01-2016 18:41:01]: Bonus hat Martin_025 gekickt! Grund: Scriptrestart
[01-01-2016 18:41:08]: Bonus hat Darco gekickt! Grund: Scriptrestart
[01-01-2016 18:46:34]: [Utm]Crazy hat Kazujin gefreezet!
[01-01-2016 18:51:17]: [Utm]Crazy hat Martin_025 gespectet!
[01-01-2016 18:52:51]: [Utm]Crazy hat sich zu Kazujin teleportiert!
[01-01-2016 18:53:08]: [Utm]Crazy hat Tyrex gespectet!
[01-01-2016 18:55:16]: [Utm]Crazy hat Darco gespectet!
[01-01-2016 18:56:21]: [Utm]Crazy hat Darco gespectet!
[01-01-2016 18:57:21]: [Utm]Crazy hat Darco gespectet!
[01-01-2016 19:05:44]: Bonus hat Creek- zum Polizeichief ernannt!
[01-01-2016 19:08:04]: [Utm]Nimo hat FiNaL zu sich teleportiert.
[01-01-2016 19:13:11]: [Utm]Crazy hat Kazujin zu sich teleportiert.
[01-01-2016 19:14:02]: [Utm]Crazy hat Tyrex zu sich teleportiert.
[01-01-2016 19:14:40]: Bonus hat [Utm]Crazy in [Utm]Jan umbenannt.
[01-01-2016 19:16:20]: [Utm]Jan hat sich zu Kazujin teleportiert!
[01-01-2016 19:16:24]: [Utm]Jan hat YoshiPlayS zu sich teleportiert.
[01-01-2016 19:17:34]: Bonus hat [Utm]Nimo zu sich teleportiert.
[01-01-2016 19:17:38]: [Utm]Jan hat Creek- zu sich teleportiert.
[01-01-2016 19:18:27]: [Utm]Jan hat Martin_025 zu sich teleportiert.
[01-01-2016 19:20:55]: [Utm]Jan hat Tyrex zu sich teleportiert.
[01-01-2016 19:24:25]: Bonus hat FiNaL zu sich teleportiert.
[01-01-2016 19:35:31]: Bonus hat BruceWayne zu sich teleportiert.
[01-01-2016 19:35:38]: Bonus hat Bonus zum Commander ernannt!
[01-01-2016 19:36:01]: Bonus hat Bonus zum Don ernannt!
[01-01-2016 19:39:59]: Bonus hat das Passwort von zOr geändert!
[01-01-2016 19:41:04]: Bonus hat Bonuss Rang auf 0 gesetzt!
[01-01-2016 19:42:59]: Bonus hat Daniel- gespectet!
[01-01-2016 19:45:24]: Bonus hat Daniel- gespectet!
[01-01-2016 19:45:37]: Bonus hat Daniel- gekickt! Grund: Verwarnung Nr.1 - Abuse
[01-01-2016 19:54:15]: Bonus hat sich zu Steckl teleportiert!
[01-01-2016 19:54:25]: Bonus hat sich zu Steckl teleportiert!
[01-01-2016 19:54:30]: Bonus hat Steckl zu sich teleportiert.
[01-01-2016 20:00:45]: Bonus hat Bonuss Rang auf 3 gesetzt!
[01-01-2016 20:00:51]: Bonus hat Bonuss Rang auf 2 gesetzt!
[01-01-2016 20:00:57]: Bonus hat Bonuss Rang auf 1 gesetzt!
[01-01-2016 20:01:02]: Bonus hat Bonuss Rang auf 0 gesetzt!
[01-01-2016 20:01:52]: Bonus hat Bonuss Rang auf 3 gesetzt!
[01-01-2016 20:03:05]: Bonus hat Bonus zum President der AoD ernannt!
[01-01-2016 20:03:10]: Bonus hat Bonus zum Don ernannt!
[01-01-2016 20:03:17]: Bonus hat Bonuss Rang auf 2 gesetzt!
[01-01-2016 20:09:19]: Bonus hat sich zu DreamZ teleportiert!
[01-01-2016 20:09:48]: Bonus hat Bonus zum Triadenboss ernannt!
[01-01-2016 20:27:12]: [Utm]Jan hat Creek- gefreezet!
[01-01-2016 20:27:28]: [Utm]Jan hat YoshiPlayS gefreezet!
[01-01-2016 20:34:09]: Bonus hat Bonus zum Don ernannt!
[01-01-2016 20:34:12]: Bonus hat Bonuss Rang auf 2 gesetzt!
[01-01-2016 20:34:14]: Bonus hat Bonuss Rang auf 4 gesetzt!
[01-01-2016 20:38:20]: [Utm]Nimo hat Quickmop8 gekickt! Grund: SDM ist verboten!
[01-01-2016 20:39:16]: Bonus hat den Slot 1 von Desquared zu sich geportet.
[01-01-2016 20:39:21]: Bonus hat den Slot 1 von Desquared zu sich geportet.
[01-01-2016 20:49:33]: [Utm]Nimo hat FabianHubi gekickt! Grund: SDM ist verboten!
[01-01-2016 20:50:19]: [Utm]Nimo hat Desquared gekickt! Grund: Unnötige AD ist verboten!
[01-01-2016 20:53:02]: Bonus hat Desquared gebannt! (Grund: Qualitätssicherung)
[01-01-2016 20:57:27]: [Utm]Nimo hat Fabianhubi gekickt! Grund: Unnötige AD ist verboten!
[01-01-2016 21:05:04]: Bonus hat sich zu Hanybal teleportiert!
[01-01-2016 21:08:05]: [Utm]Nimo hat sich zu TON teleportiert!
[01-01-2016 21:08:32]: Bonus hat sich zu [Utm]Nimo teleportiert!
[01-01-2016 21:11:11]: Bonus hat sich zu [Utm]Nimo teleportiert!
[01-01-2016 21:12:16]: [Utm]Nimo hat sich zu VIO teleportiert!
[01-01-2016 21:17:40]: Bonus hat Tyrexs Adminlevel offline auf 1 gesetzt!
[01-01-2016 21:22:47]: Bonus hat Bonus zum Polizeichief ernannt!
[01-01-2016 21:22:55]: Bonus hat Bonus zum President der AoD ernannt!
[01-01-2016 21:23:02]: Bonus hat Bonus zum Commander ernannt!
[01-01-2016 21:23:35]: [Utm]Nimo hat Hanybal gekickt! Grund: Bug
[01-01-2016 21:25:57]: Bonus hat Bonus zum Don ernannt!
[01-01-2016 21:26:04]: Bonus hat Bonuss Rang auf 4 gesetzt!
[01-01-2016 22:00:44]: Bonus hat Vod4N gekickt! Grund: Scriptrestart
[01-01-2016 22:01:24]: Bonus hat VIO gekickt! Grund: Scriptrestart
[01-01-2016 22:01:48]: [Utm]Nimo hat Steckl gekickt! Grund: Scriptrestart
[01-01-2016 22:01:55]: Bonus hat real gekickt! Grund: Scriptrestart
[01-01-2016 22:01:58]: [Utm]Nimo hat lalule gekickt! Grund: Scriptrestart
[01-01-2016 22:02:05]: Bonus hat TexasFoldem gekickt! Grund: Scriptrestart
[01-01-2016 22:02:20]: Bonus hat Siloxis gekickt! Grund: Scriptrestart
[01-01-2016 22:02:27]: Bonus hat [utm]Jan gekickt! Grund: Scriptrestart
[01-01-2016 22:02:32]: Bonus hat [utm]Nimo gekickt! Grund: Scriptrestart
[01-01-2016 22:08:06]: Bonus hat [Utm]Nimo zu sich teleportiert.
[01-01-2016 22:16:13]: [Utm]Nimo hat Simple zu sich teleportiert.
[01-01-2016 22:16:50]: Bonus hat TON zu sich teleportiert.
[01-01-2016 22:17:45]: Bonus hat sich zu [Utm]Nimo teleportiert!
[01-01-2016 22:30:59]: [Utm]Jan hat sich zu YoshiPlayS teleportiert!
[01-01-2016 22:32:11]: Bonus hat eine Gangwarvorbereitung der Triaden gestoppt.
[01-01-2016 22:32:47]: Bonus hat Drogenlabor an Triaden gesettet.
[01-01-2016 22:32:60]: [Utm]Jan hat YoshiPlayS gefreezet!
[01-01-2016 22:35:02]: [Utm]Jan hat YoshiPlayS gefreezet!
[01-01-2016 22:35:19]: [Utm]Jan hat YoshiPlayS zu sich teleportiert.
[01-01-2016 22:42:42]: [Utm]Jan hat ReleX gespectet!
[01-01-2016 22:48:39]: [Utm]Nimo hat Easy2Kill zu sich teleportiert.
[01-01-2016 22:50:30]: [Utm]Nimo hat sich zu Simple teleportiert!
[01-01-2016 22:51:12]: [Utm]Nimo hat TON zu sich teleportiert.
[01-01-2016 22:52:28]: [Utm]Jan hat sich zu Creek- teleportiert!
[01-01-2016 22:52:35]: [Utm]Jan hat sich zu Creek- teleportiert!
[01-01-2016 22:52:44]: [Utm]Jan hat sich zu Creek- teleportiert!
[01-01-2016 23:02:57]: [Utm]Jan hat SuRReNdeR gespectet!
[01-01-2016 23:03:20]: [Utm]Jan hat IceTeaBoY gespectet!
[01-01-2016 23:19:59]: [Utm]Jan hat sich zu Creek- teleportiert!
[01-01-2016 23:20:28]: [Utm]Jan hat sich zu Creek- teleportiert!
[01-01-2016 23:30:56]: [Utm]Nimo hat InSide gespectet!
[01-01-2016 23:31:10]: [Utm]Nimo hat reaL gespectet!
[01-01-2016 23:31:50]: [Utm]Nimo hat 199Alex gespectet!
[01-01-2016 23:37:33]: [Utm]Jan hat sich zu ReleX teleportiert!
[01-01-2016 23:44:13]: [Utm]Jan hat SuRReNdeR gespectet!
[02-01-2016 00:22:54]: Bonus hat Bonus zum Don ernannt!
[02-01-2016 00:23:01]: Bonus hat Bonuss Rang auf 2 gesetzt!
[02-01-2016 00:29:32]: Bonus hat Bonuss Rang auf 4 gesetzt!
[02-01-2016 00:30:57]: Bonus hat Serano zu sich teleportiert.
[02-01-2016 00:36:07]: Bonus hat sich zu Serano teleportiert!
[02-01-2016 00:36:24]: Bonus hat sich zu Serano teleportiert!
[02-01-2016 00:36:24]: Bonus hat sich zu Serano teleportiert!
[02-01-2016 00:36:25]: Bonus hat sich zu Serano teleportiert!
[02-01-2016 00:36:26]: Bonus hat sich zu Serano teleportiert!
[02-01-2016 00:38:59]: Bonus hat sich zu Serano teleportiert!
[02-01-2016 00:39:42]: [Utm]Nimo hat sich zu Bonus teleportiert!
[02-01-2016 00:39:50]: Bonus hat 199Alex zu sich teleportiert.
[02-01-2016 00:41:43]: Bonus hat Serano zu sich teleportiert.
[02-01-2016 00:41:49]: Bonus hat [Utm]Nimo zu sich teleportiert.
[02-01-2016 00:41:52]: Bonus hat 199Alex zu sich teleportiert.
[02-01-2016 00:43:33]: [Utm]Nimo hat sich zu Simple teleportiert!
[02-01-2016 00:43:40]: Bonus hat sich zu Simple teleportiert!
[02-01-2016 00:49:14]: Bonus hat eine Gangwarvorbereitung der Triaden gestoppt.
[02-01-2016 01:00:11]: Bonus hat sich zu Siloxis teleportiert!
[02-01-2016 01:00:13]: Bonus hat Termi30 zu sich teleportiert.
[02-01-2016 01:00:35]: Bonus hat sich zu Simple teleportiert!
[02-01-2016 01:09:29]: Bonus hat Bonus zum Polizeichief ernannt!
[02-01-2016 01:09:35]: Bonus hat Bonus zum Don ernannt!
[02-01-2016 01:10:03]: Bonus hat sich zu [Utm]Nimo teleportiert!
[02-01-2016 01:17:15]: Bonus hat Bonuss Rang auf 4 gesetzt!
[02-01-2016 01:25:32]: [Utm]Nimo hat InSide gespectet!
[02-01-2016 01:27:34]: Bonus hat Bonus zum President der AoD ernannt!
[02-01-2016 01:27:58]: Bonus hat Siloxis zum President der AoD ernannt!
[02-01-2016 01:29:17]: Bonus hat IceCube. gekickt! Grund: Frakiwechsel
[02-01-2016 01:29:22]: Bonus hat Dex gekickt! Grund: Frakiwechsel
[02-01-2016 01:30:43]: Bonus hat Dex gekickt! Grund: Frakiwechsel
[02-01-2016 01:32:10]: Bonus hat sich zu Siloxis teleportiert!
[02-01-2016 01:32:18]: Bonus hat Bonus zum President der AoD ernannt!
[02-01-2016 01:34:42]: Bonus hat Siloxis zu sich teleportiert.
[02-01-2016 01:34:47]: Bonus hat InSide zu sich teleportiert.
[02-01-2016 01:35:07]: Bonus hat Bonus zum Don ernannt!
[02-01-2016 01:38:57]: Bonus hat Bonus zum Don ernannt!
[02-01-2016 01:39:21]: Bonus hat sich zu Siloxis teleportiert!
[02-01-2016 01:40:11]: Bonus hat Bonus zum President der AoD ernannt!
[02-01-2016 01:40:24]: [Utm]Nimo hat DarkOwning gespectet!
[02-01-2016 01:40:59]: Bonus hat Bonus zum Don ernannt!
[02-01-2016 01:41:14]: Bonus hat Jizzys an triaden gesettet.
[02-01-2016 01:41:25]: Bonus hat Jizzys an Angels of Death gesettet.
[02-01-2016 01:41:32]: Bonus hat Jizzys an Cosa Nostra gesettet.
[02-01-2016 01:41:38]: Bonus hat Burgershot LS an Angels of Death gesettet.
[02-01-2016 01:41:43]: Bonus hat Drogenlabor an Angels of Death gesettet.
[02-01-2016 01:41:46]: Bonus hat Bayside an Angels of Death gesettet.
[02-01-2016 01:41:52]: Bonus hat Raffinerie an Angels of Death gesettet.
[02-01-2016 01:41:55]: Bonus hat Depot an Angels of Death gesettet.
[02-01-2016 01:41:60]: Bonus hat SF Lagerhalle an Angels of Death gesettet.
[02-01-2016 01:42:02]: Bonus hat Holzfaeller an Angels of Death gesettet.
[02-01-2016 01:42:05]: Bonus hat Friedhof an Angels of Death gesettet.
[02-01-2016 01:42:08]: Bonus hat Pissgebiet an Angels of Death gesettet.
[02-01-2016 01:42:12]: Bonus hat Rock Hotel an Angels of Death gesettet.
[02-01-2016 01:43:48]: Bonus hat Bonuss Rang auf 4 gesetzt!
[02-01-2016 01:43:60]: Bonus hat sich zu [Utm]Nimo teleportiert!
[02-01-2016 01:45:45]: Bonus hat Hushed in Makaveli187 umbenannt.
[02-01-2016 01:46:46]: [Utm]Nimo hat 199Alex gekickt! Grund: 
[02-01-2016 01:46:49]: Bonus hat 199Alex in Alexesh umbenannt.
[02-01-2016 01:49:10]: [Utm]Nimo hat Bonus zu sich teleportiert.
[02-01-2016 01:50:22]: [Utm]Nimo hat Tyrex zu sich teleportiert.
[02-01-2016 01:50:37]: [Utm]Nimo hat Alexesh zu sich teleportiert.
[02-01-2016 02:09:23]: Bonus hat Bonus zum Chefredakteur ernannt!
[02-01-2016 02:13:60]: Bonus hat Bonus zum Don ernannt!
[02-01-2016 02:14:03]: Bonus hat Bonuss Rang auf 0 gesetzt!
[02-01-2016 02:14:07]: Bonus hat sich zu [Utm]Nimo teleportiert!
[02-01-2016 03:09:37]: Bonus hat sich zu Alexesh teleportiert!
[02-01-2016 03:09:39]: Bonus hat sich zu Alexesh teleportiert!
[02-01-2016 03:09:39]: Bonus hat sich zu Alexesh teleportiert!
[02-01-2016 03:09:40]: Bonus hat sich zu Alexesh teleportiert!
[02-01-2016 03:09:41]: Bonus hat sich zu Alexesh teleportiert!
[02-01-2016 03:09:41]: Bonus hat sich zu Alexesh teleportiert!
[02-01-2016 03:09:43]: Bonus hat sich zu Alexesh teleportiert!
[02-01-2016 03:09:44]: Bonus hat sich zu Alexesh teleportiert!
[02-01-2016 03:16:34]: [Utm]Nimo hat sich zu Bonus teleportiert!
[02-01-2016 03:16:51]: Bonus hat die Attackanzahl der Cosa Nostra auf 1 gesetzt.
[02-01-2016 03:27:36]: Bonus hat eine Gangwarvorbereitung der Cosa Nostra gestoppt.
[02-01-2016 03:28:06]: Bonus hat Friedhof an Cosa Nostra gesettet.
[02-01-2016 03:31:07]: Bonus hat die Attackanzahl der Cosa Nostra auf 1 gesetzt.
[02-01-2016 03:36:48]: Bonus hat Siloxiss Rang auf 3 gesetzt!
[02-01-2016 03:36:58]: Bonus hat Siloxiss Rang auf 2 gesetzt!
[02-01-2016 04:12:11]: Bonus hat Siloxis zu sich teleportiert.
[02-01-2016 04:14:25]: Bonus hat Siloxis zu sich teleportiert.
[02-01-2016 04:16:29]: Bonus hat Siloxis zu sich teleportiert.
[02-01-2016 04:17:05]: Bonus hat haitor zu sich teleportiert.
[02-01-2016 04:19:07]: Bonus hat Siloxis zu sich teleportiert.
[02-01-2016 04:21:54]: Bonus hat haitor zu sich teleportiert.
[02-01-2016 04:22:10]: Bonus hat Makaveli187 zu sich teleportiert.
[02-01-2016 04:23:51]: Bonus hat Siloxis zu sich teleportiert.
[02-01-2016 12:03:13]: [Utm]Jan hat Darco gespectet!
[02-01-2016 12:05:23]: [Utm]Jan hat Martin_025 gespectet!
[02-01-2016 12:05:39]: [Utm]Jan hat TON gespectet!
[02-01-2016 12:06:11]: [Utm]Jan hat Nasenspray gespectet!
[02-01-2016 12:06:26]: [Utm]Jan hat sich zu Darco teleportiert!
[02-01-2016 12:16:15]: [Utm]Nimo hat sich zu FiNaL teleportiert!
[02-01-2016 12:16:21]: [Utm]Nimo hat TON zu sich teleportiert.
[02-01-2016 12:17:47]: [Utm]Jan hat Martin_025 gespectet!
[02-01-2016 12:19:01]: [Utm]Jan hat Martin_025 gespectet!
[02-01-2016 12:21:24]: [Utm]Jan hat YoshiPlayS gefreezet!
[02-01-2016 12:22:29]: [Utm]Jan hat Darco gefreezet!
[02-01-2016 12:55:10]: [Utm]Nimo hat Easy2Kill zu sich teleportiert.
[02-01-2016 12:55:16]: [Utm]Nimo hat Undercover zu sich teleportiert.
[02-01-2016 12:55:26]: [Utm]Nimo hat FiNaL zu sich teleportiert.
[02-01-2016 12:55:34]: [Utm]Nimo hat Martin_025 zu sich teleportiert.
[02-01-2016 13:10:55]: [Utm]Nimo hat Change gekickt! Grund: Bug
[02-01-2016 13:32:35]: [Utm]Nimo hat sich zu FiNaL teleportiert!
[02-01-2016 14:01:02]: [Utm]Nimo hat Josh gespectet!
[02-01-2016 14:20:34]: [Utm]Jan hat sich zu YoshiPlayS teleportiert!
[02-01-2016 14:22:49]: [Utm]Nimo hat Serano gekickt! Grund: 
[02-01-2016 14:23:03]: [Utm]Jan hat aKa.SiLenT gekickt! Grund: 
[02-01-2016 14:23:16]: [Utm]Jan hat Fabianhubi gekickt! Grund: 
[02-01-2016 14:23:19]: [Utm]Jan hat sich zu YoshiPlayS teleportiert!
[02-01-2016 14:26:35]: [Utm]Jan hat sich zu YoshiPlayS teleportiert!
[02-01-2016 14:28:22]: [Utm]Jan hat [Utm]Jan gefreezet!
[02-01-2016 14:28:44]: [Utm]Jan hat Darco zu sich teleportiert.
[02-01-2016 14:28:55]: [Utm]Jan hat Darco zu sich teleportiert.
[02-01-2016 14:29:29]: [Utm]Jan hat Darco gefreezet!
[02-01-2016 14:31:09]: [Utm]Jan hat Darco gefreezet!
[02-01-2016 14:33:29]: [Utm]Nimo hat eine Gangwarvorbereitung der Angels of Death gestoppt.
[02-01-2016 14:34:47]: [Utm]Nimo hat Baustelle an Angels of Death gesettet.
[02-01-2016 14:38:49]: [Utm]Jan hat Daniel- zu sich teleportiert.
[02-01-2016 14:39:02]: [Utm]Jan hat Darco zu sich teleportiert.
[02-01-2016 15:04:03]: Bonus hat Inside gekickt! Grund: Scriptrestart
[02-01-2016 15:04:16]: Bonus hat zor gekickt! Grund: scriptrestart
[02-01-2016 15:09:31]: [Utm]Jan hat DarkOwning zu sich teleportiert.
[02-01-2016 15:10:14]: [Utm]Jan hat sich zu Enne2k12 teleportiert!
[02-01-2016 15:10:21]: [Utm]Jan hat sich zu YoshiPlayS teleportiert!
[02-01-2016 15:10:45]: [Utm]Jan hat Darco zu sich teleportiert.
[02-01-2016 15:14:44]: [Utm]Jan hat sich zu YoshiPlayS teleportiert!
[02-01-2016 15:15:44]: [Utm]Jan hat sich zu YoshiPlayS teleportiert!
[02-01-2016 15:17:15]: [Utm]Jan hat sich zu YoshiPlayS teleportiert!
[02-01-2016 15:40:39]: Bonus hat SF Uni an Angels of Death gesettet.
[02-01-2016 16:01:01]: Bonus hat Ghosttown an Cosa Nostra gesettet.
[02-01-2016 16:10:34]: Bonus hat Hanybal zu sich teleportiert.
[02-01-2016 16:17:57]: [Utm]Jan hat Dex gekickt! Grund: Bug
[02-01-2016 16:21:52]: Bonus hat [Utm]Jan gespectet!
[02-01-2016 16:22:51]: Bonus hat [Utm]Jan gespectet!
[02-01-2016 17:04:01]: Bonus hat Easy2Kill zu sich teleportiert.
[02-01-2016 17:04:56]: Bonus hat Easy2Kill gekickt! Grund: Bug - Sry
[02-01-2016 17:17:04]: [Utm]Jan hat sich zu YoshiPlayS teleportiert!
[02-01-2016 17:23:37]: [Utm]Jan hat Tyrex gekickt! Grund: Carsurfing
[02-01-2016 17:25:45]: [Utm]Jan hat Enne2k12 gespectet!
[02-01-2016 17:30:28]: [Utm]Jan hat Bonus gespectet!
[02-01-2016 17:38:53]: Bonus hat sich zu Simple teleportiert!
[02-01-2016 17:39:52]: [Utm]Jan hat TON zu sich teleportiert.
[02-01-2016 17:39:59]: [Utm]Jan hat Ton gekickt! Grund: Offlineflucht
[02-01-2016 17:43:32]: [Utm]Nimo hat Easy2Kill gespectet!
[02-01-2016 18:23:49]: Bonus hat sich zum Slot 1 von erox geportet.
[02-01-2016 18:27:50]: Bonus hat [utm]nimo gekickt! Grund: Scriptrestart
[02-01-2016 18:27:55]: Bonus hat Erox gekickt! Grund: Scriptrestart
[02-01-2016 18:29:26]: Bonus hat Erox zu sich teleportiert.
[02-01-2016 18:31:19]: Bonus hat Bonus zum Chefredakteur ernannt!
[02-01-2016 18:34:14]: [Utm]Nimo hat sich zu Bonus teleportiert!
[02-01-2016 18:34:34]: [Utm]Nimo hat Martin_025 zu sich teleportiert.
[02-01-2016 18:34:42]: [Utm]Nimo hat Alexesh zu sich teleportiert.
[02-01-2016 18:34:55]: [Utm]Nimo hat Alexesh zu sich teleportiert.
[02-01-2016 18:35:12]: [Utm]Nimo hat Martin_025 zu sich teleportiert.
[02-01-2016 18:35:25]: [Utm]Nimo hat Hanybal zu sich teleportiert.
[02-01-2016 18:36:58]: [Utm]Nimo hat 22guney22 zu sich teleportiert.
[02-01-2016 18:37:27]: Bonus hat sich zu [Utm]Nimo teleportiert!
[02-01-2016 18:38:08]: Bonus hat 22guney22 zu sich teleportiert.
[02-01-2016 18:39:01]: Bonus hat 22guney22 zu sich teleportiert.
[02-01-2016 18:39:05]: Bonus hat 22guney22 zu sich teleportiert.
[02-01-2016 18:39:08]: [Utm]Nimo hat 22guney22 zu sich teleportiert.
[02-01-2016 18:40:26]: Bonus hat false zu sich teleportiert.
[02-01-2016 18:41:28]: Bonus hat false gespectet!
[02-01-2016 18:41:40]: Bonus hat Hanybal gespectet!
[02-01-2016 18:42:08]: Bonus hat false gespectet!
[02-01-2016 18:46:22]: Bonus hat false gespectet!
[02-01-2016 18:46:41]: Bonus hat Martin_025 gespectet!
[02-01-2016 18:47:35]: Bonus hat haitor gespectet!
[02-01-2016 18:47:44]: Bonus hat sich zu Simple teleportiert!
[02-01-2016 18:47:49]: Bonus hat Erox gespectet!
[02-01-2016 18:47:53]: Bonus hat Simple gespectet!
[02-01-2016 18:50:43]: Bonus hat sich zu [Utm]Nimo teleportiert!
[02-01-2016 18:51:01]: Bonus hat sich zu Martin_025 teleportiert!
[02-01-2016 18:51:12]: Bonus hat sich zu Martin_025 teleportiert!
[02-01-2016 18:51:27]: Bonus hat sich zu twister01 teleportiert!
[02-01-2016 18:52:60]: Bonus hat Bonus zum Don ernannt!
[02-01-2016 18:56:05]: Bonus hat sich zu Simple teleportiert!
[02-01-2016 19:29:12]: [Utm]Nimo hat Tyrex zu sich teleportiert.
[02-01-2016 19:29:19]: [Utm]Nimo hat Tyrex zu sich teleportiert.
[02-01-2016 20:02:14]: [Utm]Nimo hat JackTheRipper zu sich teleportiert.
[02-01-2016 20:09:04]: [Utm]Jan hat DarkOwning gespectet!
[02-01-2016 20:13:49]: Bonus hat Bonuss Rang auf 4 gesetzt!
[02-01-2016 20:14:53]: [Utm]Jan hat Creek- gespectet!
[02-01-2016 20:21:29]: [Utm]Jan hat Creek- gespectet!
[02-01-2016 20:21:43]: [Utm]Jan hat Creek- zu sich teleportiert.
[02-01-2016 20:21:55]: [Utm]Jan hat YoshiPlayS zu sich teleportiert.
[02-01-2016 20:23:33]: Bonus hat die Attackanzahl der Cosa Nostra auf 0 gesetzt.
[02-01-2016 20:26:60]: [Utm]Jan hat Kazujin zu sich teleportiert.
[02-01-2016 21:10:25]: [Utm]Nimo hat JackTheRipper zu sich teleportiert.
[02-01-2016 21:15:23]: Bonus hat sich zu Siloxis teleportiert!
[02-01-2016 21:16:02]: Bonus hat sich zu [Utm]Nimo teleportiert!
[02-01-2016 21:16:32]: [Utm]Nimo hat sich zu JackTheRipper teleportiert!
[02-01-2016 21:16:59]: [Utm]Nimo hat den Slot 1 von JackTheRipper zu sich geportet.
[02-01-2016 21:17:05]: Bonus hat die Attackanzahl der Cosa Nostra auf 1 gesetzt.
[02-01-2016 21:17:18]: [Utm]Nimo hat den Slot 1 von JackTheRipper zu sich geportet.
[02-01-2016 21:19:01]: [Utm]Nimo hat den Slot 1 von JackTheRipper zu sich geportet.
[02-01-2016 21:28:39]: [Utm]Jan hat YoshiPlayS gefreezet!
[02-01-2016 21:28:42]: [Utm]Jan hat YoshiPlayS zu sich teleportiert.
[02-01-2016 21:30:08]: [Utm]Jan hat Creek- zu sich teleportiert.
[02-01-2016 21:31:23]: [Utm]Jan hat sich zu Creek- teleportiert!
[02-01-2016 21:32:18]: [Utm]Jan hat YoshiPlayS gefreezet!
[02-01-2016 21:32:22]: [Utm]Jan hat YoshiPlayS zu sich teleportiert.
[02-01-2016 21:32:44]: [Utm]Jan hat Creek- zu sich teleportiert.
[02-01-2016 21:33:10]: [Utm]Jan hat Creek- gefreezet!
[02-01-2016 21:35:16]: [Utm]Jan hat Nasenspray gespectet!
[02-01-2016 21:40:33]: [Utm]Jan hat Nasenspray gespectet!
[02-01-2016 21:42:60]: [Utm]Jan hat Nasenspray gespectet!
[02-01-2016 21:47:34]: [Utm]Jan hat sich zu Kazujin teleportiert!
[02-01-2016 21:48:09]: [Utm]Jan hat IceTeaBoY gespectet!
[02-01-2016 21:50:26]: [Utm]Jan hat Kazujin gespectet!
[02-01-2016 21:50:54]: [Utm]Jan hat Kazujin zu sich teleportiert.
[02-01-2016 21:51:12]: [Utm]Jan hat Kazujin zu sich teleportiert.
[02-01-2016 21:56:25]: Bonus hat die Attackanzahl der Cosa Nostra auf 1 gesetzt.
[02-01-2016 22:05:58]: Bonus hat DarkOwning zum Chefredakteur ernannt!
[02-01-2016 22:07:05]: Bonus hat Enne2k12 zum Chefredakteur ernannt!
[02-01-2016 22:07:30]: [Utm]Jan hat Siloxis gespectet!
