
[07-12-2015 16:23:11]: Geldtruck - [uL]BattlexChamP - SFPD
[18-12-2015 16:13:05]: Matstruck - Pluz. - Triaden
[27-12-2015 20:01:53]: Geldtruck - Bonus - SFPD
[28-12-2015 17:26:18]: Geldtruck - Crazy - SFPD
[28-12-2015 17:46:31]: Matstruck - Crazy - Cosa Nostra
[28-12-2015 17:55:04]: Carrob - Crazy - Cosa Nostra
[28-12-2015 19:23:10]: Museumraub - Nasenspray - Cosa Nostra
[28-12-2015 19:35:57]: Drogentruck - Nasenspray - Cosa Nostra
[28-12-2015 21:48:31]: Geldtruck - Crazy - SFPD
[29-12-2015 12:44:19]: Geldtruck - Crazy - SFPD
[30-12-2015 18:25:54]: Geldtruck - Crazy - SFPD
[30-12-2015 22:25:57]: Präsi-Konvoi - Army
[30-12-2015 22:27:46]: Präsi-GN - Triaden
[30-12-2015 22:34:45]: Präsi-Konvoi - Army
[30-12-2015 22:36:29]: Präsi-GN - Triaden
[30-12-2015 22:41:20]: Präsi-Konvoi - Army
[30-12-2015 22:43:07]: Präsi-GN - Triaden
[30-12-2015 22:58:15]: Präsi-Konvoi - Army
[30-12-2015 23:00:37]: Präsi-GN - Triaden
[30-12-2015 23:04:05]: Präsi-Konvoi - Army
[30-12-2015 23:06:16]: Präsi-GN - Triaden
[30-12-2015 23:24:21]: Präsi-Konvoi - Army
[30-12-2015 23:26:35]: Präsi-Konvoi - Army
[30-12-2015 23:27:18]: Präsi-GN - Triaden
[01-01-2016 18:45:27]: Gangwar - Triaden vs Cosa Nostra
[01-01-2016 18:52:01]: Geldtruck - Tyrex - SFPD
[01-01-2016 18:58:39]: Gangwar - Triaden vs Cosa Nostra
[01-01-2016 19:04:35]: Bankraub - Steckl - Triaden
[01-01-2016 19:39:53]: Museumraub - SuRReNdeR - Triaden
[01-01-2016 19:53:09]: Matstruck - [Utm]Nimo - Cosa Nostra
[01-01-2016 20:10:04]: Drogentruck - Tyrex - Cosa Nostra
[01-01-2016 20:19:02]: Carrob - Tyrex - Cosa Nostra
[01-01-2016 20:44:54]: Geldtruck - Creek- - SFPD
[01-01-2016 22:12:34]: Gangwar - Triaden vs Cosa Nostra
[01-01-2016 22:50:38]: Bankraub - IceTeaBoY - Triaden
[01-01-2016 22:57:39]: Drogentruck - Simple - Cosa Nostra
[01-01-2016 23:16:29]: Museumraub - Simple - Cosa Nostra
[01-01-2016 23:34:51]: Matstruck - Steckl - Triaden
[02-01-2016 00:03:42]: Carrob - Tyrex - Cosa Nostra
[02-01-2016 00:16:01]: Drogentruck - Tyrex - Cosa Nostra
[02-01-2016 00:36:03]: Gangwar - Triaden vs Cosa Nostra
[02-01-2016 00:55:22]: Gangwar - Triaden vs Cosa Nostra
[02-01-2016 01:08:31]: Gangwar - Cosa Nostra vs Triaden
[02-01-2016 01:49:15]: Gangwar - Cosa Nostra vs Angels of Death
[02-01-2016 02:15:20]: Gangwar - Angels of Death vs Cosa Nostra
[02-01-2016 02:31:05]: Gangwar - Cosa Nostra vs Angels of Death
[02-01-2016 02:46:54]: Gangwar - Cosa Nostra vs Angels of Death
[02-01-2016 03:16:56]: Gangwar - Cosa Nostra vs Angels of Death
[02-01-2016 03:36:52]: Gangwar - Angels of Death vs Cosa Nostra
[02-01-2016 12:15:07]: Matstruck - [Utm]Nimo - Cosa Nostra
[02-01-2016 12:29:23]: Gangwar - Angels of Death vs Cosa Nostra
[02-01-2016 12:33:06]: Geldtruck - YoshiPlayS - SFPD
[02-01-2016 13:00:58]: Museumraub - Steckl - Angels of Death
[02-01-2016 13:16:34]: Drogentruck - [Utm]Nimo - Cosa Nostra
[02-01-2016 13:43:43]: Carrob - IceTeaBoY - Angels of Death
[02-01-2016 14:01:32]: Matstruck - IceTeaBoY - Angels of Death
[02-01-2016 14:20:13]: Präsi-Konvoi - SFPD
[02-01-2016 14:44:15]: Gangwar - Angels of Death vs Cosa Nostra
[02-01-2016 15:08:05]: Gangwar - Cosa Nostra vs Angels of Death
[02-01-2016 15:17:23]: Geldtruck - [Utm]Jan - SFPD
[02-01-2016 15:24:50]: Gangwar - Cosa Nostra vs Angels of Death
[02-01-2016 15:41:05]: Gangwar - Cosa Nostra vs Angels of Death
[02-01-2016 15:56:58]: Gangwar - Angels of Death vs Cosa Nostra
[02-01-2016 16:12:56]: Gangwar - Cosa Nostra vs Angels of Death
[02-01-2016 16:21:18]: Präsi-Konvoi - SFPD
[02-01-2016 16:30:30]: Gangwar - Angels of Death vs Cosa Nostra
[02-01-2016 16:41:29]: Geldtruck - Dex - SFPD
[02-01-2016 17:10:38]: Museumraub - Martin_025 - Cosa Nostra
[02-01-2016 17:38:31]: Carrob - Steckl - Angels of Death
[02-01-2016 17:47:02]: Drogentruck - Tyrex - Cosa Nostra
[02-01-2016 17:57:12]: Bankraub - twister01 - Cosa Nostra
[02-01-2016 18:43:02]: Carrob - Tyrex - Cosa Nostra
[02-01-2016 18:50:02]: Museumraub - Tyrex - Cosa Nostra
[02-01-2016 19:05:45]: Geldtruck - YoshiPlayS - SFPD
[02-01-2016 19:18:27]: Drogentruck - Tyrex - Cosa Nostra
[02-01-2016 20:15:05]: Matstruck - Tyrex - Cosa Nostra
[02-01-2016 20:23:19]: Gangwar - Angels of Death vs Cosa Nostra
[02-01-2016 20:25:40]: Carrob - Tyrex - Cosa Nostra
[02-01-2016 20:39:43]: Gangwar - Angels of Death vs Cosa Nostra
[02-01-2016 20:50:52]: Geldtruck - Creek- - SFPD
[02-01-2016 20:56:10]: Gangwar - Angels of Death vs Cosa Nostra
[02-01-2016 21:02:04]: Präsi-Konvoi - SFPD
[02-01-2016 21:19:23]: Gangwar - Cosa Nostra vs Angels of Death
[02-01-2016 21:46:17]: Gangwar - Angels of Death vs Cosa Nostra
[02-01-2016 21:57:30]: Geldtruck - [Utm]Jan - SFPD
[02-01-2016 21:58:23]: Gangwar - Cosa Nostra vs Angels of Death
