[30-08-2015 23:32:01]: Xx_Airmax ist gestorben.
[30-08-2015 23:32:07]: FaMoUzZzZ ist gestorben.
[30-08-2015 23:50:42]: Flo ist gestorben.
[31-08-2015 00:46:11]: yori ist gestorben.
[31-08-2015 00:53:07]: NitrOblasT ist gestorben.
[31-08-2015 01:46:53]: KeNo. ist gestorben.
[31-08-2015 01:47:01]: Neo- ist gestorben.
[31-08-2015 02:05:16]: ProKiller385 ist gestorben.
[31-08-2015 02:06:12]: KeNo. ist gestorben.
[31-08-2015 12:18:28]: [UL]Cryptex ist gestorben.
[31-08-2015 12:19:43]: tony_mets ist gestorben.
[31-08-2015 12:35:47]: GrafZahl ist gestorben.
[31-08-2015 12:43:11]: tony_mets ist gestorben.
[31-08-2015 12:57:21]: Flo ist gestorben.
[31-08-2015 13:57:55]: [UL]Cryptex ist gestorben.
[31-08-2015 14:04:08]: [UL]Cryptex ist gestorben.
[31-08-2015 15:11:32]: NilsHD ist gestorben.
[31-08-2015 15:30:33]: [UL]Cryptex ist gestorben.
[31-08-2015 15:37:21]: Flo ist gestorben.
[31-08-2015 15:40:56]: ProKiller385 ist gestorben.
[31-08-2015 15:44:51]: KeNo. ist gestorben.
[31-08-2015 15:59:13]: Don97 ist gestorben.
[31-08-2015 16:18:49]: xxColinxx ist gestorben.
[31-08-2015 16:44:24]: MoNeY- ist gestorben.
[31-08-2015 17:08:24]: ProKiller385 ist gestorben.
[31-08-2015 17:11:01]: JanniK ist gestorben.
[31-08-2015 17:22:40]: NilsHD ist gestorben.
[31-08-2015 17:22:41]: xxColinxx ist gestorben.
[31-08-2015 17:23:38]: [UL]Cryptex ist gestorben.
[31-08-2015 17:29:39]: [UL]Cryptex ist gestorben.
[31-08-2015 17:44:10]: aKa.SiLenT ist gestorben.
[31-08-2015 17:44:11]: KeNo. ist gestorben.
[31-08-2015 17:44:27]: JizzzeR ist gestorben.
[31-08-2015 20:07:01]: GrafZahl ist gestorben.
[31-08-2015 20:08:53]: GrafZahl ist gestorben.
[31-08-2015 20:24:08]: NilsHD ist gestorben.
[31-08-2015 20:44:03]: NilsHD ist gestorben.
[31-08-2015 20:45:18]: xB4mM ist gestorben.
[31-08-2015 21:26:36]: UnbiasedSails91 ist gestorben.
[31-08-2015 21:40:29]: HonDa.. ist gestorben.
[31-08-2015 21:56:60]: Cino ist gestorben.
[31-08-2015 22:01:43]: [UL]Cryptex ist gestorben.
[31-08-2015 22:01:58]: HonDa.. ist gestorben.
[31-08-2015 22:27:27]: NilsHD ist gestorben.
[31-08-2015 22:59:46]: NEO- ist gestorben.
[31-08-2015 22:59:51]: [uL]DomeTheBoss ist gestorben.
[31-08-2015 23:01:37]: NEO- ist gestorben.
[31-08-2015 23:05:32]: x_ProG4m3r_x ist gestorben.
[01-09-2015 13:28:45]: Bane ist gestorben.
[01-09-2015 14:52:29]: tony_mets ist gestorben.
[01-09-2015 15:07:03]: [UL]BattlexChamP ist gestorben.
[01-09-2015 15:10:23]: GETO ist gestorben.
[01-09-2015 15:25:01]: Neo- ist gestorben.
[01-09-2015 15:46:35]: NilsHD ist gestorben.
[01-09-2015 15:46:35]: Neo- ist gestorben.
[01-09-2015 15:46:35]: GrafZahl ist gestorben.
[01-09-2015 15:57:57]: [UL]BattlexChamP ist gestorben.
[01-09-2015 16:22:07]: [UL]BattlexChamP ist gestorben.
[01-09-2015 18:05:16]: KeNo. ist gestorben.
[01-09-2015 18:20:05]: NilsHD ist gestorben.
[01-09-2015 18:45:32]: [UL]BattlexChamP ist gestorben.
[01-09-2015 19:28:11]: KeNo. ist gestorben.
[01-09-2015 19:38:49]: x_ProG4m3r_x ist gestorben.
[01-09-2015 19:43:13]: nerv-nicht ist gestorben.
[01-09-2015 19:44:06]: UnbiasedSails91 ist gestorben.
[01-09-2015 20:07:24]: nerv-nicht ist gestorben.
[01-09-2015 20:16:36]: GrafZahl ist gestorben.
[01-09-2015 20:19:08]: [UL]BattlexChamP ist gestorben.
[01-09-2015 20:34:59]: [uL]IneedWeed ist gestorben.
[01-09-2015 21:06:54]: mister1 ist gestorben.
[01-09-2015 21:31:05]: mister1 ist gestorben.
[01-09-2015 21:38:45]: Don97 ist gestorben.
[01-09-2015 21:55:15]: mister1 ist gestorben.
[01-09-2015 22:02:55]: Don97 ist gestorben.
[01-09-2015 22:07:07]: Bane ist gestorben.
[01-09-2015 22:13:52]: yori ist gestorben.
[01-09-2015 22:19:26]: mister1 ist gestorben.
[01-09-2015 22:40:11]: Leonador ist gestorben.
[02-09-2015 12:42:52]: [uL]Cryptex ist gestorben.
[02-09-2015 13:07:02]: [uL]Cryptex ist gestorben.
[02-09-2015 14:43:57]: [uL]Cryptex ist gestorben.
[02-09-2015 15:13:54]: X_ProG4m3r_x ist gestorben.
[02-09-2015 15:37:56]: [uL]DomeTheBoss ist gestorben.
[02-09-2015 16:06:03]: CanTV ist gestorben.
[02-09-2015 16:34:06]: X_ProG4m3r_x ist gestorben.
[02-09-2015 17:26:10]: [uL]DomeTheBoss ist gestorben.
[02-09-2015 17:30:19]: SkiLl0wNz ist gestorben.
[02-09-2015 17:30:55]: [uL]BattlexChamP ist gestorben.
[02-09-2015 17:55:12]: easy ist gestorben.
[02-09-2015 18:03:14]: NilsHD ist gestorben.
[02-09-2015 18:04:28]: Neo- ist gestorben.
[02-09-2015 18:49:50]: [uL]DomeTheBoss ist gestorben.
[02-09-2015 18:56:60]: Neo- ist gestorben.
[02-09-2015 19:47:26]: GETO ist gestorben.
[02-09-2015 20:01:20]: Neo- ist gestorben.
[02-09-2015 20:23:33]: x_ProG4m3r_x ist gestorben.
[02-09-2015 20:24:52]: Duskey ist gestorben.
[02-09-2015 20:32:56]: Westmoreland ist gestorben.
[02-09-2015 20:42:29]: GrafZahl ist gestorben.
[02-09-2015 20:47:31]: Gamer4 ist gestorben.
[02-09-2015 20:54:44]: yori ist gestorben.
[02-09-2015 21:01:28]: Tirex ist gestorben.
[02-09-2015 21:02:10]: yori ist gestorben.
[02-09-2015 21:14:07]: MysterY ist gestorben.
[02-09-2015 21:28:12]: [uL]BattlexChamP ist gestorben.
[02-09-2015 21:30:51]: MysterY ist gestorben.
[02-09-2015 22:15:05]: [uL]DomeTheBoss ist gestorben.
[03-09-2015 00:12:13]: Jechlo ist gestorben.
[03-09-2015 00:13:29]: Jechlo ist gestorben.
[03-09-2015 00:21:52]: Jechlo ist gestorben.
[03-09-2015 00:23:32]: eL ist gestorben.
[03-09-2015 00:25:17]: x_ProG4m3r_x ist gestorben.
[03-09-2015 00:46:33]: Jechlo ist gestorben.
[03-09-2015 00:47:43]: eL ist gestorben.
[03-09-2015 00:49:13]: x_ProG4m3r_x ist gestorben.
[03-09-2015 14:11:33]: [uL]Cryptex ist gestorben.
[03-09-2015 15:28:39]: [uL]IneedWeed ist gestorben.
[03-09-2015 15:38:20]: Neo- ist gestorben.
[03-09-2015 15:39:53]: [uL]BattlexChamP ist gestorben.
[03-09-2015 15:40:11]: shiZ ist gestorben.
[03-09-2015 16:09:42]: [uL]Cryptex ist gestorben.
[03-09-2015 16:11:30]: Kayo ist gestorben.
[03-09-2015 16:12:25]: Kusco ist gestorben.
[03-09-2015 16:20:57]: Nikki12 ist gestorben.
[03-09-2015 16:40:37]: x_ProG4m3r_x ist gestorben.
[03-09-2015 16:44:51]: Nikki12 ist gestorben.
[03-09-2015 16:55:39]: z0cky ist gestorben.
[03-09-2015 17:04:48]: x_ProG4m3r_x ist gestorben.
[03-09-2015 17:24:50]: z0cky ist gestorben.
[03-09-2015 17:42:22]: Nikki12 ist gestorben.
[03-09-2015 18:05:26]: [uL]Cryptex ist gestorben.
[03-09-2015 18:06:32]: Nikki12 ist gestorben.
[03-09-2015 18:15:59]: x_ProG4m3r_x ist gestorben.
[03-09-2015 18:27:24]: [uL]Cryptex ist gestorben.
[03-09-2015 18:28:28]: x_ProG4m3r_x ist gestorben.
[03-09-2015 18:28:43]: eL ist gestorben.
[03-09-2015 18:41:37]: z0cky ist gestorben.
[03-09-2015 19:12:20]: z0cky ist gestorben.
[03-09-2015 19:36:05]: [uL]Cryptex ist gestorben.
[03-09-2015 19:39:21]: AliBumaye ist gestorben.
[03-09-2015 20:31:01]: x_ProG4m3r_x ist gestorben.
[03-09-2015 20:37:44]: Neo- ist gestorben.
[03-09-2015 21:00:41]: Neo- ist gestorben.
[03-09-2015 21:24:01]: Neo- ist gestorben.
[03-09-2015 21:24:24]: [uL]DomeTheBoss ist gestorben.
[03-09-2015 22:06:54]: x_ProG4m3r_x ist gestorben.
[03-09-2015 22:31:04]: x_ProG4m3r_x ist gestorben.
[03-09-2015 23:12:24]: [uL]Cryptex ist gestorben.
[04-09-2015 14:10:25]: [uL]Cryptex ist gestorben.
[04-09-2015 14:33:45]: KillSwitch ist gestorben.
[04-09-2015 14:55:16]: Neo- ist gestorben.
[04-09-2015 14:56:57]: KillSwitch ist gestorben.
[04-09-2015 15:03:04]: KillSwitch ist gestorben.
[04-09-2015 15:45:10]: CapiTain_LaYn ist gestorben.
[04-09-2015 15:56:28]: KillSwitch ist gestorben.
[04-09-2015 16:47:46]: [uL]BattlexChamP ist gestorben.
[04-09-2015 17:11:46]: InYaFace ist gestorben.
[04-09-2015 17:38:46]: [uL]Cryptex ist gestorben.
[04-09-2015 17:40:49]: Neo- ist gestorben.
[04-09-2015 18:04:59]: Neo- ist gestorben.
[04-09-2015 18:11:24]: Flylow ist gestorben.
[04-09-2015 18:23:30]: JeBemTi ist gestorben.
[04-09-2015 18:29:10]: Neo- ist gestorben.
[04-09-2015 18:53:20]: Neo- ist gestorben.
[04-09-2015 19:05:23]: [uL]IneedWeed ist gestorben.
[04-09-2015 19:06:26]: Flylow ist gestorben.
[04-09-2015 19:17:31]: Neo- ist gestorben.
[04-09-2015 19:18:13]: [uL]DomeTheBoss ist gestorben.
[04-09-2015 19:33:19]: nitro1978 ist gestorben.
[04-09-2015 19:39:20]: [uL]Cryptex ist gestorben.
[04-09-2015 19:41:41]: Neo- ist gestorben.
[04-09-2015 19:54:55]: [uL]Cryptex ist gestorben.
[04-09-2015 20:22:30]: [uL]Cryptex ist gestorben.
[04-09-2015 22:42:53]: xMaUrIcEGtA ist gestorben.
[04-09-2015 22:57:24]: [uL]Cryptex ist gestorben.
[04-09-2015 23:07:04]: xMaUrIcEGtA ist gestorben.
[05-09-2015 00:08:56]: MysterY ist gestorben.
[05-09-2015 05:14:19]: MysterY ist gestorben.
[05-09-2015 18:51:02]: eL ist gestorben.
[05-09-2015 18:51:26]: [uL]Cryptex ist gestorben.
[05-09-2015 19:40:17]: [uL]BattlexChamP ist gestorben.
[05-09-2015 19:56:32]: x_ProG4m3r_x ist gestorben.
[05-09-2015 19:58:19]: UnbiasedSails91 ist gestorben.
[05-09-2015 20:03:17]: x_ProG4m3r_x ist gestorben.
[05-09-2015 20:03:17]: [uL]Cryptex ist gestorben.
[05-09-2015 20:09:32]: XiT ist gestorben.
[05-09-2015 21:11:05]: [uL]wantedd ist gestorben.
[05-09-2015 21:18:54]: GETO ist gestorben.
[05-09-2015 22:11:46]: NEO- ist gestorben.
[05-09-2015 22:51:54]: MysterY ist gestorben.
[05-09-2015 23:26:09]: [uL]Cryptex ist gestorben.
[05-09-2015 23:46:10]: [uL]DomeTheBoss ist gestorben.
[05-09-2015 23:53:09]: [uL]Cryptex ist gestorben.
[05-09-2015 23:57:15]: [uL]BattlexChamP ist gestorben.
[06-09-2015 00:09:30]: x_ProG4m3r_x ist gestorben.
[06-09-2015 00:41:10]: MysterY ist gestorben.
[06-09-2015 00:50:30]: MysterY ist gestorben.
[06-09-2015 01:16:48]: UnbiasedSails91 ist gestorben.
[06-09-2015 01:17:32]: [uL]wantedd ist gestorben.
[06-09-2015 02:23:28]: MysterY ist gestorben.
[06-09-2015 02:47:38]: MysterY ist gestorben.
[06-09-2015 08:41:25]: Lautern1900 ist gestorben.
[06-09-2015 09:26:57]: UnbiasedSails91 ist gestorben.
[06-09-2015 11:50:60]: [uL]BattlexChamP ist gestorben.
[06-09-2015 15:33:01]: xxColinxx ist gestorben.
[06-09-2015 15:41:51]: Vinze ist gestorben.
[06-09-2015 15:55:41]: UnbiasedSails91 ist gestorben.
[06-09-2015 16:04:50]: MoNeY- ist gestorben.
[06-09-2015 16:25:16]: Vinze ist gestorben.
[06-09-2015 16:27:34]: GETO ist gestorben.
[06-09-2015 16:32:05]: MajestiC ist gestorben.
[06-09-2015 16:49:26]: Vinze ist gestorben.
[06-09-2015 16:59:06]: Fronix50K ist gestorben.
[06-09-2015 17:04:52]: Neo- ist gestorben.
[06-09-2015 17:26:59]: MajestiC ist gestorben.
[06-09-2015 17:34:39]: MoNeY- ist gestorben.
[06-09-2015 17:51:10]: MajestiC ist gestorben.
[06-09-2015 17:54:06]: xxColinxx ist gestorben.
[06-09-2015 17:57:35]: [uL]Cryptex ist gestorben.
[06-09-2015 19:28:44]: [uL]Cryptex ist gestorben.
[06-09-2015 19:41:16]: UnbiasedSails91 ist gestorben.
[06-09-2015 19:57:22]: SchlagHammer ist gestorben.
[06-09-2015 19:58:38]: SchlagHammer ist gestorben.
[06-09-2015 20:33:60]: xXThUgLiFeXx ist gestorben.
[06-09-2015 20:37:34]: SgtNiGhTeR ist gestorben.
[06-09-2015 20:49:26]: x_ProG4m3r_x ist gestorben.
[06-09-2015 20:54:56]: x_ProG4m3r_x ist gestorben.
[06-09-2015 21:04:56]: [uL]Cryptex ist gestorben.
[06-09-2015 21:22:02]: [uL]Cryptex ist gestorben.
[06-09-2015 21:28:29]: WasserLemon ist gestorben.
[06-09-2015 21:28:31]: [uL]BattlexChamP ist gestorben.
[06-09-2015 22:07:44]: TheSweetyNo ist gestorben.
[06-09-2015 22:28:12]: [uL]BattlexChamP ist gestorben.
[06-09-2015 22:32:53]: Neo- ist gestorben.
[06-09-2015 22:41:43]: KeNo. ist gestorben.
[06-09-2015 22:51:44]: [uL]BattlexChamP ist gestorben.
[06-09-2015 22:55:22]: x_ProG4m3r_x ist gestorben.
[06-09-2015 22:56:50]: Neo- ist gestorben.
[06-09-2015 23:15:54]: [uL]BattlexChamP ist gestorben.
[06-09-2015 23:20:60]: Neo- ist gestorben.
[06-09-2015 23:36:20]: KeNo. ist gestorben.
[06-09-2015 23:40:05]: [uL]BattlexChamP ist gestorben.
[06-09-2015 23:45:11]: Neo- ist gestorben.
[06-09-2015 23:58:51]: KeNo. ist gestorben.
[07-09-2015 00:09:21]: Neo- ist gestorben.
[07-09-2015 00:17:55]: Neo- ist gestorben.
[07-09-2015 00:54:19]: TheSweetyNo ist gestorben.
[07-09-2015 01:46:14]: eL ist gestorben.
[07-09-2015 01:46:15]: Neo- ist gestorben.
[07-09-2015 01:52:27]: Neo- ist gestorben.
[07-09-2015 02:24:49]: [uL]Cryptex ist gestorben.
[07-09-2015 15:25:06]: [uL]Cryptex ist gestorben.
[07-09-2015 15:48:41]: [uL]Cryptex ist gestorben.
[07-09-2015 16:47:28]: JeBoTe ist gestorben.
[07-09-2015 19:31:49]: GETO ist gestorben.
[07-09-2015 19:33:09]: GETO ist gestorben.
[07-09-2015 20:07:22]: [uL]DomeTheBoss ist gestorben.
[07-09-2015 20:07:50]: JeBoTe ist gestorben.
[07-09-2015 20:15:30]: [uL]Cryptex ist gestorben.
[07-09-2015 20:15:41]: kai ist gestorben.
[07-09-2015 20:16:32]: JeBemTi ist gestorben.
[07-09-2015 20:29:36]: kai ist gestorben.
[07-09-2015 20:36:41]: x_ProG4m3r_x ist gestorben.
[07-09-2015 22:56:13]: x_ProG4m3r_x ist gestorben.
[08-09-2015 13:49:40]: JeBemTi ist gestorben.
[08-09-2015 14:02:45]: JeBemTi ist gestorben.
[08-09-2015 14:36:38]: Neo- ist gestorben.
[08-09-2015 15:20:36]: GETO ist gestorben.
[08-09-2015 15:55:17]: [uL]IneedWeed ist gestorben.
[08-09-2015 15:58:51]: x_ProG4m3r_x ist gestorben.
[08-09-2015 16:18:60]: bmw_1234 ist gestorben.
[08-09-2015 17:02:41]: [uL]BattlexChamP ist gestorben.
[08-09-2015 19:34:46]: SgtNiGhTeR ist gestorben.
[08-09-2015 20:59:41]: stephanbe ist gestorben.
[08-09-2015 21:00:28]: z0cky ist gestorben.
[08-09-2015 21:23:09]: UnbiasedSails91 ist gestorben.
[08-09-2015 21:43:16]: x_ProG4m3r_x ist gestorben.
[09-09-2015 13:42:38]: Mixery ist gestorben.
[09-09-2015 15:14:30]: GETO ist gestorben.
[09-09-2015 16:22:35]: SgtNiGhTeR ist gestorben.
[09-09-2015 16:40:55]: SgtNiGhTeR ist gestorben.
[09-09-2015 16:48:21]: x_ProG4m3r_x ist gestorben.
[09-09-2015 16:50:09]: [uL]IneedWeed ist gestorben.
[09-09-2015 16:53:13]: MoTrip ist gestorben.
[09-09-2015 18:08:27]: SgtNiGhTeR ist gestorben.
[09-09-2015 18:34:07]: x_ProG4m3r_x ist gestorben.
[09-09-2015 20:09:44]: [uL]BattlexChamP ist gestorben.
[09-09-2015 20:28:32]: Eshgin ist gestorben.
[09-09-2015 21:08:50]: BenZ_AMG_66 ist gestorben.
[09-09-2015 21:10:32]: BenZ_AMG_66 ist gestorben.
[09-09-2015 21:11:13]: BenZ_AMG_66 ist gestorben.
[09-09-2015 21:16:50]: BenZ_AMG_66 ist gestorben.
[09-09-2015 21:21:12]: xXValonXx ist gestorben.
[09-09-2015 21:32:19]: Neo- ist gestorben.
[09-09-2015 22:22:01]: Neo- ist gestorben.
[09-09-2015 22:33:01]: x_ProG4m3r_x ist gestorben.
[09-09-2015 22:57:12]: x_ProG4m3r_x ist gestorben.
[10-09-2015 15:17:11]: Neo- ist gestorben.
[10-09-2015 15:40:10]: Neo- ist gestorben.
[10-09-2015 18:31:31]: KeNo. ist gestorben.
[10-09-2015 20:54:04]: [uL]wantedd ist gestorben.
[10-09-2015 21:05:15]: [uL]wantedd ist gestorben.
[12-09-2015 19:44:10]: Neo- ist gestorben.
[12-09-2015 20:10:54]: freasax3 ist gestorben.
[12-09-2015 20:24:16]: ZeriosLP ist gestorben.
[12-09-2015 21:53:01]: SgtNiGhTeR ist gestorben.
[12-09-2015 23:40:56]: yori ist gestorben.
[13-09-2015 12:25:26]: Lautern1900 ist gestorben.
[13-09-2015 12:39:54]: SgtNiGhTeR ist gestorben.
[13-09-2015 14:25:39]: InYaFace ist gestorben.
[13-09-2015 14:47:21]: Lautern1900 ist gestorben.
[13-09-2015 15:44:46]: Mr.Burns ist gestorben.
[13-09-2015 16:03:58]: SgtNiGhTeR ist gestorben.
[13-09-2015 16:31:08]: [uL]BattlexChamP ist gestorben.
[13-09-2015 17:42:55]: FillemCZ ist gestorben.
[13-09-2015 18:20:24]: NEO- ist gestorben.
[13-09-2015 18:20:26]: FillemCZ ist gestorben.
[13-09-2015 18:39:17]: [uL]BattlexChamP ist gestorben.
[13-09-2015 18:43:09]: NINJAFIPS88 ist gestorben.
[13-09-2015 18:44:34]: NEO- ist gestorben.
[13-09-2015 19:08:45]: NEO- ist gestorben.
[13-09-2015 19:45:41]: luckeabc ist gestorben.
[14-09-2015 14:29:35]: [uL]Neo ist gestorben.
[14-09-2015 14:46:01]: Zedd ist gestorben.
[14-09-2015 14:53:46]: [uL]Neo ist gestorben.
[14-09-2015 15:15:29]: [uL]Neo ist gestorben.
[14-09-2015 16:25:06]: MajestiC ist gestorben.
[14-09-2015 16:37:33]: MajestiC ist gestorben.
[14-09-2015 16:58:32]: MajestiC ist gestorben.
[14-09-2015 17:48:36]: ZeriosLP ist gestorben.
[14-09-2015 18:21:59]: MajestiC ist gestorben.
[14-09-2015 18:43:55]: JeBemTi ist gestorben.
[14-09-2015 19:10:03]: JeBemTi ist gestorben.
[14-09-2015 19:31:45]: [uL]Neo ist gestorben.
[14-09-2015 19:43:58]: FertileHardhat96 ist gestorben.
[14-09-2015 19:52:23]: x_ProG4m3r_x ist gestorben.
[14-09-2015 20:05:46]: Vinze ist gestorben.
[15-09-2015 15:13:02]: Vinze ist gestorben.
[15-09-2015 15:51:20]: Vinze ist gestorben.
[15-09-2015 15:51:51]: [uL]IneedWeed ist gestorben.
[15-09-2015 16:14:42]: [uL]BattlexChamP ist gestorben.
[15-09-2015 17:51:18]: FertileHardhat96 ist gestorben.
[15-09-2015 18:07:30]: ZeriosLP ist gestorben.
[15-09-2015 19:26:13]: MajestiC ist gestorben.
[15-09-2015 20:32:49]: [uL]BattlexChamP ist gestorben.
[15-09-2015 20:38:32]: [uL]IneedWeed ist gestorben.
[15-09-2015 21:34:09]: MajestiC ist gestorben.
[16-09-2015 15:40:12]: Lautern1900 ist gestorben.
[16-09-2015 15:41:40]: Lautern1900 ist gestorben.
[16-09-2015 16:42:24]: x_ProG4m3r_x ist gestorben.
[16-09-2015 17:06:04]: x_ProG4m3r_x ist gestorben.
[16-09-2015 17:22:44]: x_ProG4m3r_x ist gestorben.
[16-09-2015 17:46:55]: x_ProG4m3r_x ist gestorben.
[16-09-2015 20:57:60]: [uL]Neo ist gestorben.
[17-09-2015 11:39:58]: SgtNiGhTeR ist gestorben.
[17-09-2015 14:32:39]: FertileHardhat96 ist gestorben.
[17-09-2015 23:09:48]: x_ProG4m3r_x ist gestorben.
[18-09-2015 00:07:33]: Mr.Burns ist gestorben.
[18-09-2015 02:06:12]: x_ProG4m3r_x ist gestorben.
[18-09-2015 02:08:16]: x_ProG4m3r_x ist gestorben.
[18-09-2015 09:35:48]: SgtNiGhTeR ist gestorben.
[18-09-2015 19:16:24]: [uL]Neo ist gestorben.
[18-09-2015 20:18:43]: InYaFace ist gestorben.
[18-09-2015 20:22:02]: InYaFace ist gestorben.
[18-09-2015 22:05:58]: x_ProG4m3r_x ist gestorben.
[19-09-2015 23:13:55]: Mr.Burns ist gestorben.
[19-09-2015 23:14:55]: x_ProG4m3r_x ist gestorben.
[20-09-2015 01:26:43]: Mr.Burns ist gestorben.
[20-09-2015 02:03:26]: MajestiC ist gestorben.
[20-09-2015 02:27:36]: MajestiC ist gestorben.
[20-09-2015 02:36:03]: x_ProG4m3r_x ist gestorben.
[20-09-2015 14:02:17]: MajestiC ist gestorben.
[20-09-2015 17:19:05]: [uL]IneedWeed ist gestorben.
[20-09-2015 17:45:01]: QuizzicalWorkbench10 ist gestorben.
[20-09-2015 18:15:09]: x_ProG4m3r_x ist gestorben.
[20-09-2015 18:15:09]: MajestiC ist gestorben.
[20-09-2015 18:31:16]: QuizzicalWorkbench10 ist gestorben.
[20-09-2015 18:38:46]: MajestiC ist gestorben.
[20-09-2015 19:04:47]: x_ProG4m3r_x ist gestorben.
[20-09-2015 19:04:47]: QuizzicalWorkbench10 ist gestorben.
[20-09-2015 19:04:47]: MajestiC ist gestorben.
[20-09-2015 20:18:40]: MajestiC ist gestorben.
[21-09-2015 16:26:05]: x_ProG4m3r_x ist gestorben.
[21-09-2015 16:36:47]: x_ProG4m3r_x ist gestorben.
[21-09-2015 17:01:39]: x_ProG4m3r_x ist gestorben.
[21-09-2015 18:18:09]: Mr.Burns ist gestorben.
[21-09-2015 19:34:07]: MajestiC ist gestorben.
[21-09-2015 20:29:60]: x_ProG4m3r_x ist gestorben.
[22-09-2015 22:53:30]: MajestiC ist gestorben.
[22-09-2015 23:16:34]: Mr.Burns ist gestorben.
[23-09-2015 20:21:05]: MajestiC ist gestorben.
[23-09-2015 20:45:08]: MajestiC ist gestorben.
[23-09-2015 21:09:02]: [uL]BattlexChamP ist gestorben.
[23-09-2015 23:08:57]: MajestiC ist gestorben.
[25-09-2015 17:16:06]: [uL]Neo ist gestorben.
[26-09-2015 19:49:12]: [uL]BattlexChamP ist gestorben.
[06-12-2015 21:51:09]: xXMarioXx ist gestorben.
[07-12-2015 15:51:51]: [uL]BattlexChamP ist gestorben.
[07-12-2015 15:53:18]: [uL]BattlexChamP ist gestorben.
[07-12-2015 15:58:35]: [uL]BattlexChamP ist gestorben.
[08-12-2015 13:59:32]: [uL]BattlexChamP ist gestorben.
[08-12-2015 14:23:42]: [uL]BattlexChamP ist gestorben.
[08-12-2015 15:47:44]: [uL]BattlexChamP ist gestorben.
[08-12-2015 20:01:27]: [uL]BattlexChamP ist gestorben.
[08-12-2015 20:25:37]: [uL]BattlexChamP ist gestorben.
[13-12-2015 12:55:36]: [uL]BattlexChamP ist gestorben.
[13-12-2015 18:25:58]: [uL]BattlexChamP ist gestorben.
[13-12-2015 22:29:02]: Bonus ist gestorben.
[14-12-2015 17:24:34]: [uL]BattlexChamP ist gestorben.
[14-12-2015 17:48:44]: [uL]BattlexChamP ist gestorben.
[14-12-2015 20:51:60]: [uL]BattlexChamP ist gestorben.
[14-12-2015 23:05:55]: [uL]BattlexChamP ist gestorben.
[18-12-2015 21:37:20]: Pluz. ist gestorben.
[18-12-2015 22:01:30]: Pluz. ist gestorben.
[19-12-2015 21:35:19]: Bonus ist gestorben.
[19-12-2015 21:58:32]: Pluz. ist gestorben.
[19-12-2015 22:01:51]: Plusmacher ist gestorben.
[19-12-2015 23:08:39]: Pluz. ist gestorben.
[19-12-2015 23:09:40]: Plusmacher ist gestorben.
[20-12-2015 00:09:08]: Pluz. ist gestorben.
[20-12-2015 21:51:48]: Plusmacher ist gestorben.
[21-12-2015 15:20:55]: Plusmacher ist gestorben.
[21-12-2015 15:53:25]: Plusmacher ist gestorben.
[22-12-2015 12:55:10]: Plusmacher ist gestorben.
[22-12-2015 19:01:30]: Pluz. ist gestorben.
[22-12-2015 19:33:56]: Pluz. ist gestorben.
[27-12-2015 22:15:29]: Bonus ist gestorben.
[27-12-2015 23:00:29]: Nimo ist gestorben.
[28-12-2015 03:23:57]: Nimo ist gestorben.
[28-12-2015 20:56:05]: Bonus ist gestorben.
[28-12-2015 21:56:44]: Nasenspray ist gestorben.
[28-12-2015 22:34:54]: Bonus ist gestorben.
[28-12-2015 22:39:02]: Crazy ist gestorben.
[28-12-2015 23:03:23]: Nimo ist gestorben.
[29-12-2015 19:20:53]: Nasenspray ist gestorben.
[29-12-2015 19:52:09]: Nasenspray ist gestorben.
[30-12-2015 01:51:55]: Bonus ist gestorben.
[30-12-2015 02:09:54]: Bonus ist gestorben.
[30-12-2015 02:24:53]: Nimo ist gestorben.
[30-12-2015 02:24:59]: Nasenspray ist gestorben.
[30-12-2015 02:28:58]: Nasenspray ist gestorben.
[30-12-2015 02:39:44]: Nasenspray ist gestorben.
[30-12-2015 03:06:25]: Nasenspray ist gestorben.
[30-12-2015 03:06:40]: Bonus ist gestorben.
[30-12-2015 15:03:21]: Bonus ist gestorben.
[30-12-2015 15:28:13]: Bonus ist gestorben.
[30-12-2015 15:31:44]: Nasenspray ist gestorben.
[30-12-2015 16:37:15]: Bonus ist gestorben.
[30-12-2015 18:33:16]: Crazy ist gestorben.
[30-12-2015 23:45:10]: Nimo ist gestorben.
[30-12-2015 23:54:18]: Nimo ist gestorben.
[30-12-2015 23:56:08]: Nimo ist gestorben.
[31-12-2015 00:00:01]: Nimo ist gestorben.
[31-12-2015 00:06:28]: Bonus ist gestorben.
[31-12-2015 00:10:43]: Nimo ist gestorben.
[01-01-2016 00:25:41]: Bonus ist gestorben.
[01-01-2016 01:51:59]: Nasenspray ist gestorben.
[01-01-2016 02:12:24]: Nimo ist gestorben.
[01-01-2016 02:16:45]: Bonus ist gestorben.
[01-01-2016 02:21:45]: Bonus ist gestorben.
[01-01-2016 18:39:12]: Martin_025 ist gestorben.
[01-01-2016 18:50:22]: reaL ist gestorben.
[01-01-2016 19:06:17]: Martin_025 ist gestorben.
[01-01-2016 19:09:07]: Simple ist gestorben.
[01-01-2016 19:13:54]: Nasenspray ist gestorben.
[01-01-2016 19:17:53]: Desquared ist gestorben.
[01-01-2016 19:25:55]: reaL ist gestorben.
[01-01-2016 19:44:45]: Creek- ist gestorben.
[01-01-2016 19:49:39]: Kazujin ist gestorben.
[01-01-2016 20:33:36]: YoshiPlayS ist gestorben.
[01-01-2016 20:41:43]: SuRReNdeR ist gestorben.
[01-01-2016 20:47:54]: lalule ist gestorben.
[01-01-2016 20:57:52]: Termi30 ist gestorben.
[01-01-2016 21:02:49]: IceTeaBoY ist gestorben.
[01-01-2016 21:03:01]: VIO ist gestorben.
[01-01-2016 21:05:35]: Creek- ist gestorben.
[01-01-2016 21:05:55]: DreamZ ist gestorben.
[01-01-2016 21:07:32]: IceCube. ist gestorben.
[01-01-2016 21:08:51]: VIO ist gestorben.
[01-01-2016 21:09:51]: Quickmop8 ist gestorben.
[01-01-2016 21:12:46]: IceTeaBoY ist gestorben.
[01-01-2016 21:20:32]: IceTeaBoY ist gestorben.
[01-01-2016 21:20:32]: DreamZ ist gestorben.
[01-01-2016 21:27:11]: TexasFoldem ist gestorben.
[01-01-2016 21:31:54]: ReleX ist gestorben.
[01-01-2016 21:48:16]: IceCube. ist gestorben.
[01-01-2016 21:51:07]: Simple ist gestorben.
[01-01-2016 21:53:35]: reaL ist gestorben.
[01-01-2016 22:17:46]: Nasenspray ist gestorben.
[01-01-2016 22:20:02]: haitor ist gestorben.
[01-01-2016 22:20:42]: reaL ist gestorben.
[01-01-2016 22:22:36]: Simple ist gestorben.
[01-01-2016 22:42:27]: Easy2Kill ist gestorben.
[01-01-2016 22:42:57]: ReleX ist gestorben.
[01-01-2016 22:51:08]: Nasenspray ist gestorben.
[01-01-2016 22:55:30]: reaL ist gestorben.
[01-01-2016 22:55:31]: Creek- ist gestorben.
[01-01-2016 22:55:54]: Dex ist gestorben.
[01-01-2016 23:02:53]: TALOSOFDIVINE ist gestorben.
[01-01-2016 23:02:60]: Nasenspray ist gestorben.
[01-01-2016 23:05:08]: Tired ist gestorben.
[01-01-2016 23:06:08]: ReleX ist gestorben.
[01-01-2016 23:06:19]: TexasFoldem ist gestorben.
[01-01-2016 23:12:43]: Tired ist gestorben.
[01-01-2016 23:27:05]: TexasFoldem ist gestorben.
[01-01-2016 23:27:11]: [Utm]Nimo ist gestorben.
[01-01-2016 23:29:16]: ReleX ist gestorben.
[01-01-2016 23:29:16]: TexasFoldem ist gestorben.
[01-01-2016 23:29:16]: Tired ist gestorben.
[01-01-2016 23:36:04]: Reddog ist gestorben.
[01-01-2016 23:44:04]: TexasFoldem ist gestorben.
[01-01-2016 23:47:04]: DarkOwning ist gestorben.
[01-01-2016 23:50:01]: Enne2k12 ist gestorben.
[01-01-2016 23:53:48]: TexasFoldem ist gestorben.
[02-01-2016 00:29:60]: InSide ist gestorben.
[02-01-2016 00:34:37]: Bonus ist gestorben.
[02-01-2016 00:36:49]: YoshiPlayS ist gestorben.
[02-01-2016 00:53:18]: SuRReNdeR ist gestorben.
[02-01-2016 01:52:08]: Makaveli187 ist gestorben.
[02-01-2016 01:59:31]: [Utm]Nimo ist gestorben.
[02-01-2016 01:59:52]: Flylow ist gestorben.
[02-01-2016 02:01:60]: DarkOwning ist gestorben.
[02-01-2016 02:09:53]: Nasenspray ist gestorben.
[02-01-2016 03:05:44]: Enne2k12 ist gestorben.
[02-01-2016 03:05:51]: DarkOwning ist gestorben.
[02-01-2016 05:42:44]: Siloxis ist gestorben.
[02-01-2016 09:18:33]: IceCube. ist gestorben.
[02-01-2016 11:35:14]: TON ist gestorben.
[02-01-2016 12:49:56]: Martin_025 ist gestorben.
[02-01-2016 14:09:23]: aKa.SiLenT ist gestorben.
[02-01-2016 14:22:08]: FiNaL ist gestorben.
[02-01-2016 14:30:21]: IceTeaBoY ist gestorben.
[02-01-2016 14:41:40]: aKa.SiLenT ist gestorben.
[02-01-2016 15:12:36]: [Utm]Jan ist gestorben.
[02-01-2016 15:12:36]: Darco ist gestorben.
[02-01-2016 15:12:39]: YoshiPlayS ist gestorben.
[02-01-2016 15:18:01]: reaL ist gestorben.
[02-01-2016 15:45:15]: MeGusta ist gestorben.
[02-01-2016 15:56:45]: Nox3 ist gestorben.
[02-01-2016 16:12:16]: Madara- ist gestorben.
[02-01-2016 16:29:18]: Daniel- ist gestorben.
[02-01-2016 16:36:48]: Madara- ist gestorben.
[02-01-2016 16:46:15]: YoshiPlayS ist gestorben.
[02-01-2016 16:55:58]: IceCube. ist gestorben.
[02-01-2016 17:23:28]: Simple ist gestorben.
[02-01-2016 17:42:41]: DarkOwning ist gestorben.
[02-01-2016 17:45:24]: [Utm]Jan ist gestorben.
[02-01-2016 17:49:06]: IceCube. ist gestorben.
[02-01-2016 17:58:59]: Enne2k12 ist gestorben.
[02-01-2016 17:59:07]: TenuousHoodlum37 ist gestorben.
[02-01-2016 17:59:09]: MistyHitman35 ist gestorben.
