[21-12-2015 00:04:27]: Bonus hat ein(e) Messer gekauft.
[21-12-2015 00:04:29]: Bonus hat ein(e) Deagle gekauft.
[21-12-2015 00:04:31]: Bonus hat ein(e) Gewehr gekauft.
[21-12-2015 00:04:33]: Bonus hat ein(e) Sniper gekauft.
[21-12-2015 00:04:34]: Bonus hat ein(e) Sniper gekauft.
[21-12-2015 00:04:34]: Bonus hat ein(e) Raketenwerfer gekauft.
[21-12-2015 00:04:35]: Bonus hat ein(e) Raketenwerfer gekauft.
[21-12-2015 00:04:35]: Bonus hat ein(e) Raketenwerfer gekauft.
[01-01-2016 18:15:35]: Change hat ein(e) Deagle gekauft.
[01-01-2016 18:15:35]: Change hat ein(e) Deagle gekauft.
[01-01-2016 18:15:35]: Change hat ein(e) Deagle gekauft.
[01-01-2016 18:45:51]: Simple hat ein(e) Deagle gekauft.
[01-01-2016 18:45:51]: Simple hat ein(e) Mp5 gekauft.
[01-01-2016 18:45:52]: Simple hat ein(e) Deagle gekauft.
[01-01-2016 18:45:52]: Simple hat ein(e) Mp5 gekauft.
[01-01-2016 18:46:29]: BruceWayne hat ein(e) Messer gekauft.
[01-01-2016 18:46:29]: BruceWayne hat ein(e) Deagle gekauft.
[01-01-2016 18:46:30]: BruceWayne hat ein(e) Deagle gekauft.
[01-01-2016 18:46:31]: BruceWayne hat ein(e) Mp5 gekauft.
[01-01-2016 19:03:51]: 22guney22 hat ein(e) Deagle gekauft.
[01-01-2016 19:03:52]: 22guney22 hat ein(e) Deagle gekauft.
[01-01-2016 19:03:53]: 22guney22 hat ein(e) Deagle gekauft.
[01-01-2016 19:03:54]: 22guney22 hat ein(e) Deagle gekauft.
[01-01-2016 19:11:07]: BruceWayne hat ein(e) Messer gekauft.
[01-01-2016 19:11:08]: BruceWayne hat ein(e) Deagle gekauft.
[01-01-2016 19:11:09]: BruceWayne hat ein(e) Deagle gekauft.
[01-01-2016 19:11:10]: BruceWayne hat ein(e) Mp5 gekauft.
[01-01-2016 19:11:43]: Change hat ein(e) Mp5 gekauft.
[01-01-2016 19:12:06]: 22guney22 hat ein(e) Deagle gekauft.
[01-01-2016 19:12:06]: 22guney22 hat ein(e) Deagle gekauft.
[01-01-2016 19:12:06]: 22guney22 hat ein(e) Deagle gekauft.
[01-01-2016 19:12:07]: 22guney22 hat ein(e) Deagle gekauft.
[01-01-2016 19:12:07]: 22guney22 hat ein(e) Deagle gekauft.
[01-01-2016 19:12:07]: 22guney22 hat ein(e) Deagle gekauft.
[01-01-2016 19:12:07]: 22guney22 hat ein(e) Deagle gekauft.
[01-01-2016 19:12:15]: [Utm]Nimo hat ein(e) Deagle gekauft.
[01-01-2016 19:12:21]: Hanybal hat ein(e) Deagle gekauft.
[01-01-2016 19:12:21]: Hanybal hat ein(e) Mp5 gekauft.
[01-01-2016 19:12:22]: [Utm]Nimo hat ein(e) M4 gekauft.
[01-01-2016 19:12:29]: 199Alex hat ein(e) Deagle gekauft.
[01-01-2016 19:12:30]: 199Alex hat ein(e) Deagle gekauft.
[01-01-2016 19:12:53]: [Utm]Nimo hat ein(e) Mp5 gekauft.
[01-01-2016 19:12:54]: FiNaL hat ein(e) Deagle gekauft.
[01-01-2016 19:12:55]: FiNaL hat ein(e) Deagle gekauft.
[01-01-2016 19:12:57]: FiNaL hat ein(e) Mp5 gekauft.
[01-01-2016 19:12:59]: FiNaL hat ein(e) Mp5 gekauft.
[01-01-2016 19:29:48]: 199Alex hat ein(e) Deagle gekauft.
[01-01-2016 19:41:04]: zOR hat ein(e) Deagle gekauft.
[01-01-2016 19:41:06]: zOR hat ein(e) Deagle gekauft.
[01-01-2016 19:55:57]: Undercover hat ein(e) Deagle gekauft.
[01-01-2016 19:55:59]: Undercover hat ein(e) Mp5 gekauft.
[01-01-2016 20:09:50]: DreamZ hat ein(e) Deagle gekauft.
[01-01-2016 20:09:59]: Kendo hat ein(e) Deagle gekauft.
[01-01-2016 20:25:38]: Shooting hat ein(e) Deagle gekauft.
[01-01-2016 20:25:40]: Shooting hat ein(e) Mp5 gekauft.
[01-01-2016 20:25:41]: Shooting hat ein(e) Baseball gekauft.
[01-01-2016 20:26:14]: Shooting hat ein(e) Mp5 gekauft.
[01-01-2016 20:26:15]: Shooting hat ein(e) Deagle gekauft.
[01-01-2016 20:37:04]: BruceWayne hat ein(e) Deagle gekauft.
[01-01-2016 20:37:04]: BruceWayne hat ein(e) Deagle gekauft.
[01-01-2016 20:37:06]: BruceWayne hat ein(e) Mp5 gekauft.
[01-01-2016 20:37:06]: BruceWayne hat ein(e) Mp5 gekauft.
[01-01-2016 20:53:48]: Kendo hat ein(e) Deagle gekauft.
[01-01-2016 20:53:49]: Kendo hat ein(e) Deagle gekauft.
[01-01-2016 20:53:49]: Kendo hat ein(e) Baseball gekauft.
[01-01-2016 21:00:21]: IceTeaBoY hat ein(e) Deagle gekauft.
[01-01-2016 21:03:35]: IceTeaBoY hat ein(e) Deagle gekauft.
[01-01-2016 21:06:05]: false hat ein(e) Deagle gekauft.
[01-01-2016 21:06:06]: false hat ein(e) Mp5 gekauft.
[01-01-2016 21:06:07]: false hat ein(e) Mp5 gekauft.
[01-01-2016 21:06:09]: false hat ein(e) Deagle gekauft.
[01-01-2016 21:07:38]: BruceWayne hat ein(e) Deagle gekauft.
[01-01-2016 21:07:38]: BruceWayne hat ein(e) Deagle gekauft.
[01-01-2016 21:07:38]: BruceWayne hat ein(e) Mp5 gekauft.
[01-01-2016 21:15:51]: IceTeaBoY hat ein(e) Deagle gekauft.
[01-01-2016 21:16:52]: Hanybal hat ein(e) Deagle gekauft.
[01-01-2016 21:16:53]: Hanybal hat ein(e) Mp5 gekauft.
[01-01-2016 21:17:11]: Martin_025 hat ein(e) Deagle gekauft.
[01-01-2016 21:17:14]: Martin_025 hat ein(e) Mp5 gekauft.
[01-01-2016 21:17:16]: Martin_025 hat ein(e) Messer gekauft.
[01-01-2016 21:18:38]: false hat ein(e) Deagle gekauft.
[01-01-2016 21:18:39]: false hat ein(e) Mp5 gekauft.
[01-01-2016 21:18:40]: false hat ein(e) Mp5 gekauft.
[01-01-2016 21:22:52]: DreamZ hat ein(e) Mp5 gekauft.
[01-01-2016 21:22:53]: DreamZ hat ein(e) Deagle gekauft.
[01-01-2016 21:24:23]: Hanybal hat ein(e) Deagle gekauft.
[01-01-2016 21:24:24]: Hanybal hat ein(e) Mp5 gekauft.
[01-01-2016 21:24:25]: Hanybal hat ein(e) Mp5 gekauft.
[01-01-2016 21:41:22]: Hanybal hat ein(e) Deagle gekauft.
[01-01-2016 21:41:23]: Hanybal hat ein(e) Mp5 gekauft.
[01-01-2016 21:41:25]: Hanybal hat ein(e) Mp5 gekauft.
[01-01-2016 21:41:26]: Hanybal hat ein(e) Deagle gekauft.
[01-01-2016 22:05:12]: [Utm]Nimo hat ein(e) M4 gekauft.
[01-01-2016 22:05:14]: [Utm]Nimo hat ein(e) Mp5 gekauft.
[01-01-2016 22:05:15]: [Utm]Nimo hat ein(e) Deagle gekauft.
[01-01-2016 22:08:19]: Hanybal hat ein(e) Mp5 gekauft.
[01-01-2016 22:08:20]: Hanybal hat ein(e) Deagle gekauft.
[01-01-2016 22:09:11]: Hanybal hat ein(e) Deagle gekauft.
[01-01-2016 22:09:11]: Hanybal hat ein(e) Mp5 gekauft.
[01-01-2016 22:09:12]: Hanybal hat ein(e) Deagle gekauft.
[01-01-2016 22:09:12]: Hanybal hat ein(e) Mp5 gekauft.
[01-01-2016 22:09:35]: IceTeaBoY hat ein(e) Deagle gekauft.
[01-01-2016 22:12:53]: [Utm]Nimo hat ein(e) Gewehr gekauft.
[01-01-2016 22:12:54]: [Utm]Nimo hat ein(e) Gewehr gekauft.
[01-01-2016 22:14:05]: 199Alex hat ein(e) Gewehr gekauft.
[01-01-2016 22:14:05]: 199Alex hat ein(e) Gewehr gekauft.
[01-01-2016 22:14:06]: 199Alex hat ein(e) Gewehr gekauft.
[01-01-2016 22:15:51]: Simple hat ein(e) Deagle gekauft.
[01-01-2016 22:16:36]: Simple hat ein(e) Mp5 gekauft.
[01-01-2016 22:26:38]: Undercover hat ein(e) Mp5 gekauft.
[01-01-2016 22:32:20]: Termi30 hat ein(e) Gewehr gekauft.
[01-01-2016 22:32:26]: Hanybal hat ein(e) Deagle gekauft.
[01-01-2016 22:32:27]: Hanybal hat ein(e) Mp5 gekauft.
[01-01-2016 22:32:28]: Hanybal hat ein(e) Gewehr gekauft.
[01-01-2016 22:32:29]: Hanybal hat ein(e) M4 gekauft.
[01-01-2016 22:32:30]: Hanybal hat ein(e) Gewehr gekauft.
[01-01-2016 22:32:31]: Hanybal hat ein(e) Deagle gekauft.
[01-01-2016 22:32:51]: Undercover hat ein(e) Deagle gekauft.
[01-01-2016 22:32:52]: Martin_025 hat ein(e) Deagle gekauft.
[01-01-2016 22:32:53]: Martin_025 hat ein(e) Mp5 gekauft.
[01-01-2016 22:32:53]: Undercover hat ein(e) Gewehr gekauft.
[01-01-2016 22:32:56]: Undercover hat ein(e) M4 gekauft.
[01-01-2016 22:33:07]: lalule hat ein(e) Deagle gekauft.
[01-01-2016 22:33:08]: lalule hat ein(e) Deagle gekauft.
[01-01-2016 22:33:19]: Steckl hat ein(e) M4 gekauft.
[01-01-2016 22:33:26]: [Utm]Nimo hat ein(e) Deagle gekauft.
[01-01-2016 22:33:26]: [Utm]Nimo hat ein(e) Mp5 gekauft.
[01-01-2016 22:33:28]: [Utm]Nimo hat ein(e) Gewehr gekauft.
[01-01-2016 22:33:28]: [Utm]Nimo hat ein(e) M4 gekauft.
[01-01-2016 22:33:30]: [Utm]Nimo hat ein(e) M4 gekauft.
[01-01-2016 22:34:04]: Siloxis hat ein(e) Mp5 gekauft.
[01-01-2016 22:34:09]: Siloxis hat ein(e) Gewehr gekauft.
[01-01-2016 22:34:24]: Simple hat ein(e) Deagle gekauft.
[01-01-2016 22:34:27]: Simple hat ein(e) Mp5 gekauft.
[01-01-2016 22:34:28]: 199Alex hat ein(e) Gewehr gekauft.
[01-01-2016 22:34:29]: Simple hat ein(e) Gewehr gekauft.
[01-01-2016 22:34:29]: 199Alex hat ein(e) Gewehr gekauft.
[01-01-2016 22:34:31]: Simple hat ein(e) M4 gekauft.
[01-01-2016 22:59:04]: Dex hat ein(e) Deagle gekauft.
[01-01-2016 23:12:29]: Tyrex hat ein(e) Deagle gekauft.
[01-01-2016 23:12:30]: Tyrex hat ein(e) Mp5 gekauft.
[01-01-2016 23:12:32]: [Utm]Nimo hat ein(e) M4 gekauft.
[01-01-2016 23:12:36]: [Utm]Nimo hat ein(e) Mp5 gekauft.
[01-01-2016 23:12:36]: [Utm]Nimo hat ein(e) Deagle gekauft.
[01-01-2016 23:12:38]: Tyrex hat ein(e) Mp5 gekauft.
[01-01-2016 23:12:38]: Tyrex hat ein(e) Mp5 gekauft.
[01-01-2016 23:12:39]: Tyrex hat ein(e) Mp5 gekauft.
[01-01-2016 23:12:39]: Tyrex hat ein(e) Mp5 gekauft.
[01-01-2016 23:12:39]: Tyrex hat ein(e) Mp5 gekauft.
[01-01-2016 23:12:39]: Tyrex hat ein(e) Mp5 gekauft.
[01-01-2016 23:12:39]: Tyrex hat ein(e) Mp5 gekauft.
[01-01-2016 23:12:40]: Tyrex hat ein(e) Deagle gekauft.
[01-01-2016 23:12:40]: Tyrex hat ein(e) Deagle gekauft.
[01-01-2016 23:12:40]: Tyrex hat ein(e) Deagle gekauft.
[01-01-2016 23:12:40]: Tyrex hat ein(e) Deagle gekauft.
[01-01-2016 23:12:40]: Tyrex hat ein(e) Deagle gekauft.
[01-01-2016 23:12:41]: Tyrex hat ein(e) Deagle gekauft.
[01-01-2016 23:12:41]: Tyrex hat ein(e) Deagle gekauft.
[01-01-2016 23:25:07]: Siloxis hat ein(e) Gewehr gekauft.
[01-01-2016 23:25:40]: Steckl hat ein(e) Deagle gekauft.
[01-01-2016 23:25:44]: Steckl hat ein(e) M4 gekauft.
[01-01-2016 23:25:45]: Steckl hat ein(e) Mp5 gekauft.
[01-01-2016 23:26:49]: SuRReNdeR hat ein(e) M4 gekauft.
[01-01-2016 23:26:53]: SuRReNdeR hat ein(e) Deagle gekauft.
[01-01-2016 23:26:54]: SuRReNdeR hat ein(e) Mp5 gekauft.
[01-01-2016 23:26:55]: Hushed hat ein(e) Deagle gekauft.
[01-01-2016 23:29:37]: reaL hat ein(e) Deagle gekauft.
[01-01-2016 23:33:03]: [Utm]Nimo hat ein(e) Deagle gekauft.
[01-01-2016 23:33:03]: [Utm]Nimo hat ein(e) Mp5 gekauft.
[01-01-2016 23:33:04]: [Utm]Nimo hat ein(e) M4 gekauft.
[01-01-2016 23:33:05]: [Utm]Nimo hat ein(e) Gewehr gekauft.
[01-01-2016 23:33:19]: IceTeaBoY hat ein(e) Deagle gekauft.
[01-01-2016 23:33:41]: Hushed hat ein(e) Deagle gekauft.
[01-01-2016 23:40:19]: InSide hat ein(e) Deagle gekauft.
[01-01-2016 23:41:16]: haitor hat ein(e) Deagle gekauft.
[01-01-2016 23:46:27]: InSide hat ein(e) Deagle gekauft.
[01-01-2016 23:49:59]: Quickmop8 hat ein(e) Deagle gekauft.
[01-01-2016 23:49:59]: Hushed hat ein(e) Deagle gekauft.
[01-01-2016 23:51:06]: reaL hat ein(e) Sniper gekauft.
[01-01-2016 23:51:10]: reaL hat ein(e) Deagle gekauft.
[01-01-2016 23:51:13]: Siloxis hat ein(e) Deagle gekauft.
[01-01-2016 23:51:13]: Siloxis hat ein(e) Mp5 gekauft.
[01-01-2016 23:51:14]: Siloxis hat ein(e) Mp5 gekauft.
[01-01-2016 23:51:16]: Siloxis hat ein(e) Gewehr gekauft.
[01-01-2016 23:51:16]: Siloxis hat ein(e) Gewehr gekauft.
[01-01-2016 23:52:07]: Hushed hat ein(e) Deagle gekauft.
[01-01-2016 23:54:34]: SuRReNdeR hat ein(e) Deagle gekauft.
[01-01-2016 23:54:34]: SuRReNdeR hat ein(e) Deagle gekauft.
[01-01-2016 23:54:39]: SuRReNdeR hat ein(e) M4 gekauft.
[01-01-2016 23:55:21]: Dex hat ein(e) Deagle gekauft.
[01-01-2016 23:56:31]: Dex hat ein(e) Deagle gekauft.
[01-01-2016 23:58:17]: Dex hat ein(e) Deagle gekauft.
[01-01-2016 23:58:38]: Quickmop8 hat ein(e) Deagle gekauft.
[02-01-2016 00:06:45]: Siloxis hat ein(e) Deagle gekauft.
[02-01-2016 00:06:48]: Siloxis hat ein(e) Katana gekauft.
[02-01-2016 00:07:02]: Siloxis hat ein(e) Deagle gekauft.
[02-01-2016 00:13:23]: BruceWayne hat ein(e) Deagle gekauft.
[02-01-2016 00:13:24]: BruceWayne hat ein(e) Deagle gekauft.
[02-01-2016 00:13:25]: BruceWayne hat ein(e) Mp5 gekauft.
[02-01-2016 00:13:25]: BruceWayne hat ein(e) Mp5 gekauft.
[02-01-2016 00:17:43]: BruceWayne hat ein(e) Deagle gekauft.
[02-01-2016 00:17:43]: BruceWayne hat ein(e) Deagle gekauft.
[02-01-2016 00:17:44]: BruceWayne hat ein(e) Mp5 gekauft.
[02-01-2016 00:17:44]: BruceWayne hat ein(e) Mp5 gekauft.
[02-01-2016 00:29:38]: Siloxis hat ein(e) Deagle gekauft.
[02-01-2016 00:29:38]: Siloxis hat ein(e) Deagle gekauft.
[02-01-2016 00:29:38]: Siloxis hat ein(e) Deagle gekauft.
[02-01-2016 00:29:53]: SuRReNdeR hat ein(e) M4 gekauft.
[02-01-2016 00:29:55]: Quickmop8 hat ein(e) Deagle gekauft.
[02-01-2016 00:29:55]: SuRReNdeR hat ein(e) Deagle gekauft.
[02-01-2016 00:29:55]: SuRReNdeR hat ein(e) Mp5 gekauft.
[02-01-2016 00:29:57]: SuRReNdeR hat ein(e) Gewehr gekauft.
[02-01-2016 00:30:16]: Steckl hat ein(e) Deagle gekauft.
[02-01-2016 00:38:25]: Simple hat ein(e) Deagle gekauft.
[02-01-2016 00:38:27]: Simple hat ein(e) Mp5 gekauft.
[02-01-2016 00:38:28]: Simple hat ein(e) Mp5 gekauft.
[02-01-2016 00:38:31]: Simple hat ein(e) Gewehr gekauft.
[02-01-2016 00:38:32]: Simple hat ein(e) M4 gekauft.
[02-01-2016 00:38:33]: Simple hat ein(e) Gewehr gekauft.
[02-01-2016 00:42:26]: Bonus hat ein(e) Deagle gekauft.
[02-01-2016 00:42:27]: Bonus hat ein(e) Gewehr gekauft.
[02-01-2016 00:42:28]: Bonus hat ein(e) Gewehr gekauft.
[02-01-2016 00:42:29]: Bonus hat ein(e) M4 gekauft.
[02-01-2016 00:42:29]: Bonus hat ein(e) M4 gekauft.
[02-01-2016 00:42:30]: Bonus hat ein(e) M4 gekauft.
[02-01-2016 00:42:34]: [Utm]Nimo hat ein(e) Gewehr gekauft.
[02-01-2016 00:42:34]: [Utm]Nimo hat ein(e) Gewehr gekauft.
[02-01-2016 00:42:35]: Serano hat ein(e) Deagle gekauft.
[02-01-2016 00:42:35]: Serano hat ein(e) Deagle gekauft.
[02-01-2016 00:42:37]: Serano hat ein(e) Gewehr gekauft.
[02-01-2016 00:42:37]: Serano hat ein(e) Deagle gekauft.
[02-01-2016 00:42:37]: Serano hat ein(e) Mp5 gekauft.
[02-01-2016 00:42:38]: Serano hat ein(e) Gewehr gekauft.
[02-01-2016 00:42:38]: Serano hat ein(e) Mp5 gekauft.
[02-01-2016 00:42:39]: Serano hat ein(e) M4 gekauft.
[02-01-2016 00:42:39]: Serano hat ein(e) M4 gekauft.
[02-01-2016 00:53:60]: Quickmop8 hat ein(e) Deagle gekauft.
[02-01-2016 00:55:15]: SuRReNdeR hat ein(e) Deagle gekauft.
[02-01-2016 00:55:15]: SuRReNdeR hat ein(e) Mp5 gekauft.
[02-01-2016 00:55:16]: SuRReNdeR hat ein(e) Gewehr gekauft.
[02-01-2016 00:55:17]: SuRReNdeR hat ein(e) M4 gekauft.
[02-01-2016 00:55:60]: haitor hat ein(e) Deagle gekauft.
[02-01-2016 00:56:24]: Simple hat ein(e) Deagle gekauft.
[02-01-2016 00:56:24]: Simple hat ein(e) Mp5 gekauft.
[02-01-2016 00:56:25]: Simple hat ein(e) M4 gekauft.
[02-01-2016 00:56:26]: Simple hat ein(e) M4 gekauft.
[02-01-2016 00:56:26]: Simple hat ein(e) Gewehr gekauft.
[02-01-2016 01:18:05]: Dex hat ein(e) Deagle gekauft.
[02-01-2016 01:18:06]: Quickmop8 hat ein(e) Deagle gekauft.
[02-01-2016 01:18:30]: InSide hat ein(e) Deagle gekauft.
[02-01-2016 01:18:31]: InSide hat ein(e) Deagle gekauft.
[02-01-2016 01:24:23]: Dex hat ein(e) Baseball gekauft.
[02-01-2016 01:24:59]: [Utm]Nimo hat ein(e) Deagle gekauft.
[02-01-2016 01:25:01]: [Utm]Nimo hat ein(e) Mp5 gekauft.
[02-01-2016 01:25:02]: [Utm]Nimo hat ein(e) M4 gekauft.
[02-01-2016 01:25:03]: [Utm]Nimo hat ein(e) Gewehr gekauft.
[02-01-2016 01:25:05]: [Utm]Nimo hat ein(e) Gewehr gekauft.
[02-01-2016 01:34:18]: Quickmop8 hat ein(e) Deagle gekauft.
[02-01-2016 01:35:07]: Dex hat ein(e) Deagle gekauft.
[02-01-2016 01:35:08]: Dex hat ein(e) Queue gekauft.
[02-01-2016 01:42:37]: Quickmop8 hat ein(e) Deagle gekauft.
[02-01-2016 01:43:21]: Hushed hat ein(e) Deagle gekauft.
[02-01-2016 01:53:26]: Makaveli187 hat ein(e) Deagle gekauft.
[02-01-2016 01:53:26]: Makaveli187 hat ein(e) Deagle gekauft.
[02-01-2016 01:54:19]: Termi30 hat ein(e) M4 gekauft.
[02-01-2016 01:54:21]: Termi30 hat ein(e) Mp5 gekauft.
[02-01-2016 01:54:22]: Termi30 hat ein(e) Gewehr gekauft.
[02-01-2016 02:00:49]: Termi30 hat ein(e) Mp5 gekauft.
[02-01-2016 02:00:50]: Termi30 hat ein(e) Gewehr gekauft.
[02-01-2016 02:00:50]: Termi30 hat ein(e) M4 gekauft.
[02-01-2016 02:01:07]: [Utm]Nimo hat ein(e) Deagle gekauft.
[02-01-2016 02:01:08]: [Utm]Nimo hat ein(e) Mp5 gekauft.
[02-01-2016 02:02:43]: SuRReNdeR hat ein(e) M4 gekauft.
[02-01-2016 02:02:44]: SuRReNdeR hat ein(e) Mp5 gekauft.
[02-01-2016 02:02:44]: SuRReNdeR hat ein(e) Deagle gekauft.
[02-01-2016 02:02:45]: SuRReNdeR hat ein(e) Gewehr gekauft.
[02-01-2016 02:23:24]: Makaveli187 hat ein(e) Deagle gekauft.
[02-01-2016 02:23:25]: Makaveli187 hat ein(e) Deagle gekauft.
[02-01-2016 02:24:08]: InSide hat ein(e) Deagle gekauft.
[02-01-2016 02:24:09]: InSide hat ein(e) Deagle gekauft.
[02-01-2016 02:26:18]: Quickmop8 hat ein(e) Deagle gekauft.
[02-01-2016 02:28:17]: IceTeaBoY hat ein(e) Deagle gekauft.
[02-01-2016 02:42:31]: Makaveli187 hat ein(e) Deagle gekauft.
[02-01-2016 02:43:50]: Termi30 hat ein(e) M4 gekauft.
[02-01-2016 02:43:52]: Termi30 hat ein(e) Deagle gekauft.
[02-01-2016 02:44:05]: IceTeaBoY hat ein(e) Deagle gekauft.
[02-01-2016 03:02:56]: IceTeaBoY hat ein(e) Deagle gekauft.
[02-01-2016 03:06:23]: Quickmop8 hat ein(e) Deagle gekauft.
[02-01-2016 03:15:37]: Dex hat ein(e) Deagle gekauft.
[02-01-2016 03:29:46]: Makaveli187 hat ein(e) Deagle gekauft.
[02-01-2016 03:29:48]: Makaveli187 hat ein(e) Deagle gekauft.
[02-01-2016 03:31:47]: Quickmop8 hat ein(e) Deagle gekauft.
[02-01-2016 03:49:34]: Quickmop8 hat ein(e) Deagle gekauft.
[02-01-2016 03:54:12]: Quickmop8 hat ein(e) Deagle gekauft.
[02-01-2016 04:23:21]: Quickmop8 hat ein(e) Deagle gekauft.
[02-01-2016 04:23:45]: Siloxis hat ein(e) Deagle gekauft.
[02-01-2016 04:23:46]: Siloxis hat ein(e) Deagle gekauft.
[02-01-2016 06:40:54]: SuRReNdeR hat ein(e) Queue gekauft.
[02-01-2016 07:13:48]: Siloxis hat ein(e) Deagle gekauft.
[02-01-2016 07:13:48]: Siloxis hat ein(e) Deagle gekauft.
[02-01-2016 07:13:49]: Siloxis hat ein(e) Mp5 gekauft.
[02-01-2016 07:13:52]: Siloxis hat ein(e) Mp5 gekauft.
[02-01-2016 07:13:53]: Siloxis hat ein(e) Deagle gekauft.
[02-01-2016 07:13:58]: Siloxis hat ein(e) Queue gekauft.
[02-01-2016 09:57:24]: Steckl hat ein(e) Gewehr gekauft.
[02-01-2016 09:57:25]: Steckl hat ein(e) Gewehr gekauft.
[02-01-2016 09:58:19]: Steckl hat ein(e) Queue gekauft.
[02-01-2016 10:13:01]: FiNaL hat ein(e) Mp5 gekauft.
[02-01-2016 10:13:25]: FiNaL hat ein(e) Mp5 gekauft.
[02-01-2016 10:13:27]: FiNaL hat ein(e) Deagle gekauft.
[02-01-2016 10:13:27]: FiNaL hat ein(e) Deagle gekauft.
[02-01-2016 10:13:27]: FiNaL hat ein(e) Deagle gekauft.
[02-01-2016 10:44:58]: Change hat ein(e) Deagle gekauft.
[02-01-2016 10:44:59]: Change hat ein(e) Deagle gekauft.
[02-01-2016 10:44:59]: Change hat ein(e) Deagle gekauft.
[02-01-2016 10:45:50]: DreamZ hat ein(e) Queue gekauft.
[02-01-2016 10:45:51]: DreamZ hat ein(e) Deagle gekauft.
[02-01-2016 10:45:51]: DreamZ hat ein(e) Deagle gekauft.
[02-01-2016 10:45:53]: DreamZ hat ein(e) Mp5 gekauft.
[02-01-2016 10:45:53]: DreamZ hat ein(e) Mp5 gekauft.
[02-01-2016 10:45:60]: Change hat ein(e) Mp5 gekauft.
[02-01-2016 10:50:08]: Change hat ein(e) Deagle gekauft.
[02-01-2016 10:50:08]: Change hat ein(e) Deagle gekauft.
[02-01-2016 10:50:09]: Change hat ein(e) Deagle gekauft.
[02-01-2016 10:50:10]: Change hat ein(e) Messer gekauft.
[02-01-2016 10:50:11]: Change hat ein(e) Mp5 gekauft.
[02-01-2016 11:40:56]: FiNaL hat ein(e) Deagle gekauft.
[02-01-2016 12:14:39]: Steckl hat ein(e) M4 gekauft.
[02-01-2016 12:20:18]: zOR hat ein(e) Deagle gekauft.
[02-01-2016 12:21:05]: Martin_025 hat ein(e) Deagle gekauft.
[02-01-2016 12:21:05]: Martin_025 hat ein(e) Deagle gekauft.
[02-01-2016 12:22:56]: Kendo hat ein(e) Deagle gekauft.
[02-01-2016 12:22:57]: Kendo hat ein(e) Queue gekauft.
[02-01-2016 12:22:58]: Kendo hat ein(e) Deagle gekauft.
[02-01-2016 12:24:31]: Steckl hat ein(e) Gewehr gekauft.
[02-01-2016 12:24:41]: Steckl hat ein(e) M4 gekauft.
[02-01-2016 12:40:15]: Shooting hat ein(e) Deagle gekauft.
[02-01-2016 12:40:15]: Shooting hat ein(e) Mp5 gekauft.
[02-01-2016 12:51:16]: [Utm]Nimo hat ein(e) Deagle gekauft.
[02-01-2016 12:51:17]: [Utm]Nimo hat ein(e) Mp5 gekauft.
[02-01-2016 12:51:18]: [Utm]Nimo hat ein(e) M4 gekauft.
[02-01-2016 12:51:20]: [Utm]Nimo hat ein(e) Gewehr gekauft.
[02-01-2016 12:51:50]: FiNaL hat ein(e) M4 gekauft.
[02-01-2016 12:51:54]: FiNaL hat ein(e) Deagle gekauft.
[02-01-2016 12:51:58]: FiNaL hat ein(e) Mp5 gekauft.
[02-01-2016 12:53:25]: Martin_025 hat ein(e) Deagle gekauft.
[02-01-2016 12:53:26]: Martin_025 hat ein(e) Mp5 gekauft.
[02-01-2016 12:53:27]: Martin_025 hat ein(e) Gewehr gekauft.
[02-01-2016 12:53:28]: Martin_025 hat ein(e) Lupara gekauft.
[02-01-2016 12:53:33]: Martin_025 hat ein(e) M4 gekauft.
[02-01-2016 13:10:18]: Change hat ein(e) Deagle gekauft.
[02-01-2016 13:10:19]: Change hat ein(e) Deagle gekauft.
[02-01-2016 13:10:19]: Change hat ein(e) Deagle gekauft.
[02-01-2016 13:10:20]: Change hat ein(e) Mp5 gekauft.
[02-01-2016 13:10:20]: Change hat ein(e) Mp5 gekauft.
[02-01-2016 13:10:21]: Change hat ein(e) M4 gekauft.
[02-01-2016 13:10:21]: Change hat ein(e) M4 gekauft.
[02-01-2016 13:10:23]: Change hat ein(e) M4 gekauft.
[02-01-2016 13:17:07]: InSide hat ein(e) Queue gekauft.
[02-01-2016 13:32:40]: IceTeaBoY hat ein(e) Deagle gekauft.
[02-01-2016 13:45:01]: Steckl hat ein(e) Deagle gekauft.
[02-01-2016 13:45:04]: Steckl hat ein(e) M4 gekauft.
[02-01-2016 13:45:05]: Steckl hat ein(e) Mp5 gekauft.
[02-01-2016 13:45:06]: Steckl hat ein(e) Molotov gekauft.
[02-01-2016 13:45:08]: Steckl hat ein(e) Raketenwerfer gekauft.
[02-01-2016 13:51:43]: IceTeaBoY hat ein(e) Deagle gekauft.
[02-01-2016 13:52:35]: IceTeaBoY hat ein(e) Mp5 gekauft.
[02-01-2016 13:59:09]: TON hat ein(e) Lupara gekauft.
[02-01-2016 14:07:22]: Steckl hat ein(e) Molotov gekauft.
[02-01-2016 14:08:12]: Steckl hat ein(e) Molotov gekauft.
[02-01-2016 14:08:12]: Steckl hat ein(e) Molotov gekauft.
[02-01-2016 14:34:45]: IceTeaBoY hat ein(e) Deagle gekauft.
[02-01-2016 14:34:55]: Serano hat ein(e) Deagle gekauft.
[02-01-2016 14:34:56]: Serano hat ein(e) Deagle gekauft.
[02-01-2016 14:34:56]: Serano hat ein(e) Deagle gekauft.
[02-01-2016 14:35:14]: IceTeaBoY hat ein(e) Mp5 gekauft.
[02-01-2016 14:36:23]: aKa.SiLenT hat ein(e) Deagle gekauft.
[02-01-2016 14:36:49]: reaL hat ein(e) Deagle gekauft.
[02-01-2016 14:36:51]: reaL hat ein(e) Mp5 gekauft.
[02-01-2016 14:36:53]: reaL hat ein(e) M4 gekauft.
[02-01-2016 14:36:56]: zOR hat ein(e) Mp5 gekauft.
[02-01-2016 14:36:57]: zOR hat ein(e) Mp5 gekauft.
[02-01-2016 14:37:23]: Steckl hat ein(e) Queue gekauft.
[02-01-2016 14:37:32]: zOR hat ein(e) Deagle gekauft.
[02-01-2016 14:38:33]: aKa.SiLenT hat ein(e) Mp5 gekauft.
[02-01-2016 14:39:19]: zOR hat ein(e) Mp5 gekauft.
[02-01-2016 14:39:41]: aKa.SiLenT hat ein(e) Gewehr gekauft.
[02-01-2016 14:40:29]: aKa.SiLenT hat ein(e) M4 gekauft.
[02-01-2016 14:41:13]: Steckl hat ein(e) Gewehr gekauft.
[02-01-2016 14:42:23]: Serano hat ein(e) Deagle gekauft.
[02-01-2016 14:42:23]: Serano hat ein(e) Mp5 gekauft.
[02-01-2016 14:42:25]: Serano hat ein(e) M4 gekauft.
[02-01-2016 14:42:25]: Serano hat ein(e) Gewehr gekauft.
[02-01-2016 14:42:27]: Serano hat ein(e) M4 gekauft.
[02-01-2016 14:42:28]: Serano hat ein(e) Mp5 gekauft.
[02-01-2016 14:43:15]: aKa.SiLenT hat ein(e) Deagle gekauft.
[02-01-2016 14:43:16]: aKa.SiLenT hat ein(e) Mp5 gekauft.
[02-01-2016 14:43:16]: aKa.SiLenT hat ein(e) Gewehr gekauft.
[02-01-2016 14:43:17]: aKa.SiLenT hat ein(e) M4 gekauft.
[02-01-2016 14:43:48]: [Utm]Nimo hat ein(e) Deagle gekauft.
[02-01-2016 14:43:49]: [Utm]Nimo hat ein(e) Mp5 gekauft.
[02-01-2016 14:43:51]: [Utm]Nimo hat ein(e) M4 gekauft.
[02-01-2016 14:43:51]: [Utm]Nimo hat ein(e) Gewehr gekauft.
[02-01-2016 14:45:22]: Simple hat ein(e) Deagle gekauft.
[02-01-2016 14:45:22]: Simple hat ein(e) Mp5 gekauft.
[02-01-2016 14:45:23]: Simple hat ein(e) M4 gekauft.
[02-01-2016 14:45:24]: Simple hat ein(e) Gewehr gekauft.
[02-01-2016 14:48:06]: TON hat ein(e) Deagle gekauft.
[02-01-2016 14:48:08]: TON hat ein(e) Gewehr gekauft.
[02-01-2016 14:48:10]: TON hat ein(e) M4 gekauft.
[02-01-2016 14:48:11]: TON hat ein(e) Mp5 gekauft.
[02-01-2016 14:50:02]: Madara- hat ein(e) Deagle gekauft.
[02-01-2016 14:56:19]: Madara- hat ein(e) M4 gekauft.
[02-01-2016 14:56:19]: Madara- hat ein(e) Gewehr gekauft.
[02-01-2016 14:58:03]: Hanybal hat ein(e) Deagle gekauft.
[02-01-2016 14:58:06]: Hanybal hat ein(e) Deagle gekauft.
[02-01-2016 14:58:06]: Hanybal hat ein(e) Mp5 gekauft.
[02-01-2016 14:58:07]: Hanybal hat ein(e) Gewehr gekauft.
[02-01-2016 14:58:08]: Hanybal hat ein(e) M4 gekauft.
[02-01-2016 14:58:09]: Hanybal hat ein(e) Gewehr gekauft.
[02-01-2016 14:59:15]: aKa.SiLenT hat ein(e) Deagle gekauft.
[02-01-2016 14:59:15]: aKa.SiLenT hat ein(e) Deagle gekauft.
[02-01-2016 14:59:23]: Steckl hat ein(e) Deagle gekauft.
[02-01-2016 14:59:27]: Steckl hat ein(e) M4 gekauft.
[02-01-2016 14:59:27]: Steckl hat ein(e) Gewehr gekauft.
[02-01-2016 14:59:29]: Steckl hat ein(e) M4 gekauft.
[02-01-2016 14:59:31]: Steckl hat ein(e) Deagle gekauft.
[02-01-2016 14:59:32]: zOR hat ein(e) Deagle gekauft.
[02-01-2016 14:59:32]: zOR hat ein(e) Deagle gekauft.
[02-01-2016 14:59:44]: aKa.SiLenT hat ein(e) Mp5 gekauft.
[02-01-2016 14:59:44]: aKa.SiLenT hat ein(e) Gewehr gekauft.
[02-01-2016 15:00:02]: Steckl hat ein(e) Mp5 gekauft.
[02-01-2016 15:01:19]: Martin_025 hat ein(e) Lupara gekauft.
[02-01-2016 15:01:21]: Martin_025 hat ein(e) Deagle gekauft.
[02-01-2016 15:01:21]: Martin_025 hat ein(e) Deagle gekauft.
[02-01-2016 15:05:03]: InSide hat ein(e) Deagle gekauft.
[02-01-2016 15:05:04]: InSide hat ein(e) Deagle gekauft.
[02-01-2016 15:05:38]: [Utm]Nimo hat ein(e) Gewehr gekauft.
[02-01-2016 15:05:42]: Hanybal hat ein(e) Gewehr gekauft.
[02-01-2016 15:05:54]: TON hat ein(e) Gewehr gekauft.
[02-01-2016 15:06:43]: Easy2Kill hat ein(e) Deagle gekauft.
[02-01-2016 15:06:44]: Easy2Kill hat ein(e) Mp5 gekauft.
[02-01-2016 15:06:45]: Easy2Kill hat ein(e) Deagle gekauft.
[02-01-2016 15:06:45]: Easy2Kill hat ein(e) Mp5 gekauft.
[02-01-2016 15:07:05]: Easy2Kill hat ein(e) M4 gekauft.
[02-01-2016 15:07:05]: Easy2Kill hat ein(e) M4 gekauft.
[02-01-2016 15:07:05]: Easy2Kill hat ein(e) Gewehr gekauft.
[02-01-2016 15:07:06]: Easy2Kill hat ein(e) Gewehr gekauft.
[02-01-2016 15:07:06]: Easy2Kill hat ein(e) Gewehr gekauft.
[02-01-2016 15:11:05]: zOR hat ein(e) Deagle gekauft.
[02-01-2016 15:11:05]: zOR hat ein(e) Deagle gekauft.
[02-01-2016 15:11:05]: zOR hat ein(e) Mp5 gekauft.
[02-01-2016 15:14:05]: SuRReNdeR hat ein(e) Mp5 gekauft.
[02-01-2016 15:14:09]: SuRReNdeR hat ein(e) Deagle gekauft.
[02-01-2016 15:14:46]: SuRReNdeR hat ein(e) Gewehr gekauft.
[02-01-2016 15:14:54]: SuRReNdeR hat ein(e) M4 gekauft.
[02-01-2016 15:17:26]: Madara- hat ein(e) Gewehr gekauft.
[02-01-2016 15:17:27]: Madara- hat ein(e) M4 gekauft.
[02-01-2016 15:17:28]: Madara- hat ein(e) Mp5 gekauft.
[02-01-2016 15:17:28]: Madara- hat ein(e) Deagle gekauft.
[02-01-2016 15:19:32]: zOR hat ein(e) Deagle gekauft.
[02-01-2016 15:20:44]: zOR hat ein(e) Mp5 gekauft.
[02-01-2016 15:20:45]: zOR hat ein(e) Mp5 gekauft.
[02-01-2016 15:21:12]: Martin_025 hat ein(e) Deagle gekauft.
[02-01-2016 15:21:12]: Martin_025 hat ein(e) Mp5 gekauft.
[02-01-2016 15:21:13]: Martin_025 hat ein(e) Gewehr gekauft.
[02-01-2016 15:21:14]: Martin_025 hat ein(e) M4 gekauft.
[02-01-2016 15:22:10]: Simple hat ein(e) Deagle gekauft.
[02-01-2016 15:22:11]: Simple hat ein(e) Mp5 gekauft.
[02-01-2016 15:22:14]: Simple hat ein(e) Gewehr gekauft.
[02-01-2016 15:22:15]: Simple hat ein(e) M4 gekauft.
[02-01-2016 15:22:16]: Simple hat ein(e) Gewehr gekauft.
[02-01-2016 15:22:21]: Hanybal hat ein(e) Deagle gekauft.
[02-01-2016 15:22:21]: Hanybal hat ein(e) Mp5 gekauft.
[02-01-2016 15:22:22]: Hanybal hat ein(e) Deagle gekauft.
[02-01-2016 15:22:22]: Hanybal hat ein(e) Mp5 gekauft.
[02-01-2016 15:22:22]: Serano hat ein(e) Deagle gekauft.
[02-01-2016 15:22:23]: Serano hat ein(e) Mp5 gekauft.
[02-01-2016 15:22:23]: Hanybal hat ein(e) Gewehr gekauft.
[02-01-2016 15:22:23]: Hanybal hat ein(e) M4 gekauft.
[02-01-2016 15:22:23]: Serano hat ein(e) Gewehr gekauft.
[02-01-2016 15:22:24]: Hanybal hat ein(e) Gewehr gekauft.
[02-01-2016 15:22:24]: Serano hat ein(e) M4 gekauft.
[02-01-2016 15:22:25]: Serano hat ein(e) Deagle gekauft.
[02-01-2016 15:22:25]: Serano hat ein(e) Mp5 gekauft.
[02-01-2016 15:22:26]: Serano hat ein(e) Gewehr gekauft.
[02-01-2016 15:22:26]: Serano hat ein(e) M4 gekauft.
[02-01-2016 15:22:38]: Steckl hat ein(e) M4 gekauft.
[02-01-2016 15:22:49]: [Utm]Nimo hat ein(e) Deagle gekauft.
[02-01-2016 15:22:50]: [Utm]Nimo hat ein(e) Mp5 gekauft.
[02-01-2016 15:22:52]: [Utm]Nimo hat ein(e) Gewehr gekauft.
[02-01-2016 15:23:09]: SuRReNdeR hat ein(e) M4 gekauft.
[02-01-2016 15:23:11]: SuRReNdeR hat ein(e) Mp5 gekauft.
[02-01-2016 15:23:18]: Easy2Kill hat ein(e) Deagle gekauft.
[02-01-2016 15:23:18]: Easy2Kill hat ein(e) Deagle gekauft.
[02-01-2016 15:23:18]: Easy2Kill hat ein(e) Mp5 gekauft.
[02-01-2016 15:23:19]: Easy2Kill hat ein(e) Mp5 gekauft.
[02-01-2016 15:23:19]: Easy2Kill hat ein(e) Gewehr gekauft.
[02-01-2016 15:23:19]: Easy2Kill hat ein(e) Gewehr gekauft.
[02-01-2016 15:23:20]: Easy2Kill hat ein(e) M4 gekauft.
[02-01-2016 15:23:20]: Easy2Kill hat ein(e) M4 gekauft.
[02-01-2016 15:24:56]: IceTeaBoY hat ein(e) Deagle gekauft.
[02-01-2016 15:24:57]: IceTeaBoY hat ein(e) Mp5 gekauft.
[02-01-2016 15:31:47]: Steckl hat ein(e) Deagle gekauft.
[02-01-2016 15:31:48]: Steckl hat ein(e) Mp5 gekauft.
[02-01-2016 15:31:49]: Steckl hat ein(e) Gewehr gekauft.
[02-01-2016 15:31:50]: Steckl hat ein(e) M4 gekauft.
[02-01-2016 15:31:51]: Steckl hat ein(e) M4 gekauft.
[02-01-2016 15:31:53]: Steckl hat ein(e) Molotov gekauft.
[02-01-2016 15:34:27]: Serano hat ein(e) Deagle gekauft.
[02-01-2016 15:34:28]: Serano hat ein(e) Mp5 gekauft.
[02-01-2016 15:34:30]: Serano hat ein(e) Gewehr gekauft.
[02-01-2016 15:34:30]: Serano hat ein(e) M4 gekauft.
[02-01-2016 15:34:58]: Change hat ein(e) Deagle gekauft.
[02-01-2016 15:35:47]: reaL hat ein(e) Deagle gekauft.
[02-01-2016 15:35:56]: reaL hat ein(e) Mp5 gekauft.
[02-01-2016 15:36:58]: Hanybal hat ein(e) Deagle gekauft.
[02-01-2016 15:36:58]: Hanybal hat ein(e) Mp5 gekauft.
[02-01-2016 15:36:59]: Hanybal hat ein(e) Gewehr gekauft.
[02-01-2016 15:36:59]: Hanybal hat ein(e) M4 gekauft.
[02-01-2016 15:36:60]: Hanybal hat ein(e) Gewehr gekauft.
[02-01-2016 15:36:60]: Hanybal hat ein(e) Deagle gekauft.
[02-01-2016 15:37:01]: Hanybal hat ein(e) Mp5 gekauft.
[02-01-2016 15:37:36]: false hat ein(e) Deagle gekauft.
[02-01-2016 15:37:37]: false hat ein(e) Mp5 gekauft.
[02-01-2016 15:37:38]: false hat ein(e) Mp5 gekauft.
[02-01-2016 15:37:39]: false hat ein(e) M4 gekauft.
[02-01-2016 15:37:42]: false hat ein(e) Gewehr gekauft.
[02-01-2016 15:37:43]: false hat ein(e) Gewehr gekauft.
[02-01-2016 15:37:48]: reaL hat ein(e) M4 gekauft.
[02-01-2016 15:37:49]: reaL hat ein(e) M4 gekauft.
[02-01-2016 15:38:10]: aKa.SiLenT hat ein(e) Deagle gekauft.
[02-01-2016 15:38:11]: aKa.SiLenT hat ein(e) Mp5 gekauft.
[02-01-2016 15:38:11]: aKa.SiLenT hat ein(e) Gewehr gekauft.
[02-01-2016 15:38:12]: aKa.SiLenT hat ein(e) M4 gekauft.
[02-01-2016 15:39:11]: SuRReNdeR hat ein(e) Gewehr gekauft.
[02-01-2016 15:39:13]: SuRReNdeR hat ein(e) Deagle gekauft.
[02-01-2016 15:39:35]: Easy2Kill hat ein(e) Deagle gekauft.
[02-01-2016 15:39:35]: Easy2Kill hat ein(e) Mp5 gekauft.
[02-01-2016 15:39:36]: Easy2Kill hat ein(e) Gewehr gekauft.
[02-01-2016 15:39:36]: Easy2Kill hat ein(e) M4 gekauft.
[02-01-2016 15:41:38]: Madara- hat ein(e) Gewehr gekauft.
[02-01-2016 15:41:39]: Madara- hat ein(e) Gewehr gekauft.
[02-01-2016 15:41:40]: Madara- hat ein(e) Gewehr gekauft.
[02-01-2016 15:41:41]: Madara- hat ein(e) M4 gekauft.
[02-01-2016 15:41:43]: Madara- hat ein(e) Deagle gekauft.
[02-01-2016 15:41:43]: Madara- hat ein(e) Deagle gekauft.
[02-01-2016 15:48:32]: Serano hat ein(e) Deagle gekauft.
[02-01-2016 15:48:32]: Serano hat ein(e) Deagle gekauft.
[02-01-2016 15:48:33]: Serano hat ein(e) Mp5 gekauft.
[02-01-2016 15:48:33]: Serano hat ein(e) Mp5 gekauft.
[02-01-2016 15:48:34]: Serano hat ein(e) M4 gekauft.
[02-01-2016 15:48:34]: Serano hat ein(e) M4 gekauft.
[02-01-2016 15:48:34]: Serano hat ein(e) Gewehr gekauft.
[02-01-2016 15:48:35]: Serano hat ein(e) Gewehr gekauft.
[02-01-2016 15:48:38]: reaL hat ein(e) Gewehr gekauft.
[02-01-2016 15:48:38]: reaL hat ein(e) Gewehr gekauft.
[02-01-2016 15:48:38]: reaL hat ein(e) Gewehr gekauft.
[02-01-2016 15:49:47]: Nox3 hat ein(e) Deagle gekauft.
[02-01-2016 15:50:22]: Easy2Kill hat ein(e) Mp5 gekauft.
[02-01-2016 15:50:22]: Easy2Kill hat ein(e) Gewehr gekauft.
[02-01-2016 15:50:23]: Easy2Kill hat ein(e) M4 gekauft.
[02-01-2016 15:54:51]: Steckl hat ein(e) Deagle gekauft.
[02-01-2016 15:54:52]: Steckl hat ein(e) Mp5 gekauft.
[02-01-2016 15:54:52]: Steckl hat ein(e) Gewehr gekauft.
[02-01-2016 15:54:53]: Steckl hat ein(e) M4 gekauft.
[02-01-2016 15:54:53]: Steckl hat ein(e) M4 gekauft.
[02-01-2016 15:54:58]: Steckl hat ein(e) M4 gekauft.
[02-01-2016 15:56:28]: Serano hat ein(e) Deagle gekauft.
[02-01-2016 15:56:28]: Serano hat ein(e) Deagle gekauft.
[02-01-2016 15:56:28]: Serano hat ein(e) Mp5 gekauft.
[02-01-2016 15:56:28]: Serano hat ein(e) Mp5 gekauft.
[02-01-2016 15:56:30]: Serano hat ein(e) Gewehr gekauft.
[02-01-2016 15:56:31]: Serano hat ein(e) Gewehr gekauft.
[02-01-2016 15:56:32]: Serano hat ein(e) M4 gekauft.
[02-01-2016 15:56:32]: Serano hat ein(e) M4 gekauft.
[02-01-2016 15:58:56]: Nox3 hat ein(e) Gewehr gekauft.
[02-01-2016 15:58:57]: Nox3 hat ein(e) Gewehr gekauft.
[02-01-2016 15:58:58]: Nox3 hat ein(e) Deagle gekauft.
[02-01-2016 15:58:58]: Nox3 hat ein(e) Deagle gekauft.
[02-01-2016 15:58:60]: Nox3 hat ein(e) Mp5 gekauft.
[02-01-2016 15:58:60]: Nox3 hat ein(e) Mp5 gekauft.
[02-01-2016 15:59:01]: Nox3 hat ein(e) M4 gekauft.
[02-01-2016 15:59:56]: Nox3 hat ein(e) M4 gekauft.
[02-01-2016 16:07:52]: Steckl hat ein(e) Deagle gekauft.
[02-01-2016 16:07:53]: Steckl hat ein(e) Mp5 gekauft.
[02-01-2016 16:07:54]: Steckl hat ein(e) Gewehr gekauft.
[02-01-2016 16:07:55]: Steckl hat ein(e) M4 gekauft.
[02-01-2016 16:07:55]: Steckl hat ein(e) M4 gekauft.
[02-01-2016 16:07:55]: Steckl hat ein(e) M4 gekauft.
[02-01-2016 16:09:37]: Serano hat ein(e) Deagle gekauft.
[02-01-2016 16:09:37]: Serano hat ein(e) Deagle gekauft.
[02-01-2016 16:09:38]: Serano hat ein(e) Mp5 gekauft.
[02-01-2016 16:09:38]: Serano hat ein(e) Mp5 gekauft.
[02-01-2016 16:09:39]: Serano hat ein(e) M4 gekauft.
[02-01-2016 16:09:39]: Serano hat ein(e) M4 gekauft.
[02-01-2016 16:09:39]: Serano hat ein(e) Gewehr gekauft.
[02-01-2016 16:09:40]: Serano hat ein(e) Gewehr gekauft.
[02-01-2016 16:09:40]: SuRReNdeR hat ein(e) Deagle gekauft.
[02-01-2016 16:09:41]: SuRReNdeR hat ein(e) Mp5 gekauft.
[02-01-2016 16:09:44]: SuRReNdeR hat ein(e) M4 gekauft.
[02-01-2016 16:09:45]: SuRReNdeR hat ein(e) Gewehr gekauft.
[02-01-2016 16:10:11]: reaL hat ein(e) Deagle gekauft.
[02-01-2016 16:10:16]: reaL hat ein(e) Gewehr gekauft.
[02-01-2016 16:10:17]: reaL hat ein(e) M4 gekauft.
[02-01-2016 16:10:35]: Easy2Kill hat ein(e) Deagle gekauft.
[02-01-2016 16:10:35]: Easy2Kill hat ein(e) Mp5 gekauft.
[02-01-2016 16:10:36]: Easy2Kill hat ein(e) Gewehr gekauft.
[02-01-2016 16:10:54]: Easy2Kill hat ein(e) M4 gekauft.
[02-01-2016 16:10:55]: Easy2Kill hat ein(e) Gewehr gekauft.
[02-01-2016 16:10:55]: Easy2Kill hat ein(e) Mp5 gekauft.
[02-01-2016 16:10:55]: Easy2Kill hat ein(e) Deagle gekauft.
[02-01-2016 16:10:56]: Easy2Kill hat ein(e) M4 gekauft.
[02-01-2016 16:11:48]: Alexesh hat ein(e) Deagle gekauft.
[02-01-2016 16:11:50]: Alexesh hat ein(e) Mp5 gekauft.
[02-01-2016 16:11:53]: Alexesh hat ein(e) M4 gekauft.
[02-01-2016 16:13:35]: Madara- hat ein(e) Gewehr gekauft.
[02-01-2016 16:13:36]: Madara- hat ein(e) M4 gekauft.
[02-01-2016 16:13:36]: Madara- hat ein(e) Mp5 gekauft.
[02-01-2016 16:13:37]: Madara- hat ein(e) Gewehr gekauft.
[02-01-2016 16:13:37]: Madara- hat ein(e) Gewehr gekauft.
[02-01-2016 16:13:38]: Madara- hat ein(e) Gewehr gekauft.
[02-01-2016 16:13:38]: Madara- hat ein(e) Mp5 gekauft.
[02-01-2016 16:13:39]: Madara- hat ein(e) Deagle gekauft.
[02-01-2016 16:13:40]: Madara- hat ein(e) Deagle gekauft.
[02-01-2016 16:18:11]: Martin_025 hat ein(e) Deagle gekauft.
[02-01-2016 16:18:11]: Martin_025 hat ein(e) Mp5 gekauft.
[02-01-2016 16:18:13]: Martin_025 hat ein(e) Gewehr gekauft.
[02-01-2016 16:18:13]: Martin_025 hat ein(e) M4 gekauft.
[02-01-2016 16:23:19]: Madara- hat ein(e) Gewehr gekauft.
[02-01-2016 16:23:20]: Madara- hat ein(e) M4 gekauft.
[02-01-2016 16:23:21]: Madara- hat ein(e) Deagle gekauft.
[02-01-2016 16:23:22]: Madara- hat ein(e) Mp5 gekauft.
[02-01-2016 16:23:35]: reaL hat ein(e) Deagle gekauft.
[02-01-2016 16:23:36]: Hanybal hat ein(e) Deagle gekauft.
[02-01-2016 16:23:36]: reaL hat ein(e) Mp5 gekauft.
[02-01-2016 16:23:37]: reaL hat ein(e) Mp5 gekauft.
[02-01-2016 16:23:37]: Hanybal hat ein(e) Deagle gekauft.
[02-01-2016 16:23:37]: Hanybal hat ein(e) Mp5 gekauft.
[02-01-2016 16:23:38]: Hanybal hat ein(e) Gewehr gekauft.
[02-01-2016 16:23:38]: Hanybal hat ein(e) Gewehr gekauft.
[02-01-2016 16:23:39]: Hanybal hat ein(e) M4 gekauft.
[02-01-2016 16:23:40]: reaL hat ein(e) M4 gekauft.
[02-01-2016 16:23:40]: Hanybal hat ein(e) Mp5 gekauft.
[02-01-2016 16:23:42]: reaL hat ein(e) Gewehr gekauft.
[02-01-2016 16:23:51]: Serano hat ein(e) Deagle gekauft.
[02-01-2016 16:23:51]: Serano hat ein(e) Deagle gekauft.
[02-01-2016 16:23:51]: Serano hat ein(e) Mp5 gekauft.
[02-01-2016 16:23:52]: Serano hat ein(e) Mp5 gekauft.
[02-01-2016 16:23:52]: Serano hat ein(e) Gewehr gekauft.
[02-01-2016 16:23:52]: Serano hat ein(e) Gewehr gekauft.
[02-01-2016 16:23:53]: Serano hat ein(e) M4 gekauft.
[02-01-2016 16:23:53]: Serano hat ein(e) M4 gekauft.
[02-01-2016 16:34:41]: false hat ein(e) Deagle gekauft.
[02-01-2016 16:40:60]: Steckl hat ein(e) Deagle gekauft.
[02-01-2016 16:40:60]: Steckl hat ein(e) Mp5 gekauft.
[02-01-2016 16:41:01]: Steckl hat ein(e) Gewehr gekauft.
[02-01-2016 16:41:02]: Steckl hat ein(e) M4 gekauft.
[02-01-2016 16:41:02]: Steckl hat ein(e) M4 gekauft.
[02-01-2016 16:41:03]: Steckl hat ein(e) Molotov gekauft.
[02-01-2016 16:42:55]: Steckl hat ein(e) Raketenwerfer gekauft.
[02-01-2016 16:42:55]: Steckl hat ein(e) Raketenwerfer gekauft.
[02-01-2016 16:44:47]: TON hat ein(e) Deagle gekauft.
[02-01-2016 16:44:48]: TON hat ein(e) Mp5 gekauft.
[02-01-2016 16:44:51]: TON hat ein(e) Gewehr gekauft.
[02-01-2016 16:44:53]: TON hat ein(e) M4 gekauft.
[02-01-2016 16:46:56]: Easy2Kill hat ein(e) Deagle gekauft.
[02-01-2016 16:46:56]: Easy2Kill hat ein(e) Mp5 gekauft.
[02-01-2016 16:46:57]: Easy2Kill hat ein(e) Gewehr gekauft.
[02-01-2016 16:46:57]: Easy2Kill hat ein(e) M4 gekauft.
[02-01-2016 16:46:59]: Easy2Kill hat ein(e) Gewehr gekauft.
[02-01-2016 16:46:59]: Easy2Kill hat ein(e) Mp5 gekauft.
[02-01-2016 16:46:60]: Easy2Kill hat ein(e) Deagle gekauft.
[02-01-2016 16:49:44]: Bonus hat ein(e) Sniper gekauft.
[02-01-2016 16:49:46]: Bonus hat ein(e) Deagle gekauft.
[02-01-2016 17:03:39]: Tyrex hat ein(e) Deagle gekauft.
[02-01-2016 17:03:40]: Tyrex hat ein(e) Deagle gekauft.
[02-01-2016 17:03:42]: Tyrex hat ein(e) Mp5 gekauft.
[02-01-2016 17:03:44]: Tyrex hat ein(e) M4 gekauft.
[02-01-2016 17:03:48]: Tyrex hat ein(e) Deagle gekauft.
[02-01-2016 17:08:02]: Steckl hat ein(e) Deagle gekauft.
[02-01-2016 17:12:26]: TON hat ein(e) Deagle gekauft.
[02-01-2016 17:12:27]: TON hat ein(e) Mp5 gekauft.
[02-01-2016 17:12:30]: TON hat ein(e) M4 gekauft.
[02-01-2016 17:12:32]: TON hat ein(e) Gewehr gekauft.
[02-01-2016 17:18:06]: Steckl hat ein(e) Deagle gekauft.
[02-01-2016 17:18:11]: Steckl hat ein(e) Molotov gekauft.
[02-01-2016 17:18:11]: Steckl hat ein(e) Molotov gekauft.
[02-01-2016 17:18:14]: Steckl hat ein(e) M4 gekauft.
[02-01-2016 17:22:57]: Steckl hat ein(e) Raketenwerfer gekauft.
[02-01-2016 17:30:49]: Tyrex hat ein(e) Deagle gekauft.
[02-01-2016 17:30:50]: Tyrex hat ein(e) Deagle gekauft.
[02-01-2016 17:30:50]: Tyrex hat ein(e) Mp5 gekauft.
[02-01-2016 17:30:52]: Tyrex hat ein(e) M4 gekauft.
[02-01-2016 17:32:54]: Easy2Kill hat ein(e) Deagle gekauft.
[02-01-2016 17:32:55]: Easy2Kill hat ein(e) Mp5 gekauft.
[02-01-2016 17:32:56]: Easy2Kill hat ein(e) Gewehr gekauft.
[02-01-2016 17:32:57]: Easy2Kill hat ein(e) M4 gekauft.
[02-01-2016 17:32:58]: Easy2Kill hat ein(e) Gewehr gekauft.
[02-01-2016 17:32:58]: Easy2Kill hat ein(e) Mp5 gekauft.
[02-01-2016 17:59:01]: Steckl hat ein(e) Deagle gekauft.
[02-01-2016 18:00:32]: Steckl hat ein(e) Raketenwerfer gekauft.
[02-01-2016 18:00:35]: Steckl hat ein(e) M4 gekauft.
[02-01-2016 18:00:37]: Steckl hat ein(e) Molotov gekauft.
[02-01-2016 18:00:38]: Steckl hat ein(e) Molotov gekauft.
[02-01-2016 18:06:34]: IceCube. hat ein(e) Sniper gekauft.
[02-01-2016 18:10:51]: twister01 hat ein(e) Deagle gekauft.
[02-01-2016 18:10:54]: twister01 hat ein(e) Deagle gekauft.
[02-01-2016 18:10:56]: twister01 hat ein(e) Deagle gekauft.
[02-01-2016 18:10:58]: twister01 hat ein(e) Lupara gekauft.
[02-01-2016 18:10:59]: twister01 hat ein(e) Lupara gekauft.
[02-01-2016 18:10:59]: twister01 hat ein(e) Lupara gekauft.
[02-01-2016 18:10:60]: twister01 hat ein(e) Lupara gekauft.
[02-01-2016 18:10:60]: twister01 hat ein(e) Lupara gekauft.
[02-01-2016 18:10:60]: twister01 hat ein(e) Lupara gekauft.
[02-01-2016 18:11:04]: twister01 hat ein(e) Deagle gekauft.
[02-01-2016 18:11:06]: twister01 hat ein(e) Lupara gekauft.
[02-01-2016 18:11:27]: Easy2Kill hat ein(e) Deagle gekauft.
[02-01-2016 18:11:29]: Easy2Kill hat ein(e) Mp5 gekauft.
[02-01-2016 18:11:29]: Easy2Kill hat ein(e) Mp5 gekauft.
[02-01-2016 18:11:30]: Easy2Kill hat ein(e) Lupara gekauft.
[02-01-2016 18:17:51]: Martin_025 hat ein(e) Deagle gekauft.
[02-01-2016 18:17:51]: Martin_025 hat ein(e) Mp5 gekauft.
[02-01-2016 18:17:53]: Martin_025 hat ein(e) Gewehr gekauft.
[02-01-2016 18:17:54]: Martin_025 hat ein(e) M4 gekauft.
[02-01-2016 18:43:52]: TON hat ein(e) Deagle gekauft.
[02-01-2016 18:43:59]: TON hat ein(e) Mp5 gekauft.
[02-01-2016 18:49:46]: TON hat ein(e) Deagle gekauft.
[02-01-2016 18:58:40]: haitor hat ein(e) Deagle gekauft.
[02-01-2016 18:58:45]: haitor hat ein(e) Mp5 gekauft.
[02-01-2016 19:24:53]: IceCube. hat ein(e) Sniper gekauft.
[02-01-2016 19:27:02]: TON hat ein(e) Deagle gekauft.
[02-01-2016 19:28:56]: IceCube. hat ein(e) Sniper gekauft.
[02-01-2016 19:30:22]: aKa.SiLenT hat ein(e) Deagle gekauft.
[02-01-2016 19:30:22]: aKa.SiLenT hat ein(e) Mp5 gekauft.
[02-01-2016 19:30:22]: aKa.SiLenT hat ein(e) Deagle gekauft.
[02-01-2016 19:30:24]: aKa.SiLenT hat ein(e) Gewehr gekauft.
[02-01-2016 19:30:31]: Steckl hat ein(e) Gewehr gekauft.
[02-01-2016 19:31:07]: [Utm]Nimo hat ein(e) Deagle gekauft.
[02-01-2016 19:31:07]: [Utm]Nimo hat ein(e) Mp5 gekauft.
[02-01-2016 19:31:12]: aKa.SiLenT hat ein(e) M4 gekauft.
[02-01-2016 19:31:19]: [Utm]Nimo hat ein(e) Gewehr gekauft.
[02-01-2016 19:31:21]: IceCube. hat ein(e) Queue gekauft.
[02-01-2016 19:32:21]: [Utm]Nimo hat ein(e) M4 gekauft.
[02-01-2016 19:32:22]: [Utm]Nimo hat ein(e) M4 gekauft.
[02-01-2016 19:35:01]: aKa.SiLenT hat ein(e) Deagle gekauft.
[02-01-2016 19:35:01]: aKa.SiLenT hat ein(e) Mp5 gekauft.
[02-01-2016 19:35:02]: aKa.SiLenT hat ein(e) Gewehr gekauft.
[02-01-2016 19:35:03]: aKa.SiLenT hat ein(e) M4 gekauft.
[02-01-2016 19:36:21]: Alexesh hat ein(e) Deagle gekauft.
[02-01-2016 19:36:22]: Alexesh hat ein(e) Mp5 gekauft.
[02-01-2016 19:36:23]: Alexesh hat ein(e) Mp5 gekauft.
[02-01-2016 19:39:20]: Steckl hat ein(e) Deagle gekauft.
[02-01-2016 19:40:12]: Steckl hat ein(e) Raketenwerfer gekauft.
[02-01-2016 19:40:15]: Steckl hat ein(e) M4 gekauft.
[02-01-2016 19:48:39]: Martin_025 hat ein(e) Deagle gekauft.
[02-01-2016 19:48:40]: Martin_025 hat ein(e) Mp5 gekauft.
[02-01-2016 19:48:42]: Martin_025 hat ein(e) M4 gekauft.
[02-01-2016 19:48:42]: Martin_025 hat ein(e) Gewehr gekauft.
[02-01-2016 19:52:09]: Undercover hat ein(e) Deagle gekauft.
[02-01-2016 19:52:10]: Undercover hat ein(e) Mp5 gekauft.
[02-01-2016 19:52:11]: Undercover hat ein(e) Gewehr gekauft.
[02-01-2016 19:52:12]: Undercover hat ein(e) M4 gekauft.
[02-01-2016 19:53:11]: Steckl hat ein(e) Deagle gekauft.
[02-01-2016 19:53:16]: Steckl hat ein(e) M4 gekauft.
[02-01-2016 19:53:17]: Steckl hat ein(e) Deagle gekauft.
[02-01-2016 19:53:19]: Steckl hat ein(e) Molotov gekauft.
[02-01-2016 19:53:19]: Steckl hat ein(e) Molotov gekauft.
[02-01-2016 19:53:23]: Steckl hat ein(e) Molotov gekauft.
[02-01-2016 19:53:23]: Steckl hat ein(e) Molotov gekauft.
[02-01-2016 20:04:21]: TON hat ein(e) Deagle gekauft.
[02-01-2016 20:04:24]: TON hat ein(e) Mp5 gekauft.
[02-01-2016 20:11:35]: IceTeaBoY hat ein(e) Deagle gekauft.
[02-01-2016 20:12:15]: IceTeaBoY hat ein(e) Mp5 gekauft.
[02-01-2016 20:14:37]: Siloxis hat ein(e) M4 gekauft.
[02-01-2016 20:14:49]: Siloxis hat ein(e) Gewehr gekauft.
[02-01-2016 20:14:58]: lalule hat ein(e) Deagle gekauft.
[02-01-2016 20:14:59]: lalule hat ein(e) Mp5 gekauft.
[02-01-2016 20:14:60]: lalule hat ein(e) Mp5 gekauft.
[02-01-2016 20:14:60]: lalule hat ein(e) Mp5 gekauft.
[02-01-2016 20:15:01]: lalule hat ein(e) Deagle gekauft.
[02-01-2016 20:15:03]: lalule hat ein(e) M4 gekauft.
[02-01-2016 20:15:05]: lalule hat ein(e) M4 gekauft.
[02-01-2016 20:15:06]: Makaveli187 hat ein(e) Deagle gekauft.
[02-01-2016 20:15:08]: lalule hat ein(e) Gewehr gekauft.
[02-01-2016 20:15:08]: lalule hat ein(e) Gewehr gekauft.
[02-01-2016 20:15:09]: lalule hat ein(e) Gewehr gekauft.
[02-01-2016 20:16:03]: Simple hat ein(e) Deagle gekauft.
[02-01-2016 20:16:04]: Simple hat ein(e) Mp5 gekauft.
[02-01-2016 20:16:05]: Simple hat ein(e) Gewehr gekauft.
[02-01-2016 20:16:06]: Simple hat ein(e) M4 gekauft.
[02-01-2016 20:17:37]: Hanybal hat ein(e) Deagle gekauft.
[02-01-2016 20:17:38]: Hanybal hat ein(e) Deagle gekauft.
[02-01-2016 20:17:39]: Hanybal hat ein(e) Mp5 gekauft.
[02-01-2016 20:17:40]: Hanybal hat ein(e) Gewehr gekauft.
[02-01-2016 20:17:41]: Hanybal hat ein(e) M4 gekauft.
[02-01-2016 20:17:43]: Hanybal hat ein(e) Gewehr gekauft.
[02-01-2016 20:20:15]: Serano hat ein(e) Deagle gekauft.
[02-01-2016 20:20:23]: Serano hat ein(e) Mp5 gekauft.
[02-01-2016 20:20:24]: Serano hat ein(e) M4 gekauft.
[02-01-2016 20:20:24]: Serano hat ein(e) Gewehr gekauft.
[02-01-2016 20:20:48]: TON hat ein(e) Gewehr gekauft.
[02-01-2016 20:33:35]: Steckl hat ein(e) Deagle gekauft.
[02-01-2016 20:33:38]: Steckl hat ein(e) Molotov gekauft.
[02-01-2016 20:33:45]: Steckl hat ein(e) Mp5 gekauft.
[02-01-2016 20:34:20]: false hat ein(e) Deagle gekauft.
[02-01-2016 20:34:20]: Tyrex hat ein(e) Deagle gekauft.
[02-01-2016 20:34:20]: Tyrex hat ein(e) Deagle gekauft.
[02-01-2016 20:34:21]: Tyrex hat ein(e) Deagle gekauft.
[02-01-2016 20:34:22]: false hat ein(e) Deagle gekauft.
[02-01-2016 20:34:22]: Tyrex hat ein(e) Mp5 gekauft.
[02-01-2016 20:34:22]: false hat ein(e) Mp5 gekauft.
[02-01-2016 20:34:22]: Serano hat ein(e) Deagle gekauft.
[02-01-2016 20:34:23]: Tyrex hat ein(e) M4 gekauft.
[02-01-2016 20:34:23]: Serano hat ein(e) Mp5 gekauft.
[02-01-2016 20:34:24]: false hat ein(e) Mp5 gekauft.
[02-01-2016 20:34:24]: Serano hat ein(e) Gewehr gekauft.
[02-01-2016 20:34:25]: Serano hat ein(e) M4 gekauft.
[02-01-2016 20:34:26]: Serano hat ein(e) Gewehr gekauft.
[02-01-2016 20:34:27]: Serano hat ein(e) M4 gekauft.
[02-01-2016 20:34:27]: false hat ein(e) M4 gekauft.
[02-01-2016 20:34:28]: false hat ein(e) Gewehr gekauft.
[02-01-2016 20:34:29]: false hat ein(e) Gewehr gekauft.
[02-01-2016 20:35:17]: IceTeaBoY hat ein(e) Deagle gekauft.
[02-01-2016 20:36:07]: reaL hat ein(e) Deagle gekauft.
[02-01-2016 20:36:09]: reaL hat ein(e) Mp5 gekauft.
[02-01-2016 20:36:12]: reaL hat ein(e) Gewehr gekauft.
[02-01-2016 20:36:13]: reaL hat ein(e) M4 gekauft.
[02-01-2016 20:36:24]: Martin_025 hat ein(e) Deagle gekauft.
[02-01-2016 20:36:25]: Martin_025 hat ein(e) Mp5 gekauft.
[02-01-2016 20:36:26]: Martin_025 hat ein(e) Gewehr gekauft.
[02-01-2016 20:36:26]: Martin_025 hat ein(e) M4 gekauft.
[02-01-2016 20:41:25]: Serano hat ein(e) Deagle gekauft.
[02-01-2016 20:41:25]: Serano hat ein(e) Mp5 gekauft.
[02-01-2016 20:41:41]: Simple hat ein(e) Deagle gekauft.
[02-01-2016 20:41:42]: Simple hat ein(e) Mp5 gekauft.
[02-01-2016 20:41:44]: Simple hat ein(e) Gewehr gekauft.
[02-01-2016 20:41:44]: Simple hat ein(e) M4 gekauft.
[02-01-2016 20:41:47]: [Utm]Nimo hat ein(e) Deagle gekauft.
[02-01-2016 20:41:47]: [Utm]Nimo hat ein(e) Mp5 gekauft.
[02-01-2016 20:41:48]: [Utm]Nimo hat ein(e) Gewehr gekauft.
[02-01-2016 20:42:33]: Hanybal hat ein(e) M4 gekauft.
[02-01-2016 20:42:33]: Hanybal hat ein(e) Gewehr gekauft.
[02-01-2016 20:42:34]: Hanybal hat ein(e) Mp5 gekauft.
[02-01-2016 20:42:34]: Hanybal hat ein(e) Deagle gekauft.
[02-01-2016 20:42:35]: twister01 hat ein(e) Deagle gekauft.
[02-01-2016 20:42:35]: twister01 hat ein(e) Deagle gekauft.
[02-01-2016 20:42:35]: twister01 hat ein(e) Deagle gekauft.
[02-01-2016 20:42:36]: twister01 hat ein(e) Deagle gekauft.
[02-01-2016 20:42:36]: twister01 hat ein(e) Deagle gekauft.
[02-01-2016 20:42:38]: twister01 hat ein(e) Lupara gekauft.
[02-01-2016 20:42:38]: twister01 hat ein(e) Lupara gekauft.
[02-01-2016 20:42:39]: twister01 hat ein(e) Lupara gekauft.
[02-01-2016 20:42:39]: twister01 hat ein(e) Lupara gekauft.
[02-01-2016 20:42:39]: twister01 hat ein(e) Lupara gekauft.
[02-01-2016 20:42:39]: twister01 hat ein(e) Lupara gekauft.
[02-01-2016 20:42:39]: twister01 hat ein(e) Lupara gekauft.
[02-01-2016 20:42:39]: twister01 hat ein(e) Lupara gekauft.
[02-01-2016 20:42:40]: twister01 hat ein(e) Lupara gekauft.
[02-01-2016 20:42:41]: twister01 hat ein(e) Mp5 gekauft.
[02-01-2016 20:42:41]: twister01 hat ein(e) Mp5 gekauft.
[02-01-2016 20:42:41]: twister01 hat ein(e) Mp5 gekauft.
[02-01-2016 20:42:41]: twister01 hat ein(e) Mp5 gekauft.
[02-01-2016 20:42:41]: twister01 hat ein(e) Mp5 gekauft.
[02-01-2016 20:42:44]: [Utm]Nimo hat ein(e) M4 gekauft.
[02-01-2016 20:42:46]: twister01 hat ein(e) Gewehr gekauft.
[02-01-2016 20:42:46]: twister01 hat ein(e) Gewehr gekauft.
[02-01-2016 20:42:46]: twister01 hat ein(e) Gewehr gekauft.
[02-01-2016 20:42:47]: twister01 hat ein(e) Gewehr gekauft.
[02-01-2016 20:42:47]: twister01 hat ein(e) Gewehr gekauft.
[02-01-2016 20:51:33]: reaL hat ein(e) Deagle gekauft.
[02-01-2016 20:51:35]: reaL hat ein(e) Gewehr gekauft.
[02-01-2016 20:51:37]: reaL hat ein(e) M4 gekauft.
[02-01-2016 20:51:40]: reaL hat ein(e) Mp5 gekauft.
[02-01-2016 20:51:41]: reaL hat ein(e) Mp5 gekauft.
[02-01-2016 20:52:10]: twister01 hat ein(e) Deagle gekauft.
[02-01-2016 20:52:11]: twister01 hat ein(e) Deagle gekauft.
[02-01-2016 20:52:11]: twister01 hat ein(e) Deagle gekauft.
[02-01-2016 20:52:13]: twister01 hat ein(e) Mp5 gekauft.
[02-01-2016 20:52:13]: twister01 hat ein(e) Mp5 gekauft.
[02-01-2016 20:52:14]: twister01 hat ein(e) Mp5 gekauft.
[02-01-2016 20:52:57]: Easy2Kill hat ein(e) Deagle gekauft.
[02-01-2016 20:52:57]: Easy2Kill hat ein(e) Mp5 gekauft.
[02-01-2016 20:52:58]: Easy2Kill hat ein(e) Gewehr gekauft.
[02-01-2016 20:54:43]: Easy2Kill hat ein(e) M4 gekauft.
[02-01-2016 20:54:44]: Easy2Kill hat ein(e) M4 gekauft.
[02-01-2016 21:01:59]: Martin_025 hat ein(e) Lupara gekauft.
[02-01-2016 21:10:07]: Steckl hat ein(e) Deagle gekauft.
[02-01-2016 21:10:07]: Steckl hat ein(e) Deagle gekauft.
[02-01-2016 21:11:20]: Easy2Kill hat ein(e) Gewehr gekauft.
[02-01-2016 21:11:21]: Easy2Kill hat ein(e) Mp5 gekauft.
[02-01-2016 21:11:22]: Easy2Kill hat ein(e) Deagle gekauft.
[02-01-2016 21:12:18]: false hat ein(e) Deagle gekauft.
[02-01-2016 21:12:19]: false hat ein(e) Deagle gekauft.
[02-01-2016 21:12:19]: false hat ein(e) Mp5 gekauft.
[02-01-2016 21:12:20]: false hat ein(e) Mp5 gekauft.
[02-01-2016 21:12:22]: false hat ein(e) M4 gekauft.
[02-01-2016 21:12:23]: false hat ein(e) Gewehr gekauft.
[02-01-2016 21:12:23]: false hat ein(e) Gewehr gekauft.
[02-01-2016 21:12:32]: IceTeaBoY hat ein(e) Deagle gekauft.
[02-01-2016 21:12:33]: IceTeaBoY hat ein(e) Mp5 gekauft.
[02-01-2016 21:12:53]: MinuZ. hat ein(e) Deagle gekauft.
[02-01-2016 21:12:56]: MinuZ. hat ein(e) Deagle gekauft.
[02-01-2016 21:20:30]: aKa.SiLenT hat ein(e) Deagle gekauft.
[02-01-2016 21:26:04]: SuRReNdeR hat ein(e) Mp5 gekauft.
[02-01-2016 21:26:05]: SuRReNdeR hat ein(e) Deagle gekauft.
[02-01-2016 21:26:05]: SuRReNdeR hat ein(e) Gewehr gekauft.
[02-01-2016 21:26:06]: SuRReNdeR hat ein(e) M4 gekauft.
[02-01-2016 21:31:01]: Makaveli187 hat ein(e) Deagle gekauft.
[02-01-2016 21:44:33]: false hat ein(e) Deagle gekauft.
[02-01-2016 21:44:33]: false hat ein(e) Deagle gekauft.
[02-01-2016 21:44:34]: false hat ein(e) Mp5 gekauft.
[02-01-2016 21:44:35]: false hat ein(e) Mp5 gekauft.
[02-01-2016 21:44:36]: false hat ein(e) Gewehr gekauft.
[02-01-2016 21:44:37]: false hat ein(e) Gewehr gekauft.
[02-01-2016 21:44:37]: false hat ein(e) M4 gekauft.
