[01-01-2016 19:17:59]: Steckl hat 35000 $, 0 Gramm Drogen und 0 Materialien in das Depot gelegt.
[01-01-2016 19:51:30]: Steckl hat 32000 $, 0 Gramm Drogen und 0 Materialien in das Depot gelegt.
[01-01-2016 19:51:41]: Steckl hat 5000 $, 0 Gramm Drogen und 0 Materialien in das Depot gelegt.
[01-01-2016 19:52:09]: Steckl hat 50 $, 0 Gramm Drogen und 0 Materialien in das Depot gelegt.
[01-01-2016 19:53:33]: Bonus hat 200 $, 0 Gramm Drogen und 0 Materialien in das Depot gelegt.
[01-01-2016 19:53:39]: Bonus hat 100 $, 0 Gramm Drogen und 0 Materialien in das Depot gelegt.
[01-01-2016 19:53:44]: Bonus hat 100 $, 0 Gramm Drogen und 0 Materialien in das Depot gelegt.
[01-01-2016 20:15:60]: Bonus hat 100 $, 0 Gramm Drogen und 0 Materialien in das Depot gelegt.
[01-01-2016 20:16:03]: Bonus hat 10 $, 0 Gramm Drogen und 0 Materialien in das Depot gelegt.
[01-01-2016 20:16:05]: Bonus hat 10 $, 0 Gramm Drogen und 0 Materialien in das Depot gelegt.
[01-01-2016 20:16:06]: Bonus hat 10 $, 0 Gramm Drogen und 0 Materialien in das Depot gelegt.
[01-01-2016 20:16:08]: Bonus hat 10 $, 0 Gramm Drogen und 0 Materialien aus dem Depot genommen.
[01-01-2016 20:16:09]: Bonus hat 10 $, 0 Gramm Drogen und 0 Materialien aus dem Depot genommen.
[01-01-2016 20:16:10]: Bonus hat 10 $, 0 Gramm Drogen und 0 Materialien aus dem Depot genommen.
[01-01-2016 20:16:11]: Bonus hat 10 $, 0 Gramm Drogen und 0 Materialien aus dem Depot genommen.
[01-01-2016 20:16:15]: Bonus hat 10 $, 0 Gramm Drogen und 0 Materialien aus dem Depot genommen.
[01-01-2016 20:16:18]: Bonus hat 999 $, 0 Gramm Drogen und 0 Materialien aus dem Depot genommen.
[01-01-2016 20:16:20]: Bonus hat 999 $, 0 Gramm Drogen und 0 Materialien aus dem Depot genommen.
[01-01-2016 20:16:23]: Bonus hat 999 $, 0 Gramm Drogen und 0 Materialien aus dem Depot genommen.
[01-01-2016 20:16:24]: Bonus hat 999 $, 0 Gramm Drogen und 0 Materialien aus dem Depot genommen.
[01-01-2016 20:16:25]: Bonus hat 999 $, 0 Gramm Drogen und 0 Materialien aus dem Depot genommen.
[01-01-2016 20:18:35]: Bonus hat 999 $, 0 Gramm Drogen und 0 Materialien aus dem Depot genommen.
[01-01-2016 20:18:38]: Bonus hat 50 $, 0 Gramm Drogen und 0 Materialien aus dem Depot genommen.
[01-01-2016 20:18:39]: Bonus hat 999 $, 0 Gramm Drogen und 0 Materialien aus dem Depot genommen.
[01-01-2016 20:18:41]: Bonus hat 999 $, 0 Gramm Drogen und 0 Materialien aus dem Depot genommen.
[01-01-2016 20:18:42]: Bonus hat 999 $, 0 Gramm Drogen und 0 Materialien aus dem Depot genommen.
[01-01-2016 20:18:44]: Bonus hat 999 $, 0 Gramm Drogen und 0 Materialien aus dem Depot genommen.
[01-01-2016 20:18:45]: Bonus hat 999 $, 0 Gramm Drogen und 0 Materialien aus dem Depot genommen.
[01-01-2016 20:18:47]: Bonus hat 999 $, 0 Gramm Drogen und 0 Materialien aus dem Depot genommen.
[01-01-2016 20:18:49]: Bonus hat 1000 $, 0 Gramm Drogen und 0 Materialien aus dem Depot genommen.
[01-01-2016 20:18:54]: Bonus hat 1000 $, 0 Gramm Drogen und 0 Materialien aus dem Depot genommen.
[01-01-2016 20:18:56]: Bonus hat 1000 $, 0 Gramm Drogen und 0 Materialien aus dem Depot genommen.
[01-01-2016 20:18:58]: Bonus hat 1000 $, 0 Gramm Drogen und 0 Materialien aus dem Depot genommen.
[01-01-2016 20:18:60]: Bonus hat 1000 $, 0 Gramm Drogen und 0 Materialien aus dem Depot genommen.
[01-01-2016 20:19:02]: Bonus hat 1000 $, 0 Gramm Drogen und 0 Materialien aus dem Depot genommen.
[01-01-2016 20:19:04]: Bonus hat 1000 $, 0 Gramm Drogen und 0 Materialien aus dem Depot genommen.
[01-01-2016 20:19:06]: Bonus hat 1000 $, 0 Gramm Drogen und 0 Materialien aus dem Depot genommen.
[01-01-2016 20:19:12]: Bonus hat 1000 $, 0 Gramm Drogen und 0 Materialien aus dem Depot genommen.
[01-01-2016 20:19:14]: Bonus hat 1000 $, 0 Gramm Drogen und 0 Materialien aus dem Depot genommen.
[01-01-2016 20:19:15]: Bonus hat 1000 $, 0 Gramm Drogen und 0 Materialien aus dem Depot genommen.
[01-01-2016 20:22:58]: Bonus hat 0 $, 0 Gramm Drogen und 1000 Materialien aus dem Depot genommen.
[01-01-2016 20:22:60]: Bonus hat 0 $, 0 Gramm Drogen und 1000 Materialien aus dem Depot genommen.
[01-01-2016 20:23:02]: Bonus hat 0 $, 0 Gramm Drogen und 1000 Materialien aus dem Depot genommen.
[01-01-2016 20:23:12]: Bonus hat 0 $, 0 Gramm Drogen und 1000 Materialien aus dem Depot genommen.
[01-01-2016 20:23:14]: Bonus hat 0 $, 0 Gramm Drogen und 1000 Materialien aus dem Depot genommen.
[01-01-2016 20:23:16]: Bonus hat 0 $, 0 Gramm Drogen und 1000 Materialien aus dem Depot genommen.
[01-01-2016 20:24:20]: Bonus hat 0 $, 0 Gramm Drogen und 6000 Materialien in das Depot gelegt.
[01-01-2016 20:24:23]: Bonus hat 0 $, 0 Gramm Drogen und 50 Materialien aus dem Depot genommen.
[01-01-2016 21:12:30]: Termi30 hat 0 $, 0 Gramm Drogen und 30 Materialien in das Depot gelegt.
[01-01-2016 22:57:10]: reaL hat 1000 $, 0 Gramm Drogen und 0 Materialien aus dem Depot genommen.
[01-01-2016 23:12:02]: [Utm]Nimo hat 3000 $, 0 Gramm Drogen und 0 Materialien aus dem Depot genommen.
[01-01-2016 23:54:56]: Tyrex hat 0 $, 0 Gramm Drogen und 21 Materialien in das Depot gelegt.
[02-01-2016 00:18:51]: Steckl hat 70000 $, 0 Gramm Drogen und 0 Materialien in das Depot gelegt.
[02-01-2016 00:29:60]: Steckl hat 200 $, 0 Gramm Drogen und 0 Materialien aus dem Depot genommen.
[02-01-2016 01:24:35]: [Utm]Nimo hat 1000 $, 0 Gramm Drogen und 0 Materialien aus dem Depot genommen.
[02-01-2016 01:39:03]: Bonus hat 0 $, 0 Gramm Drogen und 4081 Materialien aus dem Depot genommen.
[02-01-2016 01:39:06]: Bonus hat 0 $, 3120 Gramm Drogen und 0 Materialien aus dem Depot genommen.
[02-01-2016 01:39:09]: Bonus hat 32449 $, 0 Gramm Drogen und 0 Materialien aus dem Depot genommen.
[02-01-2016 01:40:19]: Siloxis hat 33390 $, 0 Gramm Drogen und 0 Materialien in das Depot gelegt.
[02-01-2016 01:40:24]: Siloxis hat 0 $, 0 Gramm Drogen und 4081 Materialien in das Depot gelegt.
[02-01-2016 01:40:29]: Siloxis hat 0 $, 3120 Gramm Drogen und 0 Materialien in das Depot gelegt.
[02-01-2016 12:20:39]: Martin_025 hat 0 $, 0 Gramm Drogen und 16 Materialien in das Depot gelegt.
[02-01-2016 12:50:49]: [Utm]Nimo hat 5000 $, 0 Gramm Drogen und 0 Materialien aus dem Depot genommen.
[02-01-2016 13:30:33]: [Utm]Nimo hat 0 $, 1500 Gramm Drogen und 0 Materialien in das Depot gelegt.
[02-01-2016 13:30:39]: [Utm]Nimo hat 0 $, 0 Gramm Drogen und 14 Materialien in das Depot gelegt.
[02-01-2016 13:30:49]: [Utm]Nimo hat 0 $, 4 Gramm Drogen und 0 Materialien in das Depot gelegt.
[02-01-2016 13:44:42]: Steckl hat 20000 $, 0 Gramm Drogen und 0 Materialien in das Depot gelegt.
[02-01-2016 14:41:04]: Steckl hat 500 $, 0 Gramm Drogen und 0 Materialien aus dem Depot genommen.
[02-01-2016 15:22:28]: Steckl hat 10 $, 0 Gramm Drogen und 0 Materialien aus dem Depot genommen.
[02-01-2016 15:23:16]: [Utm]Nimo hat 300 $, 0 Gramm Drogen und 0 Materialien aus dem Depot genommen.
[02-01-2016 15:23:26]: [Utm]Nimo hat 300 $, 0 Gramm Drogen und 0 Materialien aus dem Depot genommen.
[02-01-2016 15:37:39]: reaL hat 1000 $, 0 Gramm Drogen und 0 Materialien aus dem Depot genommen.
[02-01-2016 16:07:46]: Steckl hat 2000 $, 0 Gramm Drogen und 0 Materialien aus dem Depot genommen.
[02-01-2016 17:22:47]: Steckl hat 2000 $, 0 Gramm Drogen und 0 Materialien aus dem Depot genommen.
[02-01-2016 18:04:40]: twister01 hat 35000 $, 0 Gramm Drogen und 0 Materialien in das Depot gelegt.
[02-01-2016 18:06:45]: [Utm]Nimo hat 35000 $, 0 Gramm Drogen und 0 Materialien aus dem Depot genommen.
[02-01-2016 19:31:51]: [Utm]Nimo hat 400 $, 0 Gramm Drogen und 0 Materialien aus dem Depot genommen.
[02-01-2016 19:31:54]: [Utm]Nimo hat 400 $, 0 Gramm Drogen und 0 Materialien aus dem Depot genommen.
[02-01-2016 19:39:11]: Steckl hat 1500 $, 0 Gramm Drogen und 0 Materialien aus dem Depot genommen.
[02-01-2016 19:39:48]: Steckl hat 1000 $, 0 Gramm Drogen und 0 Materialien aus dem Depot genommen.
[02-01-2016 19:39:51]: Steckl hat 1000 $, 0 Gramm Drogen und 0 Materialien in das Depot gelegt.
[02-01-2016 19:39:56]: Steckl hat 1000 $, 0 Gramm Drogen und 0 Materialien aus dem Depot genommen.
[02-01-2016 19:39:56]: Steckl hat 1000 $, 0 Gramm Drogen und 0 Materialien in das Depot gelegt.
[02-01-2016 19:40:06]: Steckl hat 1000 $, 0 Gramm Drogen und 0 Materialien in das Depot gelegt.
[02-01-2016 20:42:17]: [Utm]Nimo hat 300 $, 0 Gramm Drogen und 0 Materialien aus dem Depot genommen.
[02-01-2016 21:10:01]: Creek- hat 20000 $ aus der Staatskasse genommen.
