[19-12-2015 13:29:08]: Pluz. hat an -2587.0362|307.2871|2.2403 Drogen angebaut.
[28-12-2015 03:54:53]: Bonus hat an -2017.2178|136.3203|25.1851 Drogen angebaut.
[28-12-2015 23:25:36]: Nasenspray hat an -1990.4922|528.6582|32.5548 Drogen angebaut.
[28-12-2015 23:26:30]: Nasenspray hat an -1990.4297|528.8603|32.5548 Drogen angebaut.
[28-12-2015 23:28:54]: Nasenspray hat an -1990.3985|528.7597|32.5548 Drogen angebaut.
[28-12-2015 23:29:40]: Nasenspray hat an -1990.1387|528.6816|32.5548 Drogen angebaut.
[28-12-2015 23:30:18]: Nasenspray hat an -1990.6944|528.9326|32.5548 Drogen angebaut.
[29-12-2015 00:07:15]: Nasenspray hat an -2654.125|627.6699|11.8361 Drogen angebaut.
[29-12-2015 00:07:26]: Bonus hat an -2653.1583|625.371|11.8361 Drogen angebaut.
[29-12-2015 00:08:09]: Bonus hat an -2653.9297|627.8291|11.8361 Drogen angebaut.
[29-12-2015 00:08:31]: Nasenspray hat an -2652.9219|625.3125|11.8361 Drogen angebaut.
[29-12-2015 00:08:54]: Bonus hat an -2654.4825|627.9746|11.8361 Drogen angebaut.
[29-12-2015 00:09:15]: Nasenspray hat an -2653.252|625.2089|11.8361 Drogen angebaut.
[29-12-2015 00:09:38]: Bonus hat an -2653.8096|627.6572|11.8361 Drogen angebaut.
[29-12-2015 00:10:12]: Nasenspray hat an -2653.2305|625.2353|11.8361 Drogen angebaut.
[29-12-2015 00:10:21]: Bonus hat an -2654.3624|627.9072|11.8361 Drogen angebaut.
[29-12-2015 00:11:11]: Bonus hat an -2654.1788|627.9218|11.8361 Drogen angebaut.
[29-12-2015 00:11:51]: Nasenspray hat an -2652.544|625.3251|11.8361 Drogen angebaut.
[29-12-2015 00:12:06]: Bonus hat an -2654.0772|627.8398|11.8361 Drogen angebaut.
[01-01-2016 20:22:01]: BruceWayne hat an -1237.4297|2954.8349|51.6218 Drogen angebaut.
[01-01-2016 20:22:47]: BruceWayne hat an -1238.9844|2952.3095|53.7255 Drogen angebaut.
[01-01-2016 20:23:32]: BruceWayne hat an -1242.501|2954.4462|51.3686 Drogen angebaut.
[01-01-2016 20:24:05]: BruceWayne hat an -1243.1016|2952.8906|52.7467 Drogen angebaut.
[01-01-2016 20:24:59]: BruceWayne hat an -1248.4053|2956.0917|50.9323 Drogen angebaut.
[01-01-2016 20:25:33]: BruceWayne hat an -1249.0909|2953.6484|53.0573 Drogen angebaut.
[01-01-2016 20:26:50]: BruceWayne hat an -1245.9112|2952.207|53.7504 Drogen angebaut.
[01-01-2016 20:27:25]: BruceWayne hat an -1244.3174|2957.1513|49.4181 Drogen angebaut.
[01-01-2016 20:29:36]: BruceWayne hat an -1249.6036|2959.7451|48.1027 Drogen angebaut.
[01-01-2016 20:30:10]: BruceWayne hat an -1244.3897|2961.1445|46.1317 Drogen angebaut.
[01-01-2016 20:30:49]: BruceWayne hat an -1242.8028|2959.0761|47.4954 Drogen angebaut.
[01-01-2016 20:31:26]: BruceWayne hat an -1239.1309|2958.5419|47.4592 Drogen angebaut.
[01-01-2016 20:31:59]: BruceWayne hat an -1237.8663|2956.7822|49.5307 Drogen angebaut.
[01-01-2016 20:32:34]: BruceWayne hat an -1235.0313|2957.9287|49.1853 Drogen angebaut.
[02-01-2016 00:08:09]: Siloxis hat an -2181.629|714.4785|51.2744 Drogen angebaut.
[02-01-2016 00:08:55]: Siloxis hat an -2186.9327|698.0166|53.8868 Drogen angebaut.
[02-01-2016 01:36:55]: Sophiemaus hat an -2023.3594|83.1572|25.5009 Drogen angebaut.
[02-01-2016 14:29:58]: [Utm]Nimo hat an -605.2305|1023.996|7.1535 Drogen angebaut.
[02-01-2016 14:30:31]: [Utm]Nimo hat an -604.7686|1019.9736|7.0719 Drogen angebaut.
[02-01-2016 14:31:06]: [Utm]Nimo hat an -605.2247|1027.8134|7.2054 Drogen angebaut.
[02-01-2016 14:31:41]: [Utm]Nimo hat an -608.1211|1024.9042|7.3314 Drogen angebaut.
